<?xml version="1.0" encoding="UTF-8"?>
<testsuite xmlns:xsi="http://www.w3.org/2001/XMLSchema-instance" xsi:noNamespaceSchemaLocation="https://maven.apache.org/surefire/maven-surefire-plugin/xsd/surefire-test-report.xsd" name="com.automation.runner.TestRunner" time="14.349" tests="30" errors="29" skipped="0" failures="0">
  <properties>
    <property name="sun.desktop" value="windows"/>
    <property name="awt.toolkit" value="sun.awt.windows.WToolkit"/>
    <property name="file.encoding.pkg" value="sun.io"/>
    <property name="java.specification.version" value="1.8"/>
    <property name="sun.cpu.isalist" value="amd64"/>
    <property name="sun.jnu.encoding" value="Cp1252"/>
    <property name="java.class.path" value="C:\Users\orian\Refund-Api\refundapi\target\test-classes;C:\Users\orian\Refund-Api\refundapi\target\classes;C:\Users\orian\.m2\repository\io\cucumber\cucumber-java\6.1.1\cucumber-java-6.1.1.jar;C:\Users\orian\.m2\repository\io\cucumber\cucumber-core\6.1.1\cucumber-core-6.1.1.jar;C:\Users\orian\.m2\repository\io\cucumber\cucumber-gherkin\6.1.1\cucumber-gherkin-6.1.1.jar;C:\Users\orian\.m2\repository\io\cucumber\cucumber-gherkin-messages\6.1.1\cucumber-gherkin-messages-6.1.1.jar;C:\Users\orian\.m2\repository\io\cucumber\messages\12.1.1\messages-12.1.1.jar;C:\Users\orian\.m2\repository\io\cucumber\tag-expressions\3.0.0\tag-expressions-3.0.0.jar;C:\Users\orian\.m2\repository\io\cucumber\cucumber-expressions\10.2.0\cucumber-expressions-10.2.0.jar;C:\Users\orian\.m2\repository\io\cucumber\datatable\3.3.1\datatable-3.3.1.jar;C:\Users\orian\.m2\repository\io\cucumber\cucumber-plugin\6.1.1\cucumber-plugin-6.1.1.jar;C:\Users\orian\.m2\repository\io\cucumber\docstring\6.1.1\docstring-6.1.1.jar;C:\Users\orian\.m2\repository\io\cucumber\html-formatter\6.0.3\html-formatter-6.0.3.jar;C:\Users\orian\.m2\repository\org\apiguardian\apiguardian-api\1.1.0\apiguardian-api-1.1.0.jar;C:\Users\orian\.m2\repository\io\cucumber\cucumber-junit\6.1.1\cucumber-junit-6.1.1.jar;C:\Users\orian\.m2\repository\junit\junit\4.13\junit-4.13.jar;C:\Users\orian\.m2\repository\org\hamcrest\hamcrest-core\1.3\hamcrest-core-1.3.jar;C:\Users\orian\.m2\repository\org\seleniumhq\selenium\selenium-java\3.141.59\selenium-java-3.141.59.jar;C:\Users\orian\.m2\repository\org\seleniumhq\selenium\selenium-api\3.141.59\selenium-api-3.141.59.jar;C:\Users\orian\.m2\repository\org\seleniumhq\selenium\selenium-chrome-driver\3.141.59\selenium-chrome-driver-3.141.59.jar;C:\Users\orian\.m2\repository\org\seleniumhq\selenium\selenium-edge-driver\3.141.59\selenium-edge-driver-3.141.59.jar;C:\Users\orian\.m2\repository\org\seleniumhq\selenium\selenium-firefox-driver\3.141.59\selenium-firefox-driver-3.141.59.jar;C:\Users\orian\.m2\repository\org\seleniumhq\selenium\selenium-ie-driver\3.141.59\selenium-ie-driver-3.141.59.jar;C:\Users\orian\.m2\repository\org\seleniumhq\selenium\selenium-opera-driver\3.141.59\selenium-opera-driver-3.141.59.jar;C:\Users\orian\.m2\repository\org\seleniumhq\selenium\selenium-remote-driver\3.141.59\selenium-remote-driver-3.141.59.jar;C:\Users\orian\.m2\repository\org\seleniumhq\selenium\selenium-safari-driver\3.141.59\selenium-safari-driver-3.141.59.jar;C:\Users\orian\.m2\repository\org\seleniumhq\selenium\selenium-support\3.141.59\selenium-support-3.141.59.jar;C:\Users\orian\.m2\repository\net\bytebuddy\byte-buddy\1.8.15\byte-buddy-1.8.15.jar;C:\Users\orian\.m2\repository\org\apache\commons\commons-exec\1.3\commons-exec-1.3.jar;C:\Users\orian\.m2\repository\com\google\guava\guava\25.0-jre\guava-25.0-jre.jar;C:\Users\orian\.m2\repository\com\google\code\findbugs\jsr305\1.3.9\jsr305-1.3.9.jar;C:\Users\orian\.m2\repository\org\checkerframework\checker-compat-qual\2.0.0\checker-compat-qual-2.0.0.jar;C:\Users\orian\.m2\repository\com\google\errorprone\error_prone_annotations\2.1.3\error_prone_annotations-2.1.3.jar;C:\Users\orian\.m2\repository\com\google\j2objc\j2objc-annotations\1.1\j2objc-annotations-1.1.jar;C:\Users\orian\.m2\repository\org\codehaus\mojo\animal-sniffer-annotations\1.14\animal-sniffer-annotations-1.14.jar;C:\Users\orian\.m2\repository\com\squareup\okhttp3\okhttp\3.11.0\okhttp-3.11.0.jar;C:\Users\orian\.m2\repository\com\squareup\okio\okio\1.14.0\okio-1.14.0.jar;C:\Users\orian\.m2\repository\org\hibernate\hibernate-core\5.6.1.Final\hibernate-core-5.6.1.Final.jar;C:\Users\orian\.m2\repository\org\jboss\logging\jboss-logging\3.4.2.Final\jboss-logging-3.4.2.Final.jar;C:\Users\orian\.m2\repository\javax\persistence\javax.persistence-api\2.2\javax.persistence-api-2.2.jar;C:\Users\orian\.m2\repository\antlr\antlr\2.7.7\antlr-2.7.7.jar;C:\Users\orian\.m2\repository\org\jboss\spec\javax\transaction\jboss-transaction-api_1.2_spec\1.1.1.Final\jboss-transaction-api_1.2_spec-1.1.1.Final.jar;C:\Users\orian\.m2\repository\org\jboss\jandex\2.2.3.Final\jandex-2.2.3.Final.jar;C:\Users\orian\.m2\repository\com\fasterxml\classmate\1.5.1\classmate-1.5.1.jar;C:\Users\orian\.m2\repository\javax\activation\javax.activation-api\1.2.0\javax.activation-api-1.2.0.jar;C:\Users\orian\.m2\repository\org\hibernate\common\hibernate-commons-annotations\5.1.2.Final\hibernate-commons-annotations-5.1.2.Final.jar;C:\Users\orian\.m2\repository\javax\xml\bind\jaxb-api\2.3.1\jaxb-api-2.3.1.jar;C:\Users\orian\.m2\repository\org\glassfish\jaxb\jaxb-runtime\2.3.1\jaxb-runtime-2.3.1.jar;C:\Users\orian\.m2\repository\org\glassfish\jaxb\txw2\2.3.1\txw2-2.3.1.jar;C:\Users\orian\.m2\repository\com\sun\istack\istack-commons-runtime\3.0.7\istack-commons-runtime-3.0.7.jar;C:\Users\orian\.m2\repository\org\jvnet\staxex\stax-ex\1.8\stax-ex-1.8.jar;C:\Users\orian\.m2\repository\com\sun\xml\fastinfoset\FastInfoset\1.2.15\FastInfoset-1.2.15.jar;C:\Users\orian\.m2\repository\org\postgresql\postgresql\42.4.0\postgresql-42.4.0.jar;C:\Users\orian\.m2\repository\org\checkerframework\checker-qual\3.5.0\checker-qual-3.5.0.jar;C:\Users\orian\.m2\repository\org\mockito\mockito-all\2.0.2-beta\mockito-all-2.0.2-beta.jar;C:\Users\orian\.m2\repository\io\javalin\javalin-bundle\4.6.4\javalin-bundle-4.6.4.jar;C:\Users\orian\.m2\repository\io\javalin\javalin\4.6.4\javalin-4.6.4.jar;C:\Users\orian\.m2\repository\org\slf4j\slf4j-api\1.7.36\slf4j-api-1.7.36.jar;C:\Users\orian\.m2\repository\org\eclipse\jetty\jetty-server\9.4.48.v20220622\jetty-server-9.4.48.v20220622.jar;C:\Users\orian\.m2\repository\javax\servlet\javax.servlet-api\3.1.0\javax.servlet-api-3.1.0.jar;C:\Users\orian\.m2\repository\org\eclipse\jetty\jetty-http\9.4.48.v20220622\jetty-http-9.4.48.v20220622.jar;C:\Users\orian\.m2\repository\org\eclipse\jetty\jetty-webapp\9.4.48.v20220622\jetty-webapp-9.4.48.v20220622.jar;C:\Users\orian\.m2\repository\org\eclipse\jetty\jetty-xml\9.4.48.v20220622\jetty-xml-9.4.48.v20220622.jar;C:\Users\orian\.m2\repository\org\eclipse\jetty\jetty-servlet\9.4.48.v20220622\jetty-servlet-9.4.48.v20220622.jar;C:\Users\orian\.m2\repository\org\eclipse\jetty\jetty-security\9.4.48.v20220622\jetty-security-9.4.48.v20220622.jar;C:\Users\orian\.m2\repository\org\eclipse\jetty\jetty-util-ajax\9.4.48.v20220622\jetty-util-ajax-9.4.48.v20220622.jar;C:\Users\orian\.m2\repository\org\eclipse\jetty\websocket\websocket-server\9.4.48.v20220622\websocket-server-9.4.48.v20220622.jar;C:\Users\orian\.m2\repository\org\eclipse\jetty\websocket\websocket-common\9.4.48.v20220622\websocket-common-9.4.48.v20220622.jar;C:\Users\orian\.m2\repository\org\eclipse\jetty\websocket\websocket-api\9.4.48.v20220622\websocket-api-9.4.48.v20220622.jar;C:\Users\orian\.m2\repository\org\eclipse\jetty\websocket\websocket-client\9.4.48.v20220622\websocket-client-9.4.48.v20220622.jar;C:\Users\orian\.m2\repository\org\eclipse\jetty\jetty-client\9.4.48.v20220622\jetty-client-9.4.48.v20220622.jar;C:\Users\orian\.m2\repository\org\eclipse\jetty\websocket\websocket-servlet\9.4.48.v20220622\websocket-servlet-9.4.48.v20220622.jar;C:\Users\orian\.m2\repository\io\javalin\javalin-openapi\4.6.4\javalin-openapi-4.6.4.jar;C:\Users\orian\.m2\repository\io\swagger\core\v3\swagger-models\2.1.10\swagger-models-2.1.10.jar;C:\Users\orian\.m2\repository\io\swagger\parser\v3\swagger-parser\2.0.27\swagger-parser-2.0.27.jar;C:\Users\orian\.m2\repository\io\swagger\parser\v3\swagger-parser-v2-converter\2.0.27\swagger-parser-v2-converter-2.0.27.jar;C:\Users\orian\.m2\repository\io\swagger\swagger-core\1.6.2\swagger-core-1.6.2.jar;C:\Users\orian\.m2\repository\io\swagger\swagger-models\1.6.2\swagger-models-1.6.2.jar;C:\Users\orian\.m2\repository\io\swagger\swagger-annotations\1.6.2\swagger-annotations-1.6.2.jar;C:\Users\orian\.m2\repository\io\swagger\swagger-parser\1.0.55\swagger-parser-1.0.55.jar;C:\Users\orian\.m2\repository\io\swagger\swagger-compat-spec-parser\1.0.55\swagger-compat-spec-parser-1.0.55.jar;C:\Users\orian\.m2\repository\com\github\java-json-tools\json-schema-validator\2.2.14\json-schema-validator-2.2.14.jar;C:\Users\orian\.m2\repository\com\github\java-json-tools\jackson-coreutils-equivalence\1.0\jackson-coreutils-equivalence-1.0.jar;C:\Users\orian\.m2\repository\com\github\java-json-tools\json-schema-core\1.2.14\json-schema-core-1.2.14.jar;C:\Users\orian\.m2\repository\com\github\java-json-tools\uri-template\0.10\uri-template-0.10.jar;C:\Users\orian\.m2\repository\org\mozilla\rhino\1.7.7.2\rhino-1.7.7.2.jar;C:\Users\orian\.m2\repository\com\sun\mail\mailapi\1.6.2\mailapi-1.6.2.jar;C:\Users\orian\.m2\repository\joda-time\joda-time\2.10.5\joda-time-2.10.5.jar;C:\Users\orian\.m2\repository\com\googlecode\libphonenumber\libphonenumber\8.11.1\libphonenumber-8.11.1.jar;C:\Users\orian\.m2\repository\net\sf\jopt-simple\jopt-simple\5.0.4\jopt-simple-5.0.4.jar;C:\Users\orian\.m2\repository\com\github\java-json-tools\json-patch\1.13\json-patch-1.13.jar;C:\Users\orian\.m2\repository\com\github\java-json-tools\msg-simple\1.2\msg-simple-1.2.jar;C:\Users\orian\.m2\repository\com\github\java-json-tools\btf\1.3\btf-1.3.jar;C:\Users\orian\.m2\repository\com\github\java-json-tools\jackson-coreutils\2.0\jackson-coreutils-2.0.jar;C:\Users\orian\.m2\repository\org\apache\httpcomponents\httpclient\4.5.2\httpclient-4.5.2.jar;C:\Users\orian\.m2\repository\org\apache\httpcomponents\httpcore\4.4.4\httpcore-4.4.4.jar;C:\Users\orian\.m2\repository\commons-logging\commons-logging\1.2\commons-logging-1.2.jar;C:\Users\orian\.m2\repository\commons-codec\commons-codec\1.9\commons-codec-1.9.jar;C:\Users\orian\.m2\repository\io\swagger\parser\v3\swagger-parser-core\2.0.27\swagger-parser-core-2.0.27.jar;C:\Users\orian\.m2\repository\io\swagger\parser\v3\swagger-parser-v3\2.0.27\swagger-parser-v3-2.0.27.jar;C:\Users\orian\.m2\repository\com\fasterxml\jackson\dataformat\jackson-dataformat-yaml\2.12.1\jackson-dataformat-yaml-2.12.1.jar;C:\Users\orian\.m2\repository\org\yaml\snakeyaml\1.27\snakeyaml-1.27.jar;C:\Users\orian\.m2\repository\commons-io\commons-io\2.6\commons-io-2.6.jar;C:\Users\orian\.m2\repository\org\webjars\npm\redoc\2.0.0-rc.45\redoc-2.0.0-rc.45.jar;C:\Users\orian\.m2\repository\org\webjars\swagger-ui\4.10.3\swagger-ui-4.10.3.jar;C:\Users\orian\.m2\repository\io\github\classgraph\classgraph\4.8.102\classgraph-4.8.102.jar;C:\Users\orian\.m2\repository\cc\vileda\kotlin-openapi3-dsl\1.0.0\kotlin-openapi3-dsl-1.0.0.jar;C:\Users\orian\.m2\repository\io\swagger\core\v3\swagger-core\2.1.4\swagger-core-2.1.4.jar;C:\Users\orian\.m2\repository\jakarta\xml\bind\jakarta.xml.bind-api\2.3.2\jakarta.xml.bind-api-2.3.2.jar;C:\Users\orian\.m2\repository\jakarta\activation\jakarta.activation-api\1.2.1\jakarta.activation-api-1.2.1.jar;C:\Users\orian\.m2\repository\org\apache\commons\commons-lang3\3.7\commons-lang3-3.7.jar;C:\Users\orian\.m2\repository\io\swagger\core\v3\swagger-annotations\2.1.4\swagger-annotations-2.1.4.jar;C:\Users\orian\.m2\repository\jakarta\validation\jakarta.validation-api\2.0.2\jakarta.validation-api-2.0.2.jar;C:\Users\orian\.m2\repository\com\fasterxml\jackson\module\jackson-module-jsonSchema\2.11.2\jackson-module-jsonSchema-2.11.2.jar;C:\Users\orian\.m2\repository\javax\validation\validation-api\1.1.0.Final\validation-api-1.1.0.Final.jar;C:\Users\orian\.m2\repository\com\fasterxml\jackson\datatype\jackson-datatype-json-org\2.11.2\jackson-datatype-json-org-2.11.2.jar;C:\Users\orian\.m2\repository\org\json\json\20190722\json-20190722.jar;C:\Users\orian\.m2\repository\com\reprezen\kaizen\openapi-parser\4.0.4\openapi-parser-4.0.4.jar;C:\Users\orian\.m2\repository\com\reprezen\jsonoverlay\jsonoverlay\4.0.4\jsonoverlay-4.0.4.jar;C:\Users\orian\.m2\repository\javax\mail\javax.mail-api\1.6.1\javax.mail-api-1.6.1.jar;C:\Users\orian\.m2\repository\javax\activation\activation\1.1\activation-1.1.jar;C:\Users\orian\.m2\repository\com\sun\mail\javax.mail\1.6.1\javax.mail-1.6.1.jar;C:\Users\orian\.m2\repository\io\javalin\javalin-testtools\4.6.4\javalin-testtools-4.6.4.jar;C:\Users\orian\.m2\repository\com\fasterxml\jackson\core\jackson-databind\2.13.3\jackson-databind-2.13.3.jar;C:\Users\orian\.m2\repository\com\fasterxml\jackson\core\jackson-annotations\2.13.3\jackson-annotations-2.13.3.jar;C:\Users\orian\.m2\repository\com\fasterxml\jackson\core\jackson-core\2.13.3\jackson-core-2.13.3.jar;C:\Users\orian\.m2\repository\com\fasterxml\jackson\module\jackson-module-kotlin\2.13.3\jackson-module-kotlin-2.13.3.jar;C:\Users\orian\.m2\repository\org\jetbrains\kotlin\kotlin-reflect\1.5.30\kotlin-reflect-1.5.30.jar;C:\Users\orian\.m2\repository\com\fasterxml\jackson\datatype\jackson-datatype-jsr310\2.13.3\jackson-datatype-jsr310-2.13.3.jar;C:\Users\orian\.m2\repository\org\eclipse\jetty\http2\http2-server\9.4.48.v20220622\http2-server-9.4.48.v20220622.jar;C:\Users\orian\.m2\repository\org\eclipse\jetty\http2\http2-common\9.4.48.v20220622\http2-common-9.4.48.v20220622.jar;C:\Users\orian\.m2\repository\org\eclipse\jetty\http2\http2-hpack\9.4.48.v20220622\http2-hpack-9.4.48.v20220622.jar;C:\Users\orian\.m2\repository\org\eclipse\jetty\jetty-alpn-conscrypt-server\9.4.48.v20220622\jetty-alpn-conscrypt-server-9.4.48.v20220622.jar;C:\Users\orian\.m2\repository\org\conscrypt\conscrypt-openjdk-uber\2.5.2\conscrypt-openjdk-uber-2.5.2.jar;C:\Users\orian\.m2\repository\org\eclipse\jetty\jetty-alpn-server\9.4.48.v20220622\jetty-alpn-server-9.4.48.v20220622.jar;C:\Users\orian\.m2\repository\org\eclipse\jetty\jetty-io\9.4.48.v20220622\jetty-io-9.4.48.v20220622.jar;C:\Users\orian\.m2\repository\org\eclipse\jetty\jetty-util\9.4.48.v20220622\jetty-util-9.4.48.v20220622.jar;C:\Users\orian\.m2\repository\ch\qos\logback\logback-classic\1.2.11\logback-classic-1.2.11.jar;C:\Users\orian\.m2\repository\ch\qos\logback\logback-core\1.2.11\logback-core-1.2.11.jar;C:\Users\orian\.m2\repository\org\jetbrains\kotlin\kotlin-stdlib-jdk8\1.5.32\kotlin-stdlib-jdk8-1.5.32.jar;C:\Users\orian\.m2\repository\org\jetbrains\kotlin\kotlin-stdlib\1.5.32\kotlin-stdlib-1.5.32.jar;C:\Users\orian\.m2\repository\org\jetbrains\annotations\13.0\annotations-13.0.jar;C:\Users\orian\.m2\repository\org\jetbrains\kotlin\kotlin-stdlib-common\1.5.32\kotlin-stdlib-common-1.5.32.jar;C:\Users\orian\.m2\repository\org\jetbrains\kotlin\kotlin-stdlib-jdk7\1.5.32\kotlin-stdlib-jdk7-1.5.32.jar;C:\Users\orian\.m2\repository\com\google\code\gson\gson\2.9.0\gson-2.9.0.jar;"/>
    <property name="java.vm.vendor" value="Temurin"/>
    <property name="sun.arch.data.model" value="64"/>
    <property name="user.variant" value=""/>
    <property name="java.vendor.url" value="https://adoptium.net/"/>
    <property name="user.timezone" value="America/Los_Angeles"/>
    <property name="java.vm.specification.version" value="1.8"/>
    <property name="os.name" value="Windows 10"/>
    <property name="user.country" value="US"/>
    <property name="sun.java.launcher" value="SUN_STANDARD"/>
    <property name="sun.boot.library.path" value="C:\Program Files\Eclipse Adoptium\jdk-8.0.332.9-hotspot\jre\bin"/>
    <property name="sun.java.command" value="C:\Users\orian\AppData\Local\Temp\surefire6304847663069077524\surefirebooter9004470924725664124.jar C:\Users\orian\AppData\Local\Temp\surefire6304847663069077524 2022-07-20T21-24-52_335-jvmRun1 surefire629214055617103306tmp surefire_05991407308652412621tmp"/>
    <property name="surefire.test.class.path" value="C:\Users\orian\Refund-Api\refundapi\target\test-classes;C:\Users\orian\Refund-Api\refundapi\target\classes;C:\Users\orian\.m2\repository\io\cucumber\cucumber-java\6.1.1\cucumber-java-6.1.1.jar;C:\Users\orian\.m2\repository\io\cucumber\cucumber-core\6.1.1\cucumber-core-6.1.1.jar;C:\Users\orian\.m2\repository\io\cucumber\cucumber-gherkin\6.1.1\cucumber-gherkin-6.1.1.jar;C:\Users\orian\.m2\repository\io\cucumber\cucumber-gherkin-messages\6.1.1\cucumber-gherkin-messages-6.1.1.jar;C:\Users\orian\.m2\repository\io\cucumber\messages\12.1.1\messages-12.1.1.jar;C:\Users\orian\.m2\repository\io\cucumber\tag-expressions\3.0.0\tag-expressions-3.0.0.jar;C:\Users\orian\.m2\repository\io\cucumber\cucumber-expressions\10.2.0\cucumber-expressions-10.2.0.jar;C:\Users\orian\.m2\repository\io\cucumber\datatable\3.3.1\datatable-3.3.1.jar;C:\Users\orian\.m2\repository\io\cucumber\cucumber-plugin\6.1.1\cucumber-plugin-6.1.1.jar;C:\Users\orian\.m2\repository\io\cucumber\docstring\6.1.1\docstring-6.1.1.jar;C:\Users\orian\.m2\repository\io\cucumber\html-formatter\6.0.3\html-formatter-6.0.3.jar;C:\Users\orian\.m2\repository\org\apiguardian\apiguardian-api\1.1.0\apiguardian-api-1.1.0.jar;C:\Users\orian\.m2\repository\io\cucumber\cucumber-junit\6.1.1\cucumber-junit-6.1.1.jar;C:\Users\orian\.m2\repository\junit\junit\4.13\junit-4.13.jar;C:\Users\orian\.m2\repository\org\hamcrest\hamcrest-core\1.3\hamcrest-core-1.3.jar;C:\Users\orian\.m2\repository\org\seleniumhq\selenium\selenium-java\3.141.59\selenium-java-3.141.59.jar;C:\Users\orian\.m2\repository\org\seleniumhq\selenium\selenium-api\3.141.59\selenium-api-3.141.59.jar;C:\Users\orian\.m2\repository\org\seleniumhq\selenium\selenium-chrome-driver\3.141.59\selenium-chrome-driver-3.141.59.jar;C:\Users\orian\.m2\repository\org\seleniumhq\selenium\selenium-edge-driver\3.141.59\selenium-edge-driver-3.141.59.jar;C:\Users\orian\.m2\repository\org\seleniumhq\selenium\selenium-firefox-driver\3.141.59\selenium-firefox-driver-3.141.59.jar;C:\Users\orian\.m2\repository\org\seleniumhq\selenium\selenium-ie-driver\3.141.59\selenium-ie-driver-3.141.59.jar;C:\Users\orian\.m2\repository\org\seleniumhq\selenium\selenium-opera-driver\3.141.59\selenium-opera-driver-3.141.59.jar;C:\Users\orian\.m2\repository\org\seleniumhq\selenium\selenium-remote-driver\3.141.59\selenium-remote-driver-3.141.59.jar;C:\Users\orian\.m2\repository\org\seleniumhq\selenium\selenium-safari-driver\3.141.59\selenium-safari-driver-3.141.59.jar;C:\Users\orian\.m2\repository\org\seleniumhq\selenium\selenium-support\3.141.59\selenium-support-3.141.59.jar;C:\Users\orian\.m2\repository\net\bytebuddy\byte-buddy\1.8.15\byte-buddy-1.8.15.jar;C:\Users\orian\.m2\repository\org\apache\commons\commons-exec\1.3\commons-exec-1.3.jar;C:\Users\orian\.m2\repository\com\google\guava\guava\25.0-jre\guava-25.0-jre.jar;C:\Users\orian\.m2\repository\com\google\code\findbugs\jsr305\1.3.9\jsr305-1.3.9.jar;C:\Users\orian\.m2\repository\org\checkerframework\checker-compat-qual\2.0.0\checker-compat-qual-2.0.0.jar;C:\Users\orian\.m2\repository\com\google\errorprone\error_prone_annotations\2.1.3\error_prone_annotations-2.1.3.jar;C:\Users\orian\.m2\repository\com\google\j2objc\j2objc-annotations\1.1\j2objc-annotations-1.1.jar;C:\Users\orian\.m2\repository\org\codehaus\mojo\animal-sniffer-annotations\1.14\animal-sniffer-annotations-1.14.jar;C:\Users\orian\.m2\repository\com\squareup\okhttp3\okhttp\3.11.0\okhttp-3.11.0.jar;C:\Users\orian\.m2\repository\com\squareup\okio\okio\1.14.0\okio-1.14.0.jar;C:\Users\orian\.m2\repository\org\hibernate\hibernate-core\5.6.1.Final\hibernate-core-5.6.1.Final.jar;C:\Users\orian\.m2\repository\org\jboss\logging\jboss-logging\3.4.2.Final\jboss-logging-3.4.2.Final.jar;C:\Users\orian\.m2\repository\javax\persistence\javax.persistence-api\2.2\javax.persistence-api-2.2.jar;C:\Users\orian\.m2\repository\antlr\antlr\2.7.7\antlr-2.7.7.jar;C:\Users\orian\.m2\repository\org\jboss\spec\javax\transaction\jboss-transaction-api_1.2_spec\1.1.1.Final\jboss-transaction-api_1.2_spec-1.1.1.Final.jar;C:\Users\orian\.m2\repository\org\jboss\jandex\2.2.3.Final\jandex-2.2.3.Final.jar;C:\Users\orian\.m2\repository\com\fasterxml\classmate\1.5.1\classmate-1.5.1.jar;C:\Users\orian\.m2\repository\javax\activation\javax.activation-api\1.2.0\javax.activation-api-1.2.0.jar;C:\Users\orian\.m2\repository\org\hibernate\common\hibernate-commons-annotations\5.1.2.Final\hibernate-commons-annotations-5.1.2.Final.jar;C:\Users\orian\.m2\repository\javax\xml\bind\jaxb-api\2.3.1\jaxb-api-2.3.1.jar;C:\Users\orian\.m2\repository\org\glassfish\jaxb\jaxb-runtime\2.3.1\jaxb-runtime-2.3.1.jar;C:\Users\orian\.m2\repository\org\glassfish\jaxb\txw2\2.3.1\txw2-2.3.1.jar;C:\Users\orian\.m2\repository\com\sun\istack\istack-commons-runtime\3.0.7\istack-commons-runtime-3.0.7.jar;C:\Users\orian\.m2\repository\org\jvnet\staxex\stax-ex\1.8\stax-ex-1.8.jar;C:\Users\orian\.m2\repository\com\sun\xml\fastinfoset\FastInfoset\1.2.15\FastInfoset-1.2.15.jar;C:\Users\orian\.m2\repository\org\postgresql\postgresql\42.4.0\postgresql-42.4.0.jar;C:\Users\orian\.m2\repository\org\checkerframework\checker-qual\3.5.0\checker-qual-3.5.0.jar;C:\Users\orian\.m2\repository\org\mockito\mockito-all\2.0.2-beta\mockito-all-2.0.2-beta.jar;C:\Users\orian\.m2\repository\io\javalin\javalin-bundle\4.6.4\javalin-bundle-4.6.4.jar;C:\Users\orian\.m2\repository\io\javalin\javalin\4.6.4\javalin-4.6.4.jar;C:\Users\orian\.m2\repository\org\slf4j\slf4j-api\1.7.36\slf4j-api-1.7.36.jar;C:\Users\orian\.m2\repository\org\eclipse\jetty\jetty-server\9.4.48.v20220622\jetty-server-9.4.48.v20220622.jar;C:\Users\orian\.m2\repository\javax\servlet\javax.servlet-api\3.1.0\javax.servlet-api-3.1.0.jar;C:\Users\orian\.m2\repository\org\eclipse\jetty\jetty-http\9.4.48.v20220622\jetty-http-9.4.48.v20220622.jar;C:\Users\orian\.m2\repository\org\eclipse\jetty\jetty-webapp\9.4.48.v20220622\jetty-webapp-9.4.48.v20220622.jar;C:\Users\orian\.m2\repository\org\eclipse\jetty\jetty-xml\9.4.48.v20220622\jetty-xml-9.4.48.v20220622.jar;C:\Users\orian\.m2\repository\org\eclipse\jetty\jetty-servlet\9.4.48.v20220622\jetty-servlet-9.4.48.v20220622.jar;C:\Users\orian\.m2\repository\org\eclipse\jetty\jetty-security\9.4.48.v20220622\jetty-security-9.4.48.v20220622.jar;C:\Users\orian\.m2\repository\org\eclipse\jetty\jetty-util-ajax\9.4.48.v20220622\jetty-util-ajax-9.4.48.v20220622.jar;C:\Users\orian\.m2\repository\org\eclipse\jetty\websocket\websocket-server\9.4.48.v20220622\websocket-server-9.4.48.v20220622.jar;C:\Users\orian\.m2\repository\org\eclipse\jetty\websocket\websocket-common\9.4.48.v20220622\websocket-common-9.4.48.v20220622.jar;C:\Users\orian\.m2\repository\org\eclipse\jetty\websocket\websocket-api\9.4.48.v20220622\websocket-api-9.4.48.v20220622.jar;C:\Users\orian\.m2\repository\org\eclipse\jetty\websocket\websocket-client\9.4.48.v20220622\websocket-client-9.4.48.v20220622.jar;C:\Users\orian\.m2\repository\org\eclipse\jetty\jetty-client\9.4.48.v20220622\jetty-client-9.4.48.v20220622.jar;C:\Users\orian\.m2\repository\org\eclipse\jetty\websocket\websocket-servlet\9.4.48.v20220622\websocket-servlet-9.4.48.v20220622.jar;C:\Users\orian\.m2\repository\io\javalin\javalin-openapi\4.6.4\javalin-openapi-4.6.4.jar;C:\Users\orian\.m2\repository\io\swagger\core\v3\swagger-models\2.1.10\swagger-models-2.1.10.jar;C:\Users\orian\.m2\repository\io\swagger\parser\v3\swagger-parser\2.0.27\swagger-parser-2.0.27.jar;C:\Users\orian\.m2\repository\io\swagger\parser\v3\swagger-parser-v2-converter\2.0.27\swagger-parser-v2-converter-2.0.27.jar;C:\Users\orian\.m2\repository\io\swagger\swagger-core\1.6.2\swagger-core-1.6.2.jar;C:\Users\orian\.m2\repository\io\swagger\swagger-models\1.6.2\swagger-models-1.6.2.jar;C:\Users\orian\.m2\repository\io\swagger\swagger-annotations\1.6.2\swagger-annotations-1.6.2.jar;C:\Users\orian\.m2\repository\io\swagger\swagger-parser\1.0.55\swagger-parser-1.0.55.jar;C:\Users\orian\.m2\repository\io\swagger\swagger-compat-spec-parser\1.0.55\swagger-compat-spec-parser-1.0.55.jar;C:\Users\orian\.m2\repository\com\github\java-json-tools\json-schema-validator\2.2.14\json-schema-validator-2.2.14.jar;C:\Users\orian\.m2\repository\com\github\java-json-tools\jackson-coreutils-equivalence\1.0\jackson-coreutils-equivalence-1.0.jar;C:\Users\orian\.m2\repository\com\github\java-json-tools\json-schema-core\1.2.14\json-schema-core-1.2.14.jar;C:\Users\orian\.m2\repository\com\github\java-json-tools\uri-template\0.10\uri-template-0.10.jar;C:\Users\orian\.m2\repository\org\mozilla\rhino\1.7.7.2\rhino-1.7.7.2.jar;C:\Users\orian\.m2\repository\com\sun\mail\mailapi\1.6.2\mailapi-1.6.2.jar;C:\Users\orian\.m2\repository\joda-time\joda-time\2.10.5\joda-time-2.10.5.jar;C:\Users\orian\.m2\repository\com\googlecode\libphonenumber\libphonenumber\8.11.1\libphonenumber-8.11.1.jar;C:\Users\orian\.m2\repository\net\sf\jopt-simple\jopt-simple\5.0.4\jopt-simple-5.0.4.jar;C:\Users\orian\.m2\repository\com\github\java-json-tools\json-patch\1.13\json-patch-1.13.jar;C:\Users\orian\.m2\repository\com\github\java-json-tools\msg-simple\1.2\msg-simple-1.2.jar;C:\Users\orian\.m2\repository\com\github\java-json-tools\btf\1.3\btf-1.3.jar;C:\Users\orian\.m2\repository\com\github\java-json-tools\jackson-coreutils\2.0\jackson-coreutils-2.0.jar;C:\Users\orian\.m2\repository\org\apache\httpcomponents\httpclient\4.5.2\httpclient-4.5.2.jar;C:\Users\orian\.m2\repository\org\apache\httpcomponents\httpcore\4.4.4\httpcore-4.4.4.jar;C:\Users\orian\.m2\repository\commons-logging\commons-logging\1.2\commons-logging-1.2.jar;C:\Users\orian\.m2\repository\commons-codec\commons-codec\1.9\commons-codec-1.9.jar;C:\Users\orian\.m2\repository\io\swagger\parser\v3\swagger-parser-core\2.0.27\swagger-parser-core-2.0.27.jar;C:\Users\orian\.m2\repository\io\swagger\parser\v3\swagger-parser-v3\2.0.27\swagger-parser-v3-2.0.27.jar;C:\Users\orian\.m2\repository\com\fasterxml\jackson\dataformat\jackson-dataformat-yaml\2.12.1\jackson-dataformat-yaml-2.12.1.jar;C:\Users\orian\.m2\repository\org\yaml\snakeyaml\1.27\snakeyaml-1.27.jar;C:\Users\orian\.m2\repository\commons-io\commons-io\2.6\commons-io-2.6.jar;C:\Users\orian\.m2\repository\org\webjars\npm\redoc\2.0.0-rc.45\redoc-2.0.0-rc.45.jar;C:\Users\orian\.m2\repository\org\webjars\swagger-ui\4.10.3\swagger-ui-4.10.3.jar;C:\Users\orian\.m2\repository\io\github\classgraph\classgraph\4.8.102\classgraph-4.8.102.jar;C:\Users\orian\.m2\repository\cc\vileda\kotlin-openapi3-dsl\1.0.0\kotlin-openapi3-dsl-1.0.0.jar;C:\Users\orian\.m2\repository\io\swagger\core\v3\swagger-core\2.1.4\swagger-core-2.1.4.jar;C:\Users\orian\.m2\repository\jakarta\xml\bind\jakarta.xml.bind-api\2.3.2\jakarta.xml.bind-api-2.3.2.jar;C:\Users\orian\.m2\repository\jakarta\activation\jakarta.activation-api\1.2.1\jakarta.activation-api-1.2.1.jar;C:\Users\orian\.m2\repository\org\apache\commons\commons-lang3\3.7\commons-lang3-3.7.jar;C:\Users\orian\.m2\repository\io\swagger\core\v3\swagger-annotations\2.1.4\swagger-annotations-2.1.4.jar;C:\Users\orian\.m2\repository\jakarta\validation\jakarta.validation-api\2.0.2\jakarta.validation-api-2.0.2.jar;C:\Users\orian\.m2\repository\com\fasterxml\jackson\module\jackson-module-jsonSchema\2.11.2\jackson-module-jsonSchema-2.11.2.jar;C:\Users\orian\.m2\repository\javax\validation\validation-api\1.1.0.Final\validation-api-1.1.0.Final.jar;C:\Users\orian\.m2\repository\com\fasterxml\jackson\datatype\jackson-datatype-json-org\2.11.2\jackson-datatype-json-org-2.11.2.jar;C:\Users\orian\.m2\repository\org\json\json\20190722\json-20190722.jar;C:\Users\orian\.m2\repository\com\reprezen\kaizen\openapi-parser\4.0.4\openapi-parser-4.0.4.jar;C:\Users\orian\.m2\repository\com\reprezen\jsonoverlay\jsonoverlay\4.0.4\jsonoverlay-4.0.4.jar;C:\Users\orian\.m2\repository\javax\mail\javax.mail-api\1.6.1\javax.mail-api-1.6.1.jar;C:\Users\orian\.m2\repository\javax\activation\activation\1.1\activation-1.1.jar;C:\Users\orian\.m2\repository\com\sun\mail\javax.mail\1.6.1\javax.mail-1.6.1.jar;C:\Users\orian\.m2\repository\io\javalin\javalin-testtools\4.6.4\javalin-testtools-4.6.4.jar;C:\Users\orian\.m2\repository\com\fasterxml\jackson\core\jackson-databind\2.13.3\jackson-databind-2.13.3.jar;C:\Users\orian\.m2\repository\com\fasterxml\jackson\core\jackson-annotations\2.13.3\jackson-annotations-2.13.3.jar;C:\Users\orian\.m2\repository\com\fasterxml\jackson\core\jackson-core\2.13.3\jackson-core-2.13.3.jar;C:\Users\orian\.m2\repository\com\fasterxml\jackson\module\jackson-module-kotlin\2.13.3\jackson-module-kotlin-2.13.3.jar;C:\Users\orian\.m2\repository\org\jetbrains\kotlin\kotlin-reflect\1.5.30\kotlin-reflect-1.5.30.jar;C:\Users\orian\.m2\repository\com\fasterxml\jackson\datatype\jackson-datatype-jsr310\2.13.3\jackson-datatype-jsr310-2.13.3.jar;C:\Users\orian\.m2\repository\org\eclipse\jetty\http2\http2-server\9.4.48.v20220622\http2-server-9.4.48.v20220622.jar;C:\Users\orian\.m2\repository\org\eclipse\jetty\http2\http2-common\9.4.48.v20220622\http2-common-9.4.48.v20220622.jar;C:\Users\orian\.m2\repository\org\eclipse\jetty\http2\http2-hpack\9.4.48.v20220622\http2-hpack-9.4.48.v20220622.jar;C:\Users\orian\.m2\repository\org\eclipse\jetty\jetty-alpn-conscrypt-server\9.4.48.v20220622\jetty-alpn-conscrypt-server-9.4.48.v20220622.jar;C:\Users\orian\.m2\repository\org\conscrypt\conscrypt-openjdk-uber\2.5.2\conscrypt-openjdk-uber-2.5.2.jar;C:\Users\orian\.m2\repository\org\eclipse\jetty\jetty-alpn-server\9.4.48.v20220622\jetty-alpn-server-9.4.48.v20220622.jar;C:\Users\orian\.m2\repository\org\eclipse\jetty\jetty-io\9.4.48.v20220622\jetty-io-9.4.48.v20220622.jar;C:\Users\orian\.m2\repository\org\eclipse\jetty\jetty-util\9.4.48.v20220622\jetty-util-9.4.48.v20220622.jar;C:\Users\orian\.m2\repository\ch\qos\logback\logback-classic\1.2.11\logback-classic-1.2.11.jar;C:\Users\orian\.m2\repository\ch\qos\logback\logback-core\1.2.11\logback-core-1.2.11.jar;C:\Users\orian\.m2\repository\org\jetbrains\kotlin\kotlin-stdlib-jdk8\1.5.32\kotlin-stdlib-jdk8-1.5.32.jar;C:\Users\orian\.m2\repository\org\jetbrains\kotlin\kotlin-stdlib\1.5.32\kotlin-stdlib-1.5.32.jar;C:\Users\orian\.m2\repository\org\jetbrains\annotations\13.0\annotations-13.0.jar;C:\Users\orian\.m2\repository\org\jetbrains\kotlin\kotlin-stdlib-common\1.5.32\kotlin-stdlib-common-1.5.32.jar;C:\Users\orian\.m2\repository\org\jetbrains\kotlin\kotlin-stdlib-jdk7\1.5.32\kotlin-stdlib-jdk7-1.5.32.jar;C:\Users\orian\.m2\repository\com\google\code\gson\gson\2.9.0\gson-2.9.0.jar;"/>
    <property name="sun.cpu.endian" value="little"/>
    <property name="user.home" value="C:\Users\orian"/>
    <property name="user.language" value="en"/>
    <property name="java.specification.vendor" value="Oracle Corporation"/>
    <property name="java.home" value="C:\Program Files\Eclipse Adoptium\jdk-8.0.332.9-hotspot\jre"/>
    <property name="basedir" value="C:\Users\orian\Refund-Api\refundapi"/>
    <property name="file.separator" value="\"/>
    <property name="line.separator" value="&#10;"/>
    <property name="java.vm.specification.vendor" value="Oracle Corporation"/>
    <property name="java.specification.name" value="Java Platform API Specification"/>
    <property name="java.awt.graphicsenv" value="sun.awt.Win32GraphicsEnvironment"/>
    <property name="surefire.real.class.path" value="C:\Users\orian\AppData\Local\Temp\surefire6304847663069077524\surefirebooter9004470924725664124.jar"/>
    <property name="sun.boot.class.path" value="C:\Program Files\Eclipse Adoptium\jdk-8.0.332.9-hotspot\jre\lib\resources.jar;C:\Program Files\Eclipse Adoptium\jdk-8.0.332.9-hotspot\jre\lib\rt.jar;C:\Program Files\Eclipse Adoptium\jdk-8.0.332.9-hotspot\jre\lib\sunrsasign.jar;C:\Program Files\Eclipse Adoptium\jdk-8.0.332.9-hotspot\jre\lib\jsse.jar;C:\Program Files\Eclipse Adoptium\jdk-8.0.332.9-hotspot\jre\lib\jce.jar;C:\Program Files\Eclipse Adoptium\jdk-8.0.332.9-hotspot\jre\lib\charsets.jar;C:\Program Files\Eclipse Adoptium\jdk-8.0.332.9-hotspot\jre\lib\jfr.jar;C:\Program Files\Eclipse Adoptium\jdk-8.0.332.9-hotspot\jre\classes"/>
    <property name="user.script" value=""/>
    <property name="sun.management.compiler" value="HotSpot 64-Bit Tiered Compilers"/>
    <property name="java.runtime.version" value="1.8.0_332-b09"/>
    <property name="user.name" value="orian"/>
    <property name="path.separator" value=";"/>
    <property name="os.version" value="10.0"/>
    <property name="java.endorsed.dirs" value="C:\Program Files\Eclipse Adoptium\jdk-8.0.332.9-hotspot\jre\lib\endorsed"/>
    <property name="java.runtime.name" value="OpenJDK Runtime Environment"/>
    <property name="file.encoding" value="Cp1252"/>
    <property name="java.vm.name" value="OpenJDK 64-Bit Server VM"/>
    <property name="localRepository" value="C:\Users\orian\.m2\repository"/>
    <property name="java.vendor.url.bug" value="https://github.com/adoptium/adoptium-support/issues"/>
    <property name="java.io.tmpdir" value="C:\Users\orian\AppData\Local\Temp\"/>
    <property name="java.version" value="1.8.0_332"/>
    <property name="user.dir" value="C:\Users\orian\Refund-Api\refundapi"/>
    <property name="os.arch" value="amd64"/>
    <property name="java.vm.specification.name" value="Java Virtual Machine Specification"/>
    <property name="java.awt.printerjob" value="sun.awt.windows.WPrinterJob"/>
    <property name="sun.os.patch.level" value=""/>
    <property name="java.library.path" value="C:\Program Files\Eclipse Adoptium\jdk-8.0.332.9-hotspot\jre\bin;C:\WINDOWS\Sun\Java\bin;C:\WINDOWS\system32;C:\WINDOWS;C:\Program Files\Eclipse Adoptium\jdk-8.0.332.9-hotspot\bin;C:\WINDOWS\system32;C:\WINDOWS;C:\WINDOWS\System32\Wbem;C:\WINDOWS\System32\WindowsPowerShell\v1.0\;C:\WINDOWS\System32\OpenSSH\;C:\Program Files\nodejs\;C:\Program Files\Git\cmd;C:\Maven\apache-maven-3.8.6\bin;C:\Users\orian\AppData\Local\Microsoft\WindowsApps;;C:\Users\orian\AppData\Local\Programs\Microsoft VS Code\bin;C:\Users\orian\AppData\Roaming\npm;."/>
    <property name="java.vm.info" value="mixed mode"/>
    <property name="java.vendor" value="Temurin"/>
    <property name="java.vm.version" value="25.332-b09"/>
    <property name="java.ext.dirs" value="C:\Program Files\Eclipse Adoptium\jdk-8.0.332.9-hotspot\jre\lib\ext;C:\WINDOWS\Sun\Java\lib\ext"/>
    <property name="sun.io.unicode.encoding" value="UnicodeLittle"/>
    <property name="java.class.version" value="52.0"/>
  </properties>
  <testcase name="As an employee, I want to add a reimbursement request amount so I can inform my manager how much I&apos;d like to be reimbursed (POSITIVE)" classname="Employees of our reimbursement application should add a request amount up to $1000 in a request" time="0.599">
    <error message="The step &quot;the employee is on their personal employee homepage&quot; is undefined. You can implement it using the snippet(s) below:&#10;&#10;@Given(&quot;the employee is on their personal employee homepage&quot;)&#10;public void the_employee_is_on_their_personal_employee_homepage() {&#10;    // Write code here that turns the phrase above into concrete actions&#10;    throw new io.cucumber.java.PendingException();&#10;}&#10;&#10;&#10;Some other steps were also undefined:&#10;&#10;@When(&quot;the employee enters in a new reimbursement request title&quot;)&#10;public void the_employee_enters_in_a_new_reimbursement_request_title() {&#10;    // Write code here that turns the phrase above into concrete actions&#10;    throw new io.cucumber.java.PendingException();&#10;}&#10;@When(&quot;the employee enters in a new request description&quot;)&#10;public void the_employee_enters_in_a_new_request_description() {&#10;    // Write code here that turns the phrase above into concrete actions&#10;    throw new io.cucumber.java.PendingException();&#10;}&#10;@When(&quot;the employee enters in a new reimbursement request amount up to $1000&quot;)&#10;public void the_employee_enters_in_a_new_reimbursement_request_amount_up_to_$1000() {&#10;    // Write code here that turns the phrase above into concrete actions&#10;    throw new io.cucumber.java.PendingException();&#10;}&#10;@When(&quot;the employee presses submit&quot;)&#10;public void the_employee_presses_submit() {&#10;    // Write code here that turns the phrase above into concrete actions&#10;    throw new io.cucumber.java.PendingException();&#10;}&#10;@Then(&quot;the employee should have created a new reimbursement request with a pending status&quot;)&#10;public void the_employee_should_have_created_a_new_reimbursement_request_with_a_pending_status() {&#10;    // Write code here that turns the phrase above into concrete actions&#10;    throw new io.cucumber.java.PendingException();&#10;}&#10;" type="io.cucumber.junit.UndefinedStepException">io.cucumber.junit.UndefinedStepException: 
The step "the employee is on their personal employee homepage" is undefined. You can implement it using the snippet(s) below:

@Given("the employee is on their personal employee homepage")
public void the_employee_is_on_their_personal_employee_homepage() {
    // Write code here that turns the phrase above into concrete actions
    throw new io.cucumber.java.PendingException();
}


Some other steps were also undefined:

@When("the employee enters in a new reimbursement request title")
public void the_employee_enters_in_a_new_reimbursement_request_title() {
    // Write code here that turns the phrase above into concrete actions
    throw new io.cucumber.java.PendingException();
}
@When("the employee enters in a new request description")
public void the_employee_enters_in_a_new_request_description() {
    // Write code here that turns the phrase above into concrete actions
    throw new io.cucumber.java.PendingException();
}
@When("the employee enters in a new reimbursement request amount up to $1000")
public void the_employee_enters_in_a_new_reimbursement_request_amount_up_to_$1000() {
    // Write code here that turns the phrase above into concrete actions
    throw new io.cucumber.java.PendingException();
}
@When("the employee presses submit")
public void the_employee_presses_submit() {
    // Write code here that turns the phrase above into concrete actions
    throw new io.cucumber.java.PendingException();
}
@Then("the employee should have created a new reimbursement request with a pending status")
public void the_employee_should_have_created_a_new_reimbursement_request_with_a_pending_status() {
    // Write code here that turns the phrase above into concrete actions
    throw new io.cucumber.java.PendingException();
}

</error>
    <system-err><![CDATA[Starting ChromeDriver 103.0.5060.53 (a1711811edd74ff1cf2150f36ffa3b0dae40b17f-refs/branch-heads/5060@{#853}) on port 48425
Only local connections are allowed.
Please see https://chromedriver.chromium.org/security-considerations for suggestions on keeping ChromeDriver safe.
ChromeDriver was started successfully.
Jul 20, 2022 9:25:02 PM org.openqa.selenium.remote.ProtocolHandshake createSession
INFO: Detected dialect: W3C
]]></system-err>
  </testcase>
  <testcase name="I should receive an alert if I try to enter a reimbursement request description over $1000 (NEGATIVE)" classname="Employees of our reimbursement application should add a request amount up to $1000 in a request" time="0">
    <error message="The step &quot;the employee is on their personal employee homepage&quot; is undefined. You can implement it using the snippet(s) below:&#10;&#10;@Given(&quot;the employee is on their personal employee homepage&quot;)&#10;public void the_employee_is_on_their_personal_employee_homepage() {&#10;    // Write code here that turns the phrase above into concrete actions&#10;    throw new io.cucumber.java.PendingException();&#10;}&#10;&#10;&#10;Some other steps were also undefined:&#10;&#10;@When(&quot;the employee tries to enter more than $1000 characters in the reimbursement request amount&quot;)&#10;public void the_employee_tries_to_enter_more_than_$1000_characters_in_the_reimbursement_request_amount() {&#10;    // Write code here that turns the phrase above into concrete actions&#10;    throw new io.cucumber.java.PendingException();&#10;}&#10;@Then(&quot;the employee should receive an alert that they cannot enter more than $1000 in the reimbursement request amount&quot;)&#10;public void the_employee_should_receive_an_alert_that_they_cannot_enter_more_than_$1000_in_the_reimbursement_request_amount() {&#10;    // Write code here that turns the phrase above into concrete actions&#10;    throw new io.cucumber.java.PendingException();&#10;}&#10;" type="io.cucumber.junit.UndefinedStepException">io.cucumber.junit.UndefinedStepException: 
The step "the employee is on their personal employee homepage" is undefined. You can implement it using the snippet(s) below:

@Given("the employee is on their personal employee homepage")
public void the_employee_is_on_their_personal_employee_homepage() {
    // Write code here that turns the phrase above into concrete actions
    throw new io.cucumber.java.PendingException();
}


Some other steps were also undefined:

@When("the employee tries to enter more than $1000 characters in the reimbursement request amount")
public void the_employee_tries_to_enter_more_than_$1000_characters_in_the_reimbursement_request_amount() {
    // Write code here that turns the phrase above into concrete actions
    throw new io.cucumber.java.PendingException();
}
@Then("the employee should receive an alert that they cannot enter more than $1000 in the reimbursement request amount")
public void the_employee_should_receive_an_alert_that_they_cannot_enter_more_than_$1000_in_the_reimbursement_request_amount() {
    // Write code here that turns the phrase above into concrete actions
    throw new io.cucumber.java.PendingException();
}

</error>
  </testcase>
  <testcase name="I should receive an alert if I do not put a reimbursement request amount (NEGATIVE)" classname="Employees of our reimbursement application should add a request amount up to $1000 in a request" time="0.016">
    <error message="The step &quot;the employee is on their personal employee homepage&quot; is undefined. You can implement it using the snippet(s) below:&#10;&#10;@Given(&quot;the employee is on their personal employee homepage&quot;)&#10;public void the_employee_is_on_their_personal_employee_homepage() {&#10;    // Write code here that turns the phrase above into concrete actions&#10;    throw new io.cucumber.java.PendingException();&#10;}&#10;&#10;&#10;Some other steps were also undefined:&#10;&#10;@When(&quot;the employee enters in a new reimbursement request title&quot;)&#10;public void the_employee_enters_in_a_new_reimbursement_request_title() {&#10;    // Write code here that turns the phrase above into concrete actions&#10;    throw new io.cucumber.java.PendingException();&#10;}&#10;@When(&quot;the employee enters in a new reimbursement request description&quot;)&#10;public void the_employee_enters_in_a_new_reimbursement_request_description() {&#10;    // Write code here that turns the phrase above into concrete actions&#10;    throw new io.cucumber.java.PendingException();&#10;}&#10;@When(&quot;the employee presses submit&quot;)&#10;public void the_employee_presses_submit() {&#10;    // Write code here that turns the phrase above into concrete actions&#10;    throw new io.cucumber.java.PendingException();&#10;}&#10;@Then(&quot;the employee should receive an alert that they need to enter a reimbursement amount&quot;)&#10;public void the_employee_should_receive_an_alert_that_they_need_to_enter_a_reimbursement_amount() {&#10;    // Write code here that turns the phrase above into concrete actions&#10;    throw new io.cucumber.java.PendingException();&#10;}&#10;" type="io.cucumber.junit.UndefinedStepException">io.cucumber.junit.UndefinedStepException: 
The step "the employee is on their personal employee homepage" is undefined. You can implement it using the snippet(s) below:

@Given("the employee is on their personal employee homepage")
public void the_employee_is_on_their_personal_employee_homepage() {
    // Write code here that turns the phrase above into concrete actions
    throw new io.cucumber.java.PendingException();
}


Some other steps were also undefined:

@When("the employee enters in a new reimbursement request title")
public void the_employee_enters_in_a_new_reimbursement_request_title() {
    // Write code here that turns the phrase above into concrete actions
    throw new io.cucumber.java.PendingException();
}
@When("the employee enters in a new reimbursement request description")
public void the_employee_enters_in_a_new_reimbursement_request_description() {
    // Write code here that turns the phrase above into concrete actions
    throw new io.cucumber.java.PendingException();
}
@When("the employee presses submit")
public void the_employee_presses_submit() {
    // Write code here that turns the phrase above into concrete actions
    throw new io.cucumber.java.PendingException();
}
@Then("the employee should receive an alert that they need to enter a reimbursement amount")
public void the_employee_should_receive_an_alert_that_they_need_to_enter_a_reimbursement_amount() {
    // Write code here that turns the phrase above into concrete actions
    throw new io.cucumber.java.PendingException();
}

</error>
  </testcase>
  <testcase name="As an employee, I want to add a reimbursement request description so my request is more organized (POSITIVE)" classname="Employees of our reimbursement application should add a 500 character maximum reimbursement request description" time="0">
    <error message="The step &quot;the employee is on their personal employee homepage&quot; is undefined. You can implement it using the snippet(s) below:&#10;&#10;@Given(&quot;the employee is on their personal employee homepage&quot;)&#10;public void the_employee_is_on_their_personal_employee_homepage() {&#10;    // Write code here that turns the phrase above into concrete actions&#10;    throw new io.cucumber.java.PendingException();&#10;}&#10;&#10;&#10;Some other steps were also undefined:&#10;&#10;@When(&quot;the employee enters in a new reimbursement request title&quot;)&#10;public void the_employee_enters_in_a_new_reimbursement_request_title() {&#10;    // Write code here that turns the phrase above into concrete actions&#10;    throw new io.cucumber.java.PendingException();&#10;}&#10;@When(&quot;the employee enters in a {int} character maximum reimbursement request description&quot;)&#10;public void the_employee_enters_in_a_character_maximum_reimbursement_request_description(Integer int1) {&#10;    // Write code here that turns the phrase above into concrete actions&#10;    throw new io.cucumber.java.PendingException();&#10;}&#10;@When(&quot;the employee enters in a new reimbursement request amount&quot;)&#10;public void the_employee_enters_in_a_new_reimbursement_request_amount() {&#10;    // Write code here that turns the phrase above into concrete actions&#10;    throw new io.cucumber.java.PendingException();&#10;}&#10;@When(&quot;the employee presses submit&quot;)&#10;public void the_employee_presses_submit() {&#10;    // Write code here that turns the phrase above into concrete actions&#10;    throw new io.cucumber.java.PendingException();&#10;}&#10;@Then(&quot;the employee should have created a new reimbursement request with a pending status&quot;)&#10;public void the_employee_should_have_created_a_new_reimbursement_request_with_a_pending_status() {&#10;    // Write code here that turns the phrase above into concrete actions&#10;    throw new io.cucumber.java.PendingException();&#10;}&#10;" type="io.cucumber.junit.UndefinedStepException">io.cucumber.junit.UndefinedStepException: 
The step "the employee is on their personal employee homepage" is undefined. You can implement it using the snippet(s) below:

@Given("the employee is on their personal employee homepage")
public void the_employee_is_on_their_personal_employee_homepage() {
    // Write code here that turns the phrase above into concrete actions
    throw new io.cucumber.java.PendingException();
}


Some other steps were also undefined:

@When("the employee enters in a new reimbursement request title")
public void the_employee_enters_in_a_new_reimbursement_request_title() {
    // Write code here that turns the phrase above into concrete actions
    throw new io.cucumber.java.PendingException();
}
@When("the employee enters in a {int} character maximum reimbursement request description")
public void the_employee_enters_in_a_character_maximum_reimbursement_request_description(Integer int1) {
    // Write code here that turns the phrase above into concrete actions
    throw new io.cucumber.java.PendingException();
}
@When("the employee enters in a new reimbursement request amount")
public void the_employee_enters_in_a_new_reimbursement_request_amount() {
    // Write code here that turns the phrase above into concrete actions
    throw new io.cucumber.java.PendingException();
}
@When("the employee presses submit")
public void the_employee_presses_submit() {
    // Write code here that turns the phrase above into concrete actions
    throw new io.cucumber.java.PendingException();
}
@Then("the employee should have created a new reimbursement request with a pending status")
public void the_employee_should_have_created_a_new_reimbursement_request_with_a_pending_status() {
    // Write code here that turns the phrase above into concrete actions
    throw new io.cucumber.java.PendingException();
}

</error>
  </testcase>
  <testcase name="I should be blocked from inputting more text if I try to enter a reimbursement request description over 500 characters (NEGATIVE)" classname="Employees of our reimbursement application should add a 500 character maximum reimbursement request description" time="0">
    <error message="The step &quot;the employee is on their personal employee homepage&quot; is undefined. You can implement it using the snippet(s) below:&#10;&#10;@Given(&quot;the employee is on their personal employee homepage&quot;)&#10;public void the_employee_is_on_their_personal_employee_homepage() {&#10;    // Write code here that turns the phrase above into concrete actions&#10;    throw new io.cucumber.java.PendingException();&#10;}&#10;&#10;&#10;Some other steps were also undefined:&#10;&#10;@When(&quot;the employee tries to enter more than {int} characters in the reimbursement request description&quot;)&#10;public void the_employee_tries_to_enter_more_than_characters_in_the_reimbursement_request_description(Integer int1) {&#10;    // Write code here that turns the phrase above into concrete actions&#10;    throw new io.cucumber.java.PendingException();&#10;}&#10;@Then(&quot;the employee should not be able to type any more characters in the input box&quot;)&#10;public void the_employee_should_not_be_able_to_type_any_more_characters_in_the_input_box() {&#10;    // Write code here that turns the phrase above into concrete actions&#10;    throw new io.cucumber.java.PendingException();&#10;}&#10;" type="io.cucumber.junit.UndefinedStepException">io.cucumber.junit.UndefinedStepException: 
The step "the employee is on their personal employee homepage" is undefined. You can implement it using the snippet(s) below:

@Given("the employee is on their personal employee homepage")
public void the_employee_is_on_their_personal_employee_homepage() {
    // Write code here that turns the phrase above into concrete actions
    throw new io.cucumber.java.PendingException();
}


Some other steps were also undefined:

@When("the employee tries to enter more than {int} characters in the reimbursement request description")
public void the_employee_tries_to_enter_more_than_characters_in_the_reimbursement_request_description(Integer int1) {
    // Write code here that turns the phrase above into concrete actions
    throw new io.cucumber.java.PendingException();
}
@Then("the employee should not be able to type any more characters in the input box")
public void the_employee_should_not_be_able_to_type_any_more_characters_in_the_input_box() {
    // Write code here that turns the phrase above into concrete actions
    throw new io.cucumber.java.PendingException();
}

</error>
  </testcase>
  <testcase name="I should receive an alert if I do not put a reimbursement request description (NEGATIVE)" classname="Employees of our reimbursement application should add a 500 character maximum reimbursement request description" time="0">
    <error message="The step &quot;the employee is on their personal employee homepage&quot; is undefined. You can implement it using the snippet(s) below:&#10;&#10;@Given(&quot;the employee is on their personal employee homepage&quot;)&#10;public void the_employee_is_on_their_personal_employee_homepage() {&#10;    // Write code here that turns the phrase above into concrete actions&#10;    throw new io.cucumber.java.PendingException();&#10;}&#10;&#10;&#10;Some other steps were also undefined:&#10;&#10;@When(&quot;the employee enters in a new reimbursement request title&quot;)&#10;public void the_employee_enters_in_a_new_reimbursement_request_title() {&#10;    // Write code here that turns the phrase above into concrete actions&#10;    throw new io.cucumber.java.PendingException();&#10;}&#10;@When(&quot;the employee enters in a new reimbursement request amount&quot;)&#10;public void the_employee_enters_in_a_new_reimbursement_request_amount() {&#10;    // Write code here that turns the phrase above into concrete actions&#10;    throw new io.cucumber.java.PendingException();&#10;}&#10;@When(&quot;the employee presses submit&quot;)&#10;public void the_employee_presses_submit() {&#10;    // Write code here that turns the phrase above into concrete actions&#10;    throw new io.cucumber.java.PendingException();&#10;}&#10;@Then(&quot;the employee should receive an alert that they need to enter a reimbursement description&quot;)&#10;public void the_employee_should_receive_an_alert_that_they_need_to_enter_a_reimbursement_description() {&#10;    // Write code here that turns the phrase above into concrete actions&#10;    throw new io.cucumber.java.PendingException();&#10;}&#10;" type="io.cucumber.junit.UndefinedStepException">io.cucumber.junit.UndefinedStepException: 
The step "the employee is on their personal employee homepage" is undefined. You can implement it using the snippet(s) below:

@Given("the employee is on their personal employee homepage")
public void the_employee_is_on_their_personal_employee_homepage() {
    // Write code here that turns the phrase above into concrete actions
    throw new io.cucumber.java.PendingException();
}


Some other steps were also undefined:

@When("the employee enters in a new reimbursement request title")
public void the_employee_enters_in_a_new_reimbursement_request_title() {
    // Write code here that turns the phrase above into concrete actions
    throw new io.cucumber.java.PendingException();
}
@When("the employee enters in a new reimbursement request amount")
public void the_employee_enters_in_a_new_reimbursement_request_amount() {
    // Write code here that turns the phrase above into concrete actions
    throw new io.cucumber.java.PendingException();
}
@When("the employee presses submit")
public void the_employee_presses_submit() {
    // Write code here that turns the phrase above into concrete actions
    throw new io.cucumber.java.PendingException();
}
@Then("the employee should receive an alert that they need to enter a reimbursement description")
public void the_employee_should_receive_an_alert_that_they_need_to_enter_a_reimbursement_description() {
    // Write code here that turns the phrase above into concrete actions
    throw new io.cucumber.java.PendingException();
}

</error>
  </testcase>
  <testcase name="As an employee, I want to sign in so I can view my custom homepage when I enter the correct credentials (POSITIVE)" classname="Employees of our reimbursement application should be able to log in to their personal employee homepage" time="0">
    <error message="The step &quot;the employee is on the login page&quot; is undefined. You can implement it using the snippet(s) below:&#10;&#10;@Given(&quot;the employee is on the login page&quot;)&#10;public void the_employee_is_on_the_login_page() {&#10;    // Write code here that turns the phrase above into concrete actions&#10;    throw new io.cucumber.java.PendingException();&#10;}&#10;&#10;&#10;Some other steps were also undefined:&#10;&#10;@When(&quot;the employee enters in their correct user name&quot;)&#10;public void the_employee_enters_in_their_correct_user_name() {&#10;    // Write code here that turns the phrase above into concrete actions&#10;    throw new io.cucumber.java.PendingException();&#10;}&#10;@When(&quot;the employee enters in their correct password&quot;)&#10;public void the_employee_enters_in_their_correct_password() {&#10;    // Write code here that turns the phrase above into concrete actions&#10;    throw new io.cucumber.java.PendingException();&#10;}&#10;@When(&quot;the employee clicks the login button&quot;)&#10;public void the_employee_clicks_the_login_button() {&#10;    // Write code here that turns the phrase above into concrete actions&#10;    throw new io.cucumber.java.PendingException();&#10;}&#10;@Then(&quot;the employee should be logged into the employee homepage&quot;)&#10;public void the_employee_should_be_logged_into_the_employee_homepage() {&#10;    // Write code here that turns the phrase above into concrete actions&#10;    throw new io.cucumber.java.PendingException();&#10;}&#10;" type="io.cucumber.junit.UndefinedStepException">io.cucumber.junit.UndefinedStepException: 
The step "the employee is on the login page" is undefined. You can implement it using the snippet(s) below:

@Given("the employee is on the login page")
public void the_employee_is_on_the_login_page() {
    // Write code here that turns the phrase above into concrete actions
    throw new io.cucumber.java.PendingException();
}


Some other steps were also undefined:

@When("the employee enters in their correct user name")
public void the_employee_enters_in_their_correct_user_name() {
    // Write code here that turns the phrase above into concrete actions
    throw new io.cucumber.java.PendingException();
}
@When("the employee enters in their correct password")
public void the_employee_enters_in_their_correct_password() {
    // Write code here that turns the phrase above into concrete actions
    throw new io.cucumber.java.PendingException();
}
@When("the employee clicks the login button")
public void the_employee_clicks_the_login_button() {
    // Write code here that turns the phrase above into concrete actions
    throw new io.cucumber.java.PendingException();
}
@Then("the employee should be logged into the employee homepage")
public void the_employee_should_be_logged_into_the_employee_homepage() {
    // Write code here that turns the phrase above into concrete actions
    throw new io.cucumber.java.PendingException();
}

</error>
  </testcase>
  <testcase name="As an employee, I want to receive an alert if I login with the incorrect credentials (NEGATIVE)" classname="Employees of our reimbursement application should be able to log in to their personal employee homepage" time="0">
    <error message="The step &quot;the employee is on the login page&quot; is undefined. You can implement it using the snippet(s) below:&#10;&#10;@Given(&quot;the employee is on the login page&quot;)&#10;public void the_employee_is_on_the_login_page() {&#10;    // Write code here that turns the phrase above into concrete actions&#10;    throw new io.cucumber.java.PendingException();&#10;}&#10;&#10;&#10;Some other steps were also undefined:&#10;&#10;@When(&quot;the employee enters in their incorrect user name&quot;)&#10;public void the_employee_enters_in_their_incorrect_user_name() {&#10;    // Write code here that turns the phrase above into concrete actions&#10;    throw new io.cucumber.java.PendingException();&#10;}&#10;@When(&quot;the employee enters in their incorrect password&quot;)&#10;public void the_employee_enters_in_their_incorrect_password() {&#10;    // Write code here that turns the phrase above into concrete actions&#10;    throw new io.cucumber.java.PendingException();&#10;}&#10;@When(&quot;the employee clicks the login button&quot;)&#10;public void the_employee_clicks_the_login_button() {&#10;    // Write code here that turns the phrase above into concrete actions&#10;    throw new io.cucumber.java.PendingException();&#10;}&#10;@Then(&quot;the employee should be receive an alert that their credentials are incorrect.&quot;)&#10;public void the_employee_should_be_receive_an_alert_that_their_credentials_are_incorrect() {&#10;    // Write code here that turns the phrase above into concrete actions&#10;    throw new io.cucumber.java.PendingException();&#10;}&#10;" type="io.cucumber.junit.UndefinedStepException">io.cucumber.junit.UndefinedStepException: 
The step "the employee is on the login page" is undefined. You can implement it using the snippet(s) below:

@Given("the employee is on the login page")
public void the_employee_is_on_the_login_page() {
    // Write code here that turns the phrase above into concrete actions
    throw new io.cucumber.java.PendingException();
}


Some other steps were also undefined:

@When("the employee enters in their incorrect user name")
public void the_employee_enters_in_their_incorrect_user_name() {
    // Write code here that turns the phrase above into concrete actions
    throw new io.cucumber.java.PendingException();
}
@When("the employee enters in their incorrect password")
public void the_employee_enters_in_their_incorrect_password() {
    // Write code here that turns the phrase above into concrete actions
    throw new io.cucumber.java.PendingException();
}
@When("the employee clicks the login button")
public void the_employee_clicks_the_login_button() {
    // Write code here that turns the phrase above into concrete actions
    throw new io.cucumber.java.PendingException();
}
@Then("the employee should be receive an alert that their credentials are incorrect.")
public void the_employee_should_be_receive_an_alert_that_their_credentials_are_incorrect() {
    // Write code here that turns the phrase above into concrete actions
    throw new io.cucumber.java.PendingException();
}

</error>
  </testcase>
  <testcase name="As an employee, I want to sign out so I can prevent others from accessing my information (POSITIVE)" classname="Employees of our reimbursement application should be able to log out of their personal employee homepage" time="0.001">
    <error message="The step &quot;the employee is on their personal employee homepage&quot; is undefined. You can implement it using the snippet(s) below:&#10;&#10;@Given(&quot;the employee is on their personal employee homepage&quot;)&#10;public void the_employee_is_on_their_personal_employee_homepage() {&#10;    // Write code here that turns the phrase above into concrete actions&#10;    throw new io.cucumber.java.PendingException();&#10;}&#10;&#10;&#10;Some other steps were also undefined:&#10;&#10;@When(&quot;the employee clicks the logout button&quot;)&#10;public void the_employee_clicks_the_logout_button() {&#10;    // Write code here that turns the phrase above into concrete actions&#10;    throw new io.cucumber.java.PendingException();&#10;}&#10;@When(&quot;the employee confirms they want to logout&quot;)&#10;public void the_employee_confirms_they_want_to_logout() {&#10;    // Write code here that turns the phrase above into concrete actions&#10;    throw new io.cucumber.java.PendingException();&#10;}&#10;@Then(&quot;the employee should be logged out and returned back to the login homepage&quot;)&#10;public void the_employee_should_be_logged_out_and_returned_back_to_the_login_homepage() {&#10;    // Write code here that turns the phrase above into concrete actions&#10;    throw new io.cucumber.java.PendingException();&#10;}&#10;" type="io.cucumber.junit.UndefinedStepException">io.cucumber.junit.UndefinedStepException: 
The step "the employee is on their personal employee homepage" is undefined. You can implement it using the snippet(s) below:

@Given("the employee is on their personal employee homepage")
public void the_employee_is_on_their_personal_employee_homepage() {
    // Write code here that turns the phrase above into concrete actions
    throw new io.cucumber.java.PendingException();
}


Some other steps were also undefined:

@When("the employee clicks the logout button")
public void the_employee_clicks_the_logout_button() {
    // Write code here that turns the phrase above into concrete actions
    throw new io.cucumber.java.PendingException();
}
@When("the employee confirms they want to logout")
public void the_employee_confirms_they_want_to_logout() {
    // Write code here that turns the phrase above into concrete actions
    throw new io.cucumber.java.PendingException();
}
@Then("the employee should be logged out and returned back to the login homepage")
public void the_employee_should_be_logged_out_and_returned_back_to_the_login_homepage() {
    // Write code here that turns the phrase above into concrete actions
    throw new io.cucumber.java.PendingException();
}

</error>
  </testcase>
  <testcase name="If I do not confirm I want to logout, I should not logout successfully (NEGATIVE)" classname="Employees of our reimbursement application should be able to log out of their personal employee homepage" time="0">
    <error message="The step &quot;the employee is on their personal employee homepage&quot; is undefined. You can implement it using the snippet(s) below:&#10;&#10;@Given(&quot;the employee is on their personal employee homepage&quot;)&#10;public void the_employee_is_on_their_personal_employee_homepage() {&#10;    // Write code here that turns the phrase above into concrete actions&#10;    throw new io.cucumber.java.PendingException();&#10;}&#10;&#10;&#10;Some other steps were also undefined:&#10;&#10;@When(&quot;the employee clicks the logout button&quot;)&#10;public void the_employee_clicks_the_logout_button() {&#10;    // Write code here that turns the phrase above into concrete actions&#10;    throw new io.cucumber.java.PendingException();&#10;}&#10;@When(&quot;the employee does not confirm they want to logout&quot;)&#10;public void the_employee_does_not_confirm_they_want_to_logout() {&#10;    // Write code here that turns the phrase above into concrete actions&#10;    throw new io.cucumber.java.PendingException();&#10;}&#10;@Then(&quot;the employee should stay on their current page.&quot;)&#10;public void the_employee_should_stay_on_their_current_page() {&#10;    // Write code here that turns the phrase above into concrete actions&#10;    throw new io.cucumber.java.PendingException();&#10;}&#10;" type="io.cucumber.junit.UndefinedStepException">io.cucumber.junit.UndefinedStepException: 
The step "the employee is on their personal employee homepage" is undefined. You can implement it using the snippet(s) below:

@Given("the employee is on their personal employee homepage")
public void the_employee_is_on_their_personal_employee_homepage() {
    // Write code here that turns the phrase above into concrete actions
    throw new io.cucumber.java.PendingException();
}


Some other steps were also undefined:

@When("the employee clicks the logout button")
public void the_employee_clicks_the_logout_button() {
    // Write code here that turns the phrase above into concrete actions
    throw new io.cucumber.java.PendingException();
}
@When("the employee does not confirm they want to logout")
public void the_employee_does_not_confirm_they_want_to_logout() {
    // Write code here that turns the phrase above into concrete actions
    throw new io.cucumber.java.PendingException();
}
@Then("the employee should stay on their current page.")
public void the_employee_should_stay_on_their_current_page() {
    // Write code here that turns the phrase above into concrete actions
    throw new io.cucumber.java.PendingException();
}

</error>
  </testcase>
  <testcase name="As an employee, I want to create a reimbursement request so I can get money back I spent for the company (POSITIVE)" classname="Employees of our reimbursement application should be able to create a reimbursement request" time="0.015">
    <error message="The step &quot;the employee is on their personal employee homepage&quot; is undefined. You can implement it using the snippet(s) below:&#10;&#10;@Given(&quot;the employee is on their personal employee homepage&quot;)&#10;public void the_employee_is_on_their_personal_employee_homepage() {&#10;    // Write code here that turns the phrase above into concrete actions&#10;    throw new io.cucumber.java.PendingException();&#10;}&#10;&#10;&#10;Some other steps were also undefined:&#10;&#10;@When(&quot;the employee enters a new reimbursement request title&quot;)&#10;public void the_employee_enters_a_new_reimbursement_request_title() {&#10;    // Write code here that turns the phrase above into concrete actions&#10;    throw new io.cucumber.java.PendingException();&#10;}&#10;@When(&quot;the employee enters in a new reimbursement request amount&quot;)&#10;public void the_employee_enters_in_a_new_reimbursement_request_amount() {&#10;    // Write code here that turns the phrase above into concrete actions&#10;    throw new io.cucumber.java.PendingException();&#10;}&#10;@When(&quot;the employee enters in a new reimbursement request description&quot;)&#10;public void the_employee_enters_in_a_new_reimbursement_request_description() {&#10;    // Write code here that turns the phrase above into concrete actions&#10;    throw new io.cucumber.java.PendingException();&#10;}&#10;@When(&quot;the employee presses submit&quot;)&#10;public void the_employee_presses_submit() {&#10;    // Write code here that turns the phrase above into concrete actions&#10;    throw new io.cucumber.java.PendingException();&#10;}&#10;@Then(&quot;the employee should have created a new reimbursement request with a pending status&quot;)&#10;public void the_employee_should_have_created_a_new_reimbursement_request_with_a_pending_status() {&#10;    // Write code here that turns the phrase above into concrete actions&#10;    throw new io.cucumber.java.PendingException();&#10;}&#10;" type="io.cucumber.junit.UndefinedStepException">io.cucumber.junit.UndefinedStepException: 
The step "the employee is on their personal employee homepage" is undefined. You can implement it using the snippet(s) below:

@Given("the employee is on their personal employee homepage")
public void the_employee_is_on_their_personal_employee_homepage() {
    // Write code here that turns the phrase above into concrete actions
    throw new io.cucumber.java.PendingException();
}


Some other steps were also undefined:

@When("the employee enters a new reimbursement request title")
public void the_employee_enters_a_new_reimbursement_request_title() {
    // Write code here that turns the phrase above into concrete actions
    throw new io.cucumber.java.PendingException();
}
@When("the employee enters in a new reimbursement request amount")
public void the_employee_enters_in_a_new_reimbursement_request_amount() {
    // Write code here that turns the phrase above into concrete actions
    throw new io.cucumber.java.PendingException();
}
@When("the employee enters in a new reimbursement request description")
public void the_employee_enters_in_a_new_reimbursement_request_description() {
    // Write code here that turns the phrase above into concrete actions
    throw new io.cucumber.java.PendingException();
}
@When("the employee presses submit")
public void the_employee_presses_submit() {
    // Write code here that turns the phrase above into concrete actions
    throw new io.cucumber.java.PendingException();
}
@Then("the employee should have created a new reimbursement request with a pending status")
public void the_employee_should_have_created_a_new_reimbursement_request_with_a_pending_status() {
    // Write code here that turns the phrase above into concrete actions
    throw new io.cucumber.java.PendingException();
}

</error>
  </testcase>
  <testcase name="I should receive an alert if my reimbursement request was not made successfully (NEGATIVE)" classname="Employees of our reimbursement application should be able to create a reimbursement request" time="0.007">
    <error message="The step &quot;the employee is on their personal employee homepage&quot; is undefined. You can implement it using the snippet(s) below:&#10;&#10;@Given(&quot;the employee is on their personal employee homepage&quot;)&#10;public void the_employee_is_on_their_personal_employee_homepage() {&#10;    // Write code here that turns the phrase above into concrete actions&#10;    throw new io.cucumber.java.PendingException();&#10;}&#10;&#10;&#10;Some other steps were also undefined:&#10;&#10;@When(&quot;the employee does not enter in a new reimbursement request title&quot;)&#10;public void the_employee_does_not_enter_in_a_new_reimbursement_request_title() {&#10;    // Write code here that turns the phrase above into concrete actions&#10;    throw new io.cucumber.java.PendingException();&#10;}&#10;@When(&quot;the employee does not enter in a new reimbursement request amount&quot;)&#10;public void the_employee_does_not_enter_in_a_new_reimbursement_request_amount() {&#10;    // Write code here that turns the phrase above into concrete actions&#10;    throw new io.cucumber.java.PendingException();&#10;}&#10;@When(&quot;the employee does not enter in a new reimbursement request description&quot;)&#10;public void the_employee_does_not_enter_in_a_new_reimbursement_request_description() {&#10;    // Write code here that turns the phrase above into concrete actions&#10;    throw new io.cucumber.java.PendingException();&#10;}&#10;@When(&quot;the employee presses submit&quot;)&#10;public void the_employee_presses_submit() {&#10;    // Write code here that turns the phrase above into concrete actions&#10;    throw new io.cucumber.java.PendingException();&#10;}&#10;@Then(&quot;the employee should receive an alert that their request could not be made&quot;)&#10;public void the_employee_should_receive_an_alert_that_their_request_could_not_be_made() {&#10;    // Write code here that turns the phrase above into concrete actions&#10;    throw new io.cucumber.java.PendingException();&#10;}&#10;" type="io.cucumber.junit.UndefinedStepException">io.cucumber.junit.UndefinedStepException: 
The step "the employee is on their personal employee homepage" is undefined. You can implement it using the snippet(s) below:

@Given("the employee is on their personal employee homepage")
public void the_employee_is_on_their_personal_employee_homepage() {
    // Write code here that turns the phrase above into concrete actions
    throw new io.cucumber.java.PendingException();
}


Some other steps were also undefined:

@When("the employee does not enter in a new reimbursement request title")
public void the_employee_does_not_enter_in_a_new_reimbursement_request_title() {
    // Write code here that turns the phrase above into concrete actions
    throw new io.cucumber.java.PendingException();
}
@When("the employee does not enter in a new reimbursement request amount")
public void the_employee_does_not_enter_in_a_new_reimbursement_request_amount() {
    // Write code here that turns the phrase above into concrete actions
    throw new io.cucumber.java.PendingException();
}
@When("the employee does not enter in a new reimbursement request description")
public void the_employee_does_not_enter_in_a_new_reimbursement_request_description() {
    // Write code here that turns the phrase above into concrete actions
    throw new io.cucumber.java.PendingException();
}
@When("the employee presses submit")
public void the_employee_presses_submit() {
    // Write code here that turns the phrase above into concrete actions
    throw new io.cucumber.java.PendingException();
}
@Then("the employee should receive an alert that their request could not be made")
public void the_employee_should_receive_an_alert_that_their_request_could_not_be_made() {
    // Write code here that turns the phrase above into concrete actions
    throw new io.cucumber.java.PendingException();
}

</error>
  </testcase>
  <testcase name="As an employee, I want to add a reimbursement request title so my request is more organized (POSITIVE)" classname="Employees of our reimbursement application should add a 50 character maximum reimbursement request title" time="0.006">
    <error message="The step &quot;the employee is on their personal employee homepage&quot; is undefined. You can implement it using the snippet(s) below:&#10;&#10;@Given(&quot;the employee is on their personal employee homepage&quot;)&#10;public void the_employee_is_on_their_personal_employee_homepage() {&#10;    // Write code here that turns the phrase above into concrete actions&#10;    throw new io.cucumber.java.PendingException();&#10;}&#10;&#10;&#10;Some other steps were also undefined:&#10;&#10;@When(&quot;the employee enters in a {int} character maximum reimbursement request title&quot;)&#10;public void the_employee_enters_in_a_character_maximum_reimbursement_request_title(Integer int1) {&#10;    // Write code here that turns the phrase above into concrete actions&#10;    throw new io.cucumber.java.PendingException();&#10;}&#10;@When(&quot;the employee enters in a new reimbursement request amount&quot;)&#10;public void the_employee_enters_in_a_new_reimbursement_request_amount() {&#10;    // Write code here that turns the phrase above into concrete actions&#10;    throw new io.cucumber.java.PendingException();&#10;}&#10;@When(&quot;the employee enters in a new reimbursement request description&quot;)&#10;public void the_employee_enters_in_a_new_reimbursement_request_description() {&#10;    // Write code here that turns the phrase above into concrete actions&#10;    throw new io.cucumber.java.PendingException();&#10;}&#10;@When(&quot;the employee presses submit&quot;)&#10;public void the_employee_presses_submit() {&#10;    // Write code here that turns the phrase above into concrete actions&#10;    throw new io.cucumber.java.PendingException();&#10;}&#10;@Then(&quot;the employee should have created a new reimbursement request with a pending status&quot;)&#10;public void the_employee_should_have_created_a_new_reimbursement_request_with_a_pending_status() {&#10;    // Write code here that turns the phrase above into concrete actions&#10;    throw new io.cucumber.java.PendingException();&#10;}&#10;" type="io.cucumber.junit.UndefinedStepException">io.cucumber.junit.UndefinedStepException: 
The step "the employee is on their personal employee homepage" is undefined. You can implement it using the snippet(s) below:

@Given("the employee is on their personal employee homepage")
public void the_employee_is_on_their_personal_employee_homepage() {
    // Write code here that turns the phrase above into concrete actions
    throw new io.cucumber.java.PendingException();
}


Some other steps were also undefined:

@When("the employee enters in a {int} character maximum reimbursement request title")
public void the_employee_enters_in_a_character_maximum_reimbursement_request_title(Integer int1) {
    // Write code here that turns the phrase above into concrete actions
    throw new io.cucumber.java.PendingException();
}
@When("the employee enters in a new reimbursement request amount")
public void the_employee_enters_in_a_new_reimbursement_request_amount() {
    // Write code here that turns the phrase above into concrete actions
    throw new io.cucumber.java.PendingException();
}
@When("the employee enters in a new reimbursement request description")
public void the_employee_enters_in_a_new_reimbursement_request_description() {
    // Write code here that turns the phrase above into concrete actions
    throw new io.cucumber.java.PendingException();
}
@When("the employee presses submit")
public void the_employee_presses_submit() {
    // Write code here that turns the phrase above into concrete actions
    throw new io.cucumber.java.PendingException();
}
@Then("the employee should have created a new reimbursement request with a pending status")
public void the_employee_should_have_created_a_new_reimbursement_request_with_a_pending_status() {
    // Write code here that turns the phrase above into concrete actions
    throw new io.cucumber.java.PendingException();
}

</error>
  </testcase>
  <testcase name="I should be blocked from inputting more text if I try to enter a reimbursement request title over 50 characters (NEGATIVE)" classname="Employees of our reimbursement application should add a 50 character maximum reimbursement request title" time="0.004">
    <error message="The step &quot;the employee is on their personal employee homepage&quot; is undefined. You can implement it using the snippet(s) below:&#10;&#10;@Given(&quot;the employee is on their personal employee homepage&quot;)&#10;public void the_employee_is_on_their_personal_employee_homepage() {&#10;    // Write code here that turns the phrase above into concrete actions&#10;    throw new io.cucumber.java.PendingException();&#10;}&#10;&#10;&#10;Some other steps were also undefined:&#10;&#10;@When(&quot;the employee tries to enter more than {int} characters in the reimbursement request title&quot;)&#10;public void the_employee_tries_to_enter_more_than_characters_in_the_reimbursement_request_title(Integer int1) {&#10;    // Write code here that turns the phrase above into concrete actions&#10;    throw new io.cucumber.java.PendingException();&#10;}&#10;@Then(&quot;the employee should not be able to type any more characters in the input box&quot;)&#10;public void the_employee_should_not_be_able_to_type_any_more_characters_in_the_input_box() {&#10;    // Write code here that turns the phrase above into concrete actions&#10;    throw new io.cucumber.java.PendingException();&#10;}&#10;" type="io.cucumber.junit.UndefinedStepException">io.cucumber.junit.UndefinedStepException: 
The step "the employee is on their personal employee homepage" is undefined. You can implement it using the snippet(s) below:

@Given("the employee is on their personal employee homepage")
public void the_employee_is_on_their_personal_employee_homepage() {
    // Write code here that turns the phrase above into concrete actions
    throw new io.cucumber.java.PendingException();
}


Some other steps were also undefined:

@When("the employee tries to enter more than {int} characters in the reimbursement request title")
public void the_employee_tries_to_enter_more_than_characters_in_the_reimbursement_request_title(Integer int1) {
    // Write code here that turns the phrase above into concrete actions
    throw new io.cucumber.java.PendingException();
}
@Then("the employee should not be able to type any more characters in the input box")
public void the_employee_should_not_be_able_to_type_any_more_characters_in_the_input_box() {
    // Write code here that turns the phrase above into concrete actions
    throw new io.cucumber.java.PendingException();
}

</error>
  </testcase>
  <testcase name="I should receive an alert if I do not put a reimbursement request title (NEGATIVE)" classname="Employees of our reimbursement application should add a 50 character maximum reimbursement request title" time="0.004">
    <error message="The step &quot;the employee is on their personal employee homepage&quot; is undefined. You can implement it using the snippet(s) below:&#10;&#10;@Given(&quot;the employee is on their personal employee homepage&quot;)&#10;public void the_employee_is_on_their_personal_employee_homepage() {&#10;    // Write code here that turns the phrase above into concrete actions&#10;    throw new io.cucumber.java.PendingException();&#10;}&#10;&#10;&#10;Some other steps were also undefined:&#10;&#10;@When(&quot;the employee enters in a new reimbursement request amount&quot;)&#10;public void the_employee_enters_in_a_new_reimbursement_request_amount() {&#10;    // Write code here that turns the phrase above into concrete actions&#10;    throw new io.cucumber.java.PendingException();&#10;}&#10;@When(&quot;the employee enters in a new reimbursement request description&quot;)&#10;public void the_employee_enters_in_a_new_reimbursement_request_description() {&#10;    // Write code here that turns the phrase above into concrete actions&#10;    throw new io.cucumber.java.PendingException();&#10;}&#10;@When(&quot;the employee presses submit&quot;)&#10;public void the_employee_presses_submit() {&#10;    // Write code here that turns the phrase above into concrete actions&#10;    throw new io.cucumber.java.PendingException();&#10;}&#10;@Then(&quot;the employee should receive an alert that they need to enter a reimbursement title&quot;)&#10;public void the_employee_should_receive_an_alert_that_they_need_to_enter_a_reimbursement_title() {&#10;    // Write code here that turns the phrase above into concrete actions&#10;    throw new io.cucumber.java.PendingException();&#10;}&#10;" type="io.cucumber.junit.UndefinedStepException">io.cucumber.junit.UndefinedStepException: 
The step "the employee is on their personal employee homepage" is undefined. You can implement it using the snippet(s) below:

@Given("the employee is on their personal employee homepage")
public void the_employee_is_on_their_personal_employee_homepage() {
    // Write code here that turns the phrase above into concrete actions
    throw new io.cucumber.java.PendingException();
}


Some other steps were also undefined:

@When("the employee enters in a new reimbursement request amount")
public void the_employee_enters_in_a_new_reimbursement_request_amount() {
    // Write code here that turns the phrase above into concrete actions
    throw new io.cucumber.java.PendingException();
}
@When("the employee enters in a new reimbursement request description")
public void the_employee_enters_in_a_new_reimbursement_request_description() {
    // Write code here that turns the phrase above into concrete actions
    throw new io.cucumber.java.PendingException();
}
@When("the employee presses submit")
public void the_employee_presses_submit() {
    // Write code here that turns the phrase above into concrete actions
    throw new io.cucumber.java.PendingException();
}
@Then("the employee should receive an alert that they need to enter a reimbursement title")
public void the_employee_should_receive_an_alert_that_they_need_to_enter_a_reimbursement_title() {
    // Write code here that turns the phrase above into concrete actions
    throw new io.cucumber.java.PendingException();
}

</error>
  </testcase>
  <testcase name="As an employee, I want to only view my previous reimbursement requests so I can see whether to expect money back or not (POSITIVE)" classname="Employees of our reimbursement application should be only able to view their previous reimbursement requests" time="0.003">
    <error message="The step &quot;the employee is on their personal employee homepage&quot; is undefined. You can implement it using the snippet(s) below:&#10;&#10;@Given(&quot;the employee is on their personal employee homepage&quot;)&#10;public void the_employee_is_on_their_personal_employee_homepage() {&#10;    // Write code here that turns the phrase above into concrete actions&#10;    throw new io.cucumber.java.PendingException();&#10;}&#10;&#10;&#10;Some other steps were also undefined:&#10;&#10;@When(&quot;their personal employee homepage loads&quot;)&#10;public void their_personal_employee_homepage_loads() {&#10;    // Write code here that turns the phrase above into concrete actions&#10;    throw new io.cucumber.java.PendingException();&#10;}&#10;@When(&quot;a table generates with their personal reimbursement request history&quot;)&#10;public void a_table_generates_with_their_personal_reimbursement_request_history() {&#10;    // Write code here that turns the phrase above into concrete actions&#10;    throw new io.cucumber.java.PendingException();&#10;}&#10;@Then(&quot;the employee should be able to view their previous reimbursement requests&quot;)&#10;public void the_employee_should_be_able_to_view_their_previous_reimbursement_requests() {&#10;    // Write code here that turns the phrase above into concrete actions&#10;    throw new io.cucumber.java.PendingException();&#10;}&#10;" type="io.cucumber.junit.UndefinedStepException">io.cucumber.junit.UndefinedStepException: 
The step "the employee is on their personal employee homepage" is undefined. You can implement it using the snippet(s) below:

@Given("the employee is on their personal employee homepage")
public void the_employee_is_on_their_personal_employee_homepage() {
    // Write code here that turns the phrase above into concrete actions
    throw new io.cucumber.java.PendingException();
}


Some other steps were also undefined:

@When("their personal employee homepage loads")
public void their_personal_employee_homepage_loads() {
    // Write code here that turns the phrase above into concrete actions
    throw new io.cucumber.java.PendingException();
}
@When("a table generates with their personal reimbursement request history")
public void a_table_generates_with_their_personal_reimbursement_request_history() {
    // Write code here that turns the phrase above into concrete actions
    throw new io.cucumber.java.PendingException();
}
@Then("the employee should be able to view their previous reimbursement requests")
public void the_employee_should_be_able_to_view_their_previous_reimbursement_requests() {
    // Write code here that turns the phrase above into concrete actions
    throw new io.cucumber.java.PendingException();
}

</error>
  </testcase>
  <testcase name="I should receive an alert if my I cannot view my reimbursement requests (NEGATIVE)" classname="Employees of our reimbursement application should be only able to view their previous reimbursement requests" time="0.004">
    <error message="The step &quot;the employee is on their personal employee homepage&quot; is undefined. You can implement it using the snippet(s) below:&#10;&#10;@Given(&quot;the employee is on their personal employee homepage&quot;)&#10;public void the_employee_is_on_their_personal_employee_homepage() {&#10;    // Write code here that turns the phrase above into concrete actions&#10;    throw new io.cucumber.java.PendingException();&#10;}&#10;&#10;&#10;Some other steps were also undefined:&#10;&#10;@When(&quot;their personal employee homepage loads&quot;)&#10;public void their_personal_employee_homepage_loads() {&#10;    // Write code here that turns the phrase above into concrete actions&#10;    throw new io.cucumber.java.PendingException();&#10;}&#10;@When(&quot;a table does not generate with their personal reimbursement request history&quot;)&#10;public void a_table_does_not_generate_with_their_personal_reimbursement_request_history() {&#10;    // Write code here that turns the phrase above into concrete actions&#10;    throw new io.cucumber.java.PendingException();&#10;}&#10;@Then(&quot;the employee should receive an alert that there are no reimbursement requests available&quot;)&#10;public void the_employee_should_receive_an_alert_that_there_are_no_reimbursement_requests_available() {&#10;    // Write code here that turns the phrase above into concrete actions&#10;    throw new io.cucumber.java.PendingException();&#10;}&#10;" type="io.cucumber.junit.UndefinedStepException">io.cucumber.junit.UndefinedStepException: 
The step "the employee is on their personal employee homepage" is undefined. You can implement it using the snippet(s) below:

@Given("the employee is on their personal employee homepage")
public void the_employee_is_on_their_personal_employee_homepage() {
    // Write code here that turns the phrase above into concrete actions
    throw new io.cucumber.java.PendingException();
}


Some other steps were also undefined:

@When("their personal employee homepage loads")
public void their_personal_employee_homepage_loads() {
    // Write code here that turns the phrase above into concrete actions
    throw new io.cucumber.java.PendingException();
}
@When("a table does not generate with their personal reimbursement request history")
public void a_table_does_not_generate_with_their_personal_reimbursement_request_history() {
    // Write code here that turns the phrase above into concrete actions
    throw new io.cucumber.java.PendingException();
}
@Then("the employee should receive an alert that there are no reimbursement requests available")
public void the_employee_should_receive_an_alert_that_there_are_no_reimbursement_requests_available() {
    // Write code here that turns the phrase above into concrete actions
    throw new io.cucumber.java.PendingException();
}

</error>
  </testcase>
  <testcase name="As a manager I want be able to approve reimbursement requests (POSITIVE)" classname="Managers of our reimbursement application should be able to approve reimbursement requests" time="0.003">
    <error message="The step &quot;the manager is on the manager page&quot; is undefined. You can implement it using the snippet(s) below:&#10;&#10;@Given(&quot;the manager is on the manager page&quot;)&#10;public void the_manager_is_on_the_manager_page() {&#10;    // Write code here that turns the phrase above into concrete actions&#10;    throw new io.cucumber.java.PendingException();&#10;}&#10;&#10;&#10;Some other steps were also undefined:&#10;&#10;@When(&quot;the manager views the reimbursement requests&quot;)&#10;public void the_manager_views_the_reimbursement_requests() {&#10;    // Write code here that turns the phrase above into concrete actions&#10;    throw new io.cucumber.java.PendingException();&#10;}&#10;@When(&quot;the manager inputs a pending reimbursement request ID number&quot;)&#10;public void the_manager_inputs_a_pending_reimbursement_request_ID_number() {&#10;    // Write code here that turns the phrase above into concrete actions&#10;    throw new io.cucumber.java.PendingException();&#10;}&#10;@When(&quot;the manager inputs a reason description&quot;)&#10;public void the_manager_inputs_a_reason_description() {&#10;    // Write code here that turns the phrase above into concrete actions&#10;    throw new io.cucumber.java.PendingException();&#10;}&#10;@When(&quot;the manager selects approve&quot;)&#10;public void the_manager_selects_approve() {&#10;    // Write code here that turns the phrase above into concrete actions&#10;    throw new io.cucumber.java.PendingException();&#10;}&#10;@When(&quot;the manager clicks submit&quot;)&#10;public void the_manager_clicks_submit() {&#10;    // Write code here that turns the phrase above into concrete actions&#10;    throw new io.cucumber.java.PendingException();&#10;}&#10;@Then(&quot;the reimbursement request status should change from pending to approved&quot;)&#10;public void the_reimbursement_request_status_should_change_from_pending_to_approved() {&#10;    // Write code here that turns the phrase above into concrete actions&#10;    throw new io.cucumber.java.PendingException();&#10;}&#10;" type="io.cucumber.junit.UndefinedStepException">io.cucumber.junit.UndefinedStepException: 
The step "the manager is on the manager page" is undefined. You can implement it using the snippet(s) below:

@Given("the manager is on the manager page")
public void the_manager_is_on_the_manager_page() {
    // Write code here that turns the phrase above into concrete actions
    throw new io.cucumber.java.PendingException();
}


Some other steps were also undefined:

@When("the manager views the reimbursement requests")
public void the_manager_views_the_reimbursement_requests() {
    // Write code here that turns the phrase above into concrete actions
    throw new io.cucumber.java.PendingException();
}
@When("the manager inputs a pending reimbursement request ID number")
public void the_manager_inputs_a_pending_reimbursement_request_ID_number() {
    // Write code here that turns the phrase above into concrete actions
    throw new io.cucumber.java.PendingException();
}
@When("the manager inputs a reason description")
public void the_manager_inputs_a_reason_description() {
    // Write code here that turns the phrase above into concrete actions
    throw new io.cucumber.java.PendingException();
}
@When("the manager selects approve")
public void the_manager_selects_approve() {
    // Write code here that turns the phrase above into concrete actions
    throw new io.cucumber.java.PendingException();
}
@When("the manager clicks submit")
public void the_manager_clicks_submit() {
    // Write code here that turns the phrase above into concrete actions
    throw new io.cucumber.java.PendingException();
}
@Then("the reimbursement request status should change from pending to approved")
public void the_reimbursement_request_status_should_change_from_pending_to_approved() {
    // Write code here that turns the phrase above into concrete actions
    throw new io.cucumber.java.PendingException();
}

</error>
  </testcase>
  <testcase name="Reimbursement request statuses should not change if they are not approved successfully (NEGATIVE)" classname="Managers of our reimbursement application should be able to approve reimbursement requests" time="0.003">
    <error message="The step &quot;the manager is on the manager page&quot; is undefined. You can implement it using the snippet(s) below:&#10;&#10;@Given(&quot;the manager is on the manager page&quot;)&#10;public void the_manager_is_on_the_manager_page() {&#10;    // Write code here that turns the phrase above into concrete actions&#10;    throw new io.cucumber.java.PendingException();&#10;}&#10;&#10;&#10;Some other steps were also undefined:&#10;&#10;@When(&quot;the manager views the reimbursement requests&quot;)&#10;public void the_manager_views_the_reimbursement_requests() {&#10;    // Write code here that turns the phrase above into concrete actions&#10;    throw new io.cucumber.java.PendingException();&#10;}&#10;@When(&quot;the manager clicks submit&quot;)&#10;public void the_manager_clicks_submit() {&#10;    // Write code here that turns the phrase above into concrete actions&#10;    throw new io.cucumber.java.PendingException();&#10;}&#10;@Then(&quot;the reimbursement request status should remain pending&quot;)&#10;public void the_reimbursement_request_status_should_remain_pending() {&#10;    // Write code here that turns the phrase above into concrete actions&#10;    throw new io.cucumber.java.PendingException();&#10;}&#10;" type="io.cucumber.junit.UndefinedStepException">io.cucumber.junit.UndefinedStepException: 
The step "the manager is on the manager page" is undefined. You can implement it using the snippet(s) below:

@Given("the manager is on the manager page")
public void the_manager_is_on_the_manager_page() {
    // Write code here that turns the phrase above into concrete actions
    throw new io.cucumber.java.PendingException();
}


Some other steps were also undefined:

@When("the manager views the reimbursement requests")
public void the_manager_views_the_reimbursement_requests() {
    // Write code here that turns the phrase above into concrete actions
    throw new io.cucumber.java.PendingException();
}
@When("the manager clicks submit")
public void the_manager_clicks_submit() {
    // Write code here that turns the phrase above into concrete actions
    throw new io.cucumber.java.PendingException();
}
@Then("the reimbursement request status should remain pending")
public void the_reimbursement_request_status_should_remain_pending() {
    // Write code here that turns the phrase above into concrete actions
    throw new io.cucumber.java.PendingException();
}

</error>
  </testcase>
  <testcase name="As a manager I want be able to deny reimbursement requests (POSITIVE)" classname="Managers of our reimbursement application should be able to deny reimbursement requessts" time="0.004">
    <error message="The step &quot;the manager is on the manager page&quot; is undefined. You can implement it using the snippet(s) below:&#10;&#10;@Given(&quot;the manager is on the manager page&quot;)&#10;public void the_manager_is_on_the_manager_page() {&#10;    // Write code here that turns the phrase above into concrete actions&#10;    throw new io.cucumber.java.PendingException();&#10;}&#10;&#10;&#10;Some other steps were also undefined:&#10;&#10;@When(&quot;the manager views the reimbursement requests&quot;)&#10;public void the_manager_views_the_reimbursement_requests() {&#10;    // Write code here that turns the phrase above into concrete actions&#10;    throw new io.cucumber.java.PendingException();&#10;}&#10;@When(&quot;the manager inputs a pending reimbursement request ID number&quot;)&#10;public void the_manager_inputs_a_pending_reimbursement_request_ID_number() {&#10;    // Write code here that turns the phrase above into concrete actions&#10;    throw new io.cucumber.java.PendingException();&#10;}&#10;@When(&quot;the manager inputs a reason description&quot;)&#10;public void the_manager_inputs_a_reason_description() {&#10;    // Write code here that turns the phrase above into concrete actions&#10;    throw new io.cucumber.java.PendingException();&#10;}&#10;@When(&quot;the manager selects deny&quot;)&#10;public void the_manager_selects_deny() {&#10;    // Write code here that turns the phrase above into concrete actions&#10;    throw new io.cucumber.java.PendingException();&#10;}&#10;@When(&quot;the manager clicks submit&quot;)&#10;public void the_manager_clicks_submit() {&#10;    // Write code here that turns the phrase above into concrete actions&#10;    throw new io.cucumber.java.PendingException();&#10;}&#10;@Then(&quot;the reimbursement request status should change from pending to denied&quot;)&#10;public void the_reimbursement_request_status_should_change_from_pending_to_denied() {&#10;    // Write code here that turns the phrase above into concrete actions&#10;    throw new io.cucumber.java.PendingException();&#10;}&#10;" type="io.cucumber.junit.UndefinedStepException">io.cucumber.junit.UndefinedStepException: 
The step "the manager is on the manager page" is undefined. You can implement it using the snippet(s) below:

@Given("the manager is on the manager page")
public void the_manager_is_on_the_manager_page() {
    // Write code here that turns the phrase above into concrete actions
    throw new io.cucumber.java.PendingException();
}


Some other steps were also undefined:

@When("the manager views the reimbursement requests")
public void the_manager_views_the_reimbursement_requests() {
    // Write code here that turns the phrase above into concrete actions
    throw new io.cucumber.java.PendingException();
}
@When("the manager inputs a pending reimbursement request ID number")
public void the_manager_inputs_a_pending_reimbursement_request_ID_number() {
    // Write code here that turns the phrase above into concrete actions
    throw new io.cucumber.java.PendingException();
}
@When("the manager inputs a reason description")
public void the_manager_inputs_a_reason_description() {
    // Write code here that turns the phrase above into concrete actions
    throw new io.cucumber.java.PendingException();
}
@When("the manager selects deny")
public void the_manager_selects_deny() {
    // Write code here that turns the phrase above into concrete actions
    throw new io.cucumber.java.PendingException();
}
@When("the manager clicks submit")
public void the_manager_clicks_submit() {
    // Write code here that turns the phrase above into concrete actions
    throw new io.cucumber.java.PendingException();
}
@Then("the reimbursement request status should change from pending to denied")
public void the_reimbursement_request_status_should_change_from_pending_to_denied() {
    // Write code here that turns the phrase above into concrete actions
    throw new io.cucumber.java.PendingException();
}

</error>
  </testcase>
  <testcase name="Reimbursement request statuses should not change if they are not denied successfully (NEGATIVE)" classname="Managers of our reimbursement application should be able to deny reimbursement requessts" time="0">
    <error message="The step &quot;the manager is on the manager page&quot; is undefined. You can implement it using the snippet(s) below:&#10;&#10;@Given(&quot;the manager is on the manager page&quot;)&#10;public void the_manager_is_on_the_manager_page() {&#10;    // Write code here that turns the phrase above into concrete actions&#10;    throw new io.cucumber.java.PendingException();&#10;}&#10;&#10;&#10;Some other steps were also undefined:&#10;&#10;@When(&quot;the manager views the reimbursement requests&quot;)&#10;public void the_manager_views_the_reimbursement_requests() {&#10;    // Write code here that turns the phrase above into concrete actions&#10;    throw new io.cucumber.java.PendingException();&#10;}&#10;@When(&quot;the manager clicks submit&quot;)&#10;public void the_manager_clicks_submit() {&#10;    // Write code here that turns the phrase above into concrete actions&#10;    throw new io.cucumber.java.PendingException();&#10;}&#10;@Then(&quot;the reimbursement request status should remain pending&quot;)&#10;public void the_reimbursement_request_status_should_remain_pending() {&#10;    // Write code here that turns the phrase above into concrete actions&#10;    throw new io.cucumber.java.PendingException();&#10;}&#10;" type="io.cucumber.junit.UndefinedStepException">io.cucumber.junit.UndefinedStepException: 
The step "the manager is on the manager page" is undefined. You can implement it using the snippet(s) below:

@Given("the manager is on the manager page")
public void the_manager_is_on_the_manager_page() {
    // Write code here that turns the phrase above into concrete actions
    throw new io.cucumber.java.PendingException();
}


Some other steps were also undefined:

@When("the manager views the reimbursement requests")
public void the_manager_views_the_reimbursement_requests() {
    // Write code here that turns the phrase above into concrete actions
    throw new io.cucumber.java.PendingException();
}
@When("the manager clicks submit")
public void the_manager_clicks_submit() {
    // Write code here that turns the phrase above into concrete actions
    throw new io.cucumber.java.PendingException();
}
@Then("the reimbursement request status should remain pending")
public void the_reimbursement_request_status_should_remain_pending() {
    // Write code here that turns the phrase above into concrete actions
    throw new io.cucumber.java.PendingException();
}

</error>
  </testcase>
  <testcase name="As a manager, I want to add a reimbursement request reason description so I can tell my employee why I approved or denied their request (POSITIVE)" classname="Managers of our reimbursement application should add a 500 character maximum reimbursement request reason description" time="0">
    <error message="The step &quot;the manager is on their personal manager homepage&quot; is undefined. You can implement it using the snippet(s) below:&#10;&#10;@Given(&quot;the manager is on their personal manager homepage&quot;)&#10;public void the_manager_is_on_their_personal_manager_homepage() {&#10;    // Write code here that turns the phrase above into concrete actions&#10;    throw new io.cucumber.java.PendingException();&#10;}&#10;&#10;&#10;Some other steps were also undefined:&#10;&#10;@When(&quot;the manger views the reimbursement requests&quot;)&#10;public void the_manger_views_the_reimbursement_requests() {&#10;    // Write code here that turns the phrase above into concrete actions&#10;    throw new io.cucumber.java.PendingException();&#10;}&#10;@When(&quot;the manager inputs a pending reimbursement request ID number&quot;)&#10;public void the_manager_inputs_a_pending_reimbursement_request_ID_number() {&#10;    // Write code here that turns the phrase above into concrete actions&#10;    throw new io.cucumber.java.PendingException();&#10;}&#10;@When(&quot;the manager inputs in a {int} character maximum reimbursement request reason description&quot;)&#10;public void the_manager_inputs_in_a_character_maximum_reimbursement_request_reason_description(Integer int1) {&#10;    // Write code here that turns the phrase above into concrete actions&#10;    throw new io.cucumber.java.PendingException();&#10;}&#10;@When(&quot;the manager selects accept&quot;)&#10;public void the_manager_selects_accept() {&#10;    // Write code here that turns the phrase above into concrete actions&#10;    throw new io.cucumber.java.PendingException();&#10;}&#10;@When(&quot;the manager clicks submit&quot;)&#10;public void the_manager_clicks_submit() {&#10;    // Write code here that turns the phrase above into concrete actions&#10;    throw new io.cucumber.java.PendingException();&#10;}&#10;@Then(&quot;the manager should have approved a request alongside a reason&quot;)&#10;public void the_manager_should_have_approved_a_request_alongside_a_reason() {&#10;    // Write code here that turns the phrase above into concrete actions&#10;    throw new io.cucumber.java.PendingException();&#10;}&#10;" type="io.cucumber.junit.UndefinedStepException">io.cucumber.junit.UndefinedStepException: 
The step "the manager is on their personal manager homepage" is undefined. You can implement it using the snippet(s) below:

@Given("the manager is on their personal manager homepage")
public void the_manager_is_on_their_personal_manager_homepage() {
    // Write code here that turns the phrase above into concrete actions
    throw new io.cucumber.java.PendingException();
}


Some other steps were also undefined:

@When("the manger views the reimbursement requests")
public void the_manger_views_the_reimbursement_requests() {
    // Write code here that turns the phrase above into concrete actions
    throw new io.cucumber.java.PendingException();
}
@When("the manager inputs a pending reimbursement request ID number")
public void the_manager_inputs_a_pending_reimbursement_request_ID_number() {
    // Write code here that turns the phrase above into concrete actions
    throw new io.cucumber.java.PendingException();
}
@When("the manager inputs in a {int} character maximum reimbursement request reason description")
public void the_manager_inputs_in_a_character_maximum_reimbursement_request_reason_description(Integer int1) {
    // Write code here that turns the phrase above into concrete actions
    throw new io.cucumber.java.PendingException();
}
@When("the manager selects accept")
public void the_manager_selects_accept() {
    // Write code here that turns the phrase above into concrete actions
    throw new io.cucumber.java.PendingException();
}
@When("the manager clicks submit")
public void the_manager_clicks_submit() {
    // Write code here that turns the phrase above into concrete actions
    throw new io.cucumber.java.PendingException();
}
@Then("the manager should have approved a request alongside a reason")
public void the_manager_should_have_approved_a_request_alongside_a_reason() {
    // Write code here that turns the phrase above into concrete actions
    throw new io.cucumber.java.PendingException();
}

</error>
  </testcase>
  <testcase name="I should be blocked from inputting more text if I try to enter a reimbursement request reason description over 500 characters (NEGATIVE)" classname="Managers of our reimbursement application should add a 500 character maximum reimbursement request reason description" time="0">
    <error message="The step &quot;the manager is on their personal manager homepage&quot; is undefined. You can implement it using the snippet(s) below:&#10;&#10;@Given(&quot;the manager is on their personal manager homepage&quot;)&#10;public void the_manager_is_on_their_personal_manager_homepage() {&#10;    // Write code here that turns the phrase above into concrete actions&#10;    throw new io.cucumber.java.PendingException();&#10;}&#10;&#10;&#10;Some other steps were also undefined:&#10;&#10;@When(&quot;the manager tries to enter more than {int} characters in the reimbursement request reason description&quot;)&#10;public void the_manager_tries_to_enter_more_than_characters_in_the_reimbursement_request_reason_description(Integer int1) {&#10;    // Write code here that turns the phrase above into concrete actions&#10;    throw new io.cucumber.java.PendingException();&#10;}&#10;@Then(&quot;the manager should not be able to type any more characters in the input box&quot;)&#10;public void the_manager_should_not_be_able_to_type_any_more_characters_in_the_input_box() {&#10;    // Write code here that turns the phrase above into concrete actions&#10;    throw new io.cucumber.java.PendingException();&#10;}&#10;" type="io.cucumber.junit.UndefinedStepException">io.cucumber.junit.UndefinedStepException: 
The step "the manager is on their personal manager homepage" is undefined. You can implement it using the snippet(s) below:

@Given("the manager is on their personal manager homepage")
public void the_manager_is_on_their_personal_manager_homepage() {
    // Write code here that turns the phrase above into concrete actions
    throw new io.cucumber.java.PendingException();
}


Some other steps were also undefined:

@When("the manager tries to enter more than {int} characters in the reimbursement request reason description")
public void the_manager_tries_to_enter_more_than_characters_in_the_reimbursement_request_reason_description(Integer int1) {
    // Write code here that turns the phrase above into concrete actions
    throw new io.cucumber.java.PendingException();
}
@Then("the manager should not be able to type any more characters in the input box")
public void the_manager_should_not_be_able_to_type_any_more_characters_in_the_input_box() {
    // Write code here that turns the phrase above into concrete actions
    throw new io.cucumber.java.PendingException();
}

</error>
  </testcase>
  <testcase name="I should receive an alert if I do not put a reimbursement request reason description (NEGATIVE)" classname="Managers of our reimbursement application should add a 500 character maximum reimbursement request reason description" time="0">
    <error message="The step &quot;the manager is on their personal manager homepage&quot; is undefined. You can implement it using the snippet(s) below:&#10;&#10;@Given(&quot;the manager is on their personal manager homepage&quot;)&#10;public void the_manager_is_on_their_personal_manager_homepage() {&#10;    // Write code here that turns the phrase above into concrete actions&#10;    throw new io.cucumber.java.PendingException();&#10;}&#10;&#10;&#10;Some other steps were also undefined:&#10;&#10;@When(&quot;the manager views the reimbursement requests&quot;)&#10;public void the_manager_views_the_reimbursement_requests() {&#10;    // Write code here that turns the phrase above into concrete actions&#10;    throw new io.cucumber.java.PendingException();&#10;}&#10;@When(&quot;the manager inputs a pending reimbursement request ID number&quot;)&#10;public void the_manager_inputs_a_pending_reimbursement_request_ID_number() {&#10;    // Write code here that turns the phrase above into concrete actions&#10;    throw new io.cucumber.java.PendingException();&#10;}&#10;@When(&quot;the manager selects accept&quot;)&#10;public void the_manager_selects_accept() {&#10;    // Write code here that turns the phrase above into concrete actions&#10;    throw new io.cucumber.java.PendingException();&#10;}&#10;@When(&quot;the manager clicks submit&quot;)&#10;public void the_manager_clicks_submit() {&#10;    // Write code here that turns the phrase above into concrete actions&#10;    throw new io.cucumber.java.PendingException();&#10;}&#10;@Then(&quot;the manager should receive an alert that they need to enter a reimbursement reason description&quot;)&#10;public void the_manager_should_receive_an_alert_that_they_need_to_enter_a_reimbursement_reason_description() {&#10;    // Write code here that turns the phrase above into concrete actions&#10;    throw new io.cucumber.java.PendingException();&#10;}&#10;" type="io.cucumber.junit.UndefinedStepException">io.cucumber.junit.UndefinedStepException: 
The step "the manager is on their personal manager homepage" is undefined. You can implement it using the snippet(s) below:

@Given("the manager is on their personal manager homepage")
public void the_manager_is_on_their_personal_manager_homepage() {
    // Write code here that turns the phrase above into concrete actions
    throw new io.cucumber.java.PendingException();
}


Some other steps were also undefined:

@When("the manager views the reimbursement requests")
public void the_manager_views_the_reimbursement_requests() {
    // Write code here that turns the phrase above into concrete actions
    throw new io.cucumber.java.PendingException();
}
@When("the manager inputs a pending reimbursement request ID number")
public void the_manager_inputs_a_pending_reimbursement_request_ID_number() {
    // Write code here that turns the phrase above into concrete actions
    throw new io.cucumber.java.PendingException();
}
@When("the manager selects accept")
public void the_manager_selects_accept() {
    // Write code here that turns the phrase above into concrete actions
    throw new io.cucumber.java.PendingException();
}
@When("the manager clicks submit")
public void the_manager_clicks_submit() {
    // Write code here that turns the phrase above into concrete actions
    throw new io.cucumber.java.PendingException();
}
@Then("the manager should receive an alert that they need to enter a reimbursement reason description")
public void the_manager_should_receive_an_alert_that_they_need_to_enter_a_reimbursement_reason_description() {
    // Write code here that turns the phrase above into concrete actions
    throw new io.cucumber.java.PendingException();
}

</error>
  </testcase>
  <testcase name="As a manager I want to login in so I can view my custom homepage (POSITIVE)" classname="Managers of our reimbursement application should be able to log in to their personal manager homepage" time="3.683"/>
  <testcase name="As a manager, I want to receive an alert if I login with the incorrect credentials (NEGATIVE)" classname="Managers of our reimbursement application should be able to log in to their personal manager homepage" time="0.515">
    <error type="java.lang.NullPointerException">java.lang.NullPointerException
</error>
  </testcase>
  <testcase name="As a manager, I want to sign out so I can prevent others from accessing my information (POSITIVE)" classname="Managers of our reimbursement application should be able to logout of their homepage" time="0.004">
    <error message="The step &quot;the manager is on their personal manager homepage&quot; is undefined. You can implement it using the snippet(s) below:&#10;&#10;@Given(&quot;the manager is on their personal manager homepage&quot;)&#10;public void the_manager_is_on_their_personal_manager_homepage() {&#10;    // Write code here that turns the phrase above into concrete actions&#10;    throw new io.cucumber.java.PendingException();&#10;}&#10;&#10;&#10;Some other steps were also undefined:&#10;&#10;@When(&quot;the manager clicks the logout button&quot;)&#10;public void the_manager_clicks_the_logout_button() {&#10;    // Write code here that turns the phrase above into concrete actions&#10;    throw new io.cucumber.java.PendingException();&#10;}&#10;@When(&quot;the manager confirms they want to logout&quot;)&#10;public void the_manager_confirms_they_want_to_logout() {&#10;    // Write code here that turns the phrase above into concrete actions&#10;    throw new io.cucumber.java.PendingException();&#10;}&#10;@Then(&quot;the manager should be logged out and returned back to the login homepage&quot;)&#10;public void the_manager_should_be_logged_out_and_returned_back_to_the_login_homepage() {&#10;    // Write code here that turns the phrase above into concrete actions&#10;    throw new io.cucumber.java.PendingException();&#10;}&#10;" type="io.cucumber.junit.UndefinedStepException">io.cucumber.junit.UndefinedStepException: 
The step "the manager is on their personal manager homepage" is undefined. You can implement it using the snippet(s) below:

@Given("the manager is on their personal manager homepage")
public void the_manager_is_on_their_personal_manager_homepage() {
    // Write code here that turns the phrase above into concrete actions
    throw new io.cucumber.java.PendingException();
}


Some other steps were also undefined:

@When("the manager clicks the logout button")
public void the_manager_clicks_the_logout_button() {
    // Write code here that turns the phrase above into concrete actions
    throw new io.cucumber.java.PendingException();
}
@When("the manager confirms they want to logout")
public void the_manager_confirms_they_want_to_logout() {
    // Write code here that turns the phrase above into concrete actions
    throw new io.cucumber.java.PendingException();
}
@Then("the manager should be logged out and returned back to the login homepage")
public void the_manager_should_be_logged_out_and_returned_back_to_the_login_homepage() {
    // Write code here that turns the phrase above into concrete actions
    throw new io.cucumber.java.PendingException();
}

</error>
  </testcase>
  <testcase name="If I do not confirm I want to logout, I should not logout successfully (NEGATIVE)" classname="Managers of our reimbursement application should be able to logout of their homepage" time="0.003">
    <error message="The step &quot;the manager is on their personal manager homepage&quot; is undefined. You can implement it using the snippet(s) below:&#10;&#10;@Given(&quot;the manager is on their personal manager homepage&quot;)&#10;public void the_manager_is_on_their_personal_manager_homepage() {&#10;    // Write code here that turns the phrase above into concrete actions&#10;    throw new io.cucumber.java.PendingException();&#10;}&#10;&#10;&#10;Some other steps were also undefined:&#10;&#10;@When(&quot;the manager clicks the logout button&quot;)&#10;public void the_manager_clicks_the_logout_button() {&#10;    // Write code here that turns the phrase above into concrete actions&#10;    throw new io.cucumber.java.PendingException();&#10;}&#10;@When(&quot;the manager does not confirm they want to logout&quot;)&#10;public void the_manager_does_not_confirm_they_want_to_logout() {&#10;    // Write code here that turns the phrase above into concrete actions&#10;    throw new io.cucumber.java.PendingException();&#10;}&#10;@Then(&quot;the manager should stay on their current page.&quot;)&#10;public void the_manager_should_stay_on_their_current_page() {&#10;    // Write code here that turns the phrase above into concrete actions&#10;    throw new io.cucumber.java.PendingException();&#10;}&#10;" type="io.cucumber.junit.UndefinedStepException">io.cucumber.junit.UndefinedStepException: 
The step "the manager is on their personal manager homepage" is undefined. You can implement it using the snippet(s) below:

@Given("the manager is on their personal manager homepage")
public void the_manager_is_on_their_personal_manager_homepage() {
    // Write code here that turns the phrase above into concrete actions
    throw new io.cucumber.java.PendingException();
}


Some other steps were also undefined:

@When("the manager clicks the logout button")
public void the_manager_clicks_the_logout_button() {
    // Write code here that turns the phrase above into concrete actions
    throw new io.cucumber.java.PendingException();
}
@When("the manager does not confirm they want to logout")
public void the_manager_does_not_confirm_they_want_to_logout() {
    // Write code here that turns the phrase above into concrete actions
    throw new io.cucumber.java.PendingException();
}
@Then("the manager should stay on their current page.")
public void the_manager_should_stay_on_their_current_page() {
    // Write code here that turns the phrase above into concrete actions
    throw new io.cucumber.java.PendingException();
}

</error>
  </testcase>
  <testcase name="As a manager, I want to view all employee reimbursement requests so I can see if I need to approve or deny requests (POSITIVE)" classname="Manager of our reimbursement application should be able to view all employee reimbursement requests" time="0.004">
    <error message="The step &quot;the manager is on their personal manager homepage&quot; is undefined. You can implement it using the snippet(s) below:&#10;&#10;@Given(&quot;the manager is on their personal manager homepage&quot;)&#10;public void the_manager_is_on_their_personal_manager_homepage() {&#10;    // Write code here that turns the phrase above into concrete actions&#10;    throw new io.cucumber.java.PendingException();&#10;}&#10;&#10;&#10;Some other steps were also undefined:&#10;&#10;@When(&quot;their personal manager homepage loads&quot;)&#10;public void their_personal_manager_homepage_loads() {&#10;    // Write code here that turns the phrase above into concrete actions&#10;    throw new io.cucumber.java.PendingException();&#10;}&#10;@When(&quot;a table generates with employee reimbursement requests&quot;)&#10;public void a_table_generates_with_employee_reimbursement_requests() {&#10;    // Write code here that turns the phrase above into concrete actions&#10;    throw new io.cucumber.java.PendingException();&#10;}&#10;@Then(&quot;the manager should be able to view employee reimbursement requests&quot;)&#10;public void the_manager_should_be_able_to_view_employee_reimbursement_requests() {&#10;    // Write code here that turns the phrase above into concrete actions&#10;    throw new io.cucumber.java.PendingException();&#10;}&#10;" type="io.cucumber.junit.UndefinedStepException">io.cucumber.junit.UndefinedStepException: 
The step "the manager is on their personal manager homepage" is undefined. You can implement it using the snippet(s) below:

@Given("the manager is on their personal manager homepage")
public void the_manager_is_on_their_personal_manager_homepage() {
    // Write code here that turns the phrase above into concrete actions
    throw new io.cucumber.java.PendingException();
}


Some other steps were also undefined:

@When("their personal manager homepage loads")
public void their_personal_manager_homepage_loads() {
    // Write code here that turns the phrase above into concrete actions
    throw new io.cucumber.java.PendingException();
}
@When("a table generates with employee reimbursement requests")
public void a_table_generates_with_employee_reimbursement_requests() {
    // Write code here that turns the phrase above into concrete actions
    throw new io.cucumber.java.PendingException();
}
@Then("the manager should be able to view employee reimbursement requests")
public void the_manager_should_be_able_to_view_employee_reimbursement_requests() {
    // Write code here that turns the phrase above into concrete actions
    throw new io.cucumber.java.PendingException();
}

</error>
  </testcase>
  <testcase name="I should receive an alert if my I cannot view employee reimbursement requests (NEGATIVE)" classname="Manager of our reimbursement application should be able to view all employee reimbursement requests" time="0.004">
    <error message="The step &quot;the manager is on their personal manager homepage&quot; is undefined. You can implement it using the snippet(s) below:&#10;&#10;@Given(&quot;the manager is on their personal manager homepage&quot;)&#10;public void the_manager_is_on_their_personal_manager_homepage() {&#10;    // Write code here that turns the phrase above into concrete actions&#10;    throw new io.cucumber.java.PendingException();&#10;}&#10;&#10;&#10;Some other steps were also undefined:&#10;&#10;@When(&quot;their personal manager homepage loads&quot;)&#10;public void their_personal_manager_homepage_loads() {&#10;    // Write code here that turns the phrase above into concrete actions&#10;    throw new io.cucumber.java.PendingException();&#10;}&#10;@When(&quot;a table does not generate with employee reimbursement requests&quot;)&#10;public void a_table_does_not_generate_with_employee_reimbursement_requests() {&#10;    // Write code here that turns the phrase above into concrete actions&#10;    throw new io.cucumber.java.PendingException();&#10;}&#10;@Then(&quot;the manager should receive an alert that there are no reimbursement requests available&quot;)&#10;public void the_manager_should_receive_an_alert_that_there_are_no_reimbursement_requests_available() {&#10;    // Write code here that turns the phrase above into concrete actions&#10;    throw new io.cucumber.java.PendingException();&#10;}&#10;" type="io.cucumber.junit.UndefinedStepException">io.cucumber.junit.UndefinedStepException: 
The step "the manager is on their personal manager homepage" is undefined. You can implement it using the snippet(s) below:

@Given("the manager is on their personal manager homepage")
public void the_manager_is_on_their_personal_manager_homepage() {
    // Write code here that turns the phrase above into concrete actions
    throw new io.cucumber.java.PendingException();
}


Some other steps were also undefined:

@When("their personal manager homepage loads")
public void their_personal_manager_homepage_loads() {
    // Write code here that turns the phrase above into concrete actions
    throw new io.cucumber.java.PendingException();
}
@When("a table does not generate with employee reimbursement requests")
public void a_table_does_not_generate_with_employee_reimbursement_requests() {
    // Write code here that turns the phrase above into concrete actions
    throw new io.cucumber.java.PendingException();
}
@Then("the manager should receive an alert that there are no reimbursement requests available")
public void the_manager_should_receive_an_alert_that_there_are_no_reimbursement_requests_available() {
    // Write code here that turns the phrase above into concrete actions
    throw new io.cucumber.java.PendingException();
}

</error>
  </testcase>
</testsuite>