<?xml version="1.0" encoding="UTF-8"?>
<testsuite xmlns:xsi="http://www.w3.org/2001/XMLSchema-instance" xsi:noNamespaceSchemaLocation="https://maven.apache.org/surefire/maven-surefire-plugin/xsd/surefire-test-report.xsd" name="com.automation.runner.TestRunner" time="131.272" tests="11" errors="9" skipped="0" failures="0">
  <properties>
    <property name="gopherProxySet" value="false"/>
    <property name="awt.toolkit" value="sun.lwawt.macosx.LWCToolkit"/>
    <property name="file.encoding.pkg" value="sun.io"/>
    <property name="java.specification.version" value="1.8"/>
    <property name="sun.cpu.isalist" value=""/>
    <property name="sun.jnu.encoding" value="UTF-8"/>
    <property name="java.class.path" value="/Users/mauricekabeireho/_dev/Refund-Api/refundapi/target/test-classes:/Users/mauricekabeireho/_dev/Refund-Api/refundapi/target/classes:/Users/mauricekabeireho/.m2/repository/io/cucumber/cucumber-java/6.1.1/cucumber-java-6.1.1.jar:/Users/mauricekabeireho/.m2/repository/io/cucumber/cucumber-core/6.1.1/cucumber-core-6.1.1.jar:/Users/mauricekabeireho/.m2/repository/io/cucumber/cucumber-gherkin/6.1.1/cucumber-gherkin-6.1.1.jar:/Users/mauricekabeireho/.m2/repository/io/cucumber/cucumber-gherkin-messages/6.1.1/cucumber-gherkin-messages-6.1.1.jar:/Users/mauricekabeireho/.m2/repository/io/cucumber/messages/12.1.1/messages-12.1.1.jar:/Users/mauricekabeireho/.m2/repository/io/cucumber/tag-expressions/3.0.0/tag-expressions-3.0.0.jar:/Users/mauricekabeireho/.m2/repository/io/cucumber/cucumber-expressions/10.2.0/cucumber-expressions-10.2.0.jar:/Users/mauricekabeireho/.m2/repository/io/cucumber/datatable/3.3.1/datatable-3.3.1.jar:/Users/mauricekabeireho/.m2/repository/io/cucumber/cucumber-plugin/6.1.1/cucumber-plugin-6.1.1.jar:/Users/mauricekabeireho/.m2/repository/io/cucumber/docstring/6.1.1/docstring-6.1.1.jar:/Users/mauricekabeireho/.m2/repository/io/cucumber/html-formatter/6.0.3/html-formatter-6.0.3.jar:/Users/mauricekabeireho/.m2/repository/org/apiguardian/apiguardian-api/1.1.0/apiguardian-api-1.1.0.jar:/Users/mauricekabeireho/.m2/repository/io/cucumber/cucumber-junit/6.1.1/cucumber-junit-6.1.1.jar:/Users/mauricekabeireho/.m2/repository/junit/junit/4.13/junit-4.13.jar:/Users/mauricekabeireho/.m2/repository/org/hamcrest/hamcrest-core/1.3/hamcrest-core-1.3.jar:/Users/mauricekabeireho/.m2/repository/org/seleniumhq/selenium/selenium-java/3.141.59/selenium-java-3.141.59.jar:/Users/mauricekabeireho/.m2/repository/org/seleniumhq/selenium/selenium-api/3.141.59/selenium-api-3.141.59.jar:/Users/mauricekabeireho/.m2/repository/org/seleniumhq/selenium/selenium-chrome-driver/3.141.59/selenium-chrome-driver-3.141.59.jar:/Users/mauricekabeireho/.m2/repository/org/seleniumhq/selenium/selenium-edge-driver/3.141.59/selenium-edge-driver-3.141.59.jar:/Users/mauricekabeireho/.m2/repository/org/seleniumhq/selenium/selenium-firefox-driver/3.141.59/selenium-firefox-driver-3.141.59.jar:/Users/mauricekabeireho/.m2/repository/org/seleniumhq/selenium/selenium-ie-driver/3.141.59/selenium-ie-driver-3.141.59.jar:/Users/mauricekabeireho/.m2/repository/org/seleniumhq/selenium/selenium-opera-driver/3.141.59/selenium-opera-driver-3.141.59.jar:/Users/mauricekabeireho/.m2/repository/org/seleniumhq/selenium/selenium-remote-driver/3.141.59/selenium-remote-driver-3.141.59.jar:/Users/mauricekabeireho/.m2/repository/org/seleniumhq/selenium/selenium-safari-driver/3.141.59/selenium-safari-driver-3.141.59.jar:/Users/mauricekabeireho/.m2/repository/org/seleniumhq/selenium/selenium-support/3.141.59/selenium-support-3.141.59.jar:/Users/mauricekabeireho/.m2/repository/net/bytebuddy/byte-buddy/1.8.15/byte-buddy-1.8.15.jar:/Users/mauricekabeireho/.m2/repository/org/apache/commons/commons-exec/1.3/commons-exec-1.3.jar:/Users/mauricekabeireho/.m2/repository/com/google/guava/guava/25.0-jre/guava-25.0-jre.jar:/Users/mauricekabeireho/.m2/repository/com/google/code/findbugs/jsr305/1.3.9/jsr305-1.3.9.jar:/Users/mauricekabeireho/.m2/repository/org/checkerframework/checker-compat-qual/2.0.0/checker-compat-qual-2.0.0.jar:/Users/mauricekabeireho/.m2/repository/com/google/errorprone/error_prone_annotations/2.1.3/error_prone_annotations-2.1.3.jar:/Users/mauricekabeireho/.m2/repository/com/google/j2objc/j2objc-annotations/1.1/j2objc-annotations-1.1.jar:/Users/mauricekabeireho/.m2/repository/org/codehaus/mojo/animal-sniffer-annotations/1.14/animal-sniffer-annotations-1.14.jar:/Users/mauricekabeireho/.m2/repository/com/squareup/okhttp3/okhttp/3.11.0/okhttp-3.11.0.jar:/Users/mauricekabeireho/.m2/repository/com/squareup/okio/okio/1.14.0/okio-1.14.0.jar:/Users/mauricekabeireho/.m2/repository/org/hibernate/hibernate-core/5.6.1.Final/hibernate-core-5.6.1.Final.jar:/Users/mauricekabeireho/.m2/repository/org/jboss/logging/jboss-logging/3.4.2.Final/jboss-logging-3.4.2.Final.jar:/Users/mauricekabeireho/.m2/repository/javax/persistence/javax.persistence-api/2.2/javax.persistence-api-2.2.jar:/Users/mauricekabeireho/.m2/repository/antlr/antlr/2.7.7/antlr-2.7.7.jar:/Users/mauricekabeireho/.m2/repository/org/jboss/spec/javax/transaction/jboss-transaction-api_1.2_spec/1.1.1.Final/jboss-transaction-api_1.2_spec-1.1.1.Final.jar:/Users/mauricekabeireho/.m2/repository/org/jboss/jandex/2.2.3.Final/jandex-2.2.3.Final.jar:/Users/mauricekabeireho/.m2/repository/com/fasterxml/classmate/1.5.1/classmate-1.5.1.jar:/Users/mauricekabeireho/.m2/repository/javax/activation/javax.activation-api/1.2.0/javax.activation-api-1.2.0.jar:/Users/mauricekabeireho/.m2/repository/org/hibernate/common/hibernate-commons-annotations/5.1.2.Final/hibernate-commons-annotations-5.1.2.Final.jar:/Users/mauricekabeireho/.m2/repository/javax/xml/bind/jaxb-api/2.3.1/jaxb-api-2.3.1.jar:/Users/mauricekabeireho/.m2/repository/org/glassfish/jaxb/jaxb-runtime/2.3.1/jaxb-runtime-2.3.1.jar:/Users/mauricekabeireho/.m2/repository/org/glassfish/jaxb/txw2/2.3.1/txw2-2.3.1.jar:/Users/mauricekabeireho/.m2/repository/com/sun/istack/istack-commons-runtime/3.0.7/istack-commons-runtime-3.0.7.jar:/Users/mauricekabeireho/.m2/repository/org/jvnet/staxex/stax-ex/1.8/stax-ex-1.8.jar:/Users/mauricekabeireho/.m2/repository/com/sun/xml/fastinfoset/FastInfoset/1.2.15/FastInfoset-1.2.15.jar:/Users/mauricekabeireho/.m2/repository/org/postgresql/postgresql/42.4.0/postgresql-42.4.0.jar:/Users/mauricekabeireho/.m2/repository/org/checkerframework/checker-qual/3.5.0/checker-qual-3.5.0.jar:/Users/mauricekabeireho/.m2/repository/org/mockito/mockito-all/2.0.2-beta/mockito-all-2.0.2-beta.jar:/Users/mauricekabeireho/.m2/repository/io/javalin/javalin-bundle/4.6.4/javalin-bundle-4.6.4.jar:/Users/mauricekabeireho/.m2/repository/io/javalin/javalin/4.6.4/javalin-4.6.4.jar:/Users/mauricekabeireho/.m2/repository/org/slf4j/slf4j-api/1.7.36/slf4j-api-1.7.36.jar:/Users/mauricekabeireho/.m2/repository/org/eclipse/jetty/jetty-server/9.4.48.v20220622/jetty-server-9.4.48.v20220622.jar:/Users/mauricekabeireho/.m2/repository/javax/servlet/javax.servlet-api/3.1.0/javax.servlet-api-3.1.0.jar:/Users/mauricekabeireho/.m2/repository/org/eclipse/jetty/jetty-http/9.4.48.v20220622/jetty-http-9.4.48.v20220622.jar:/Users/mauricekabeireho/.m2/repository/org/eclipse/jetty/jetty-webapp/9.4.48.v20220622/jetty-webapp-9.4.48.v20220622.jar:/Users/mauricekabeireho/.m2/repository/org/eclipse/jetty/jetty-xml/9.4.48.v20220622/jetty-xml-9.4.48.v20220622.jar:/Users/mauricekabeireho/.m2/repository/org/eclipse/jetty/jetty-servlet/9.4.48.v20220622/jetty-servlet-9.4.48.v20220622.jar:/Users/mauricekabeireho/.m2/repository/org/eclipse/jetty/jetty-security/9.4.48.v20220622/jetty-security-9.4.48.v20220622.jar:/Users/mauricekabeireho/.m2/repository/org/eclipse/jetty/jetty-util-ajax/9.4.48.v20220622/jetty-util-ajax-9.4.48.v20220622.jar:/Users/mauricekabeireho/.m2/repository/org/eclipse/jetty/websocket/websocket-server/9.4.48.v20220622/websocket-server-9.4.48.v20220622.jar:/Users/mauricekabeireho/.m2/repository/org/eclipse/jetty/websocket/websocket-common/9.4.48.v20220622/websocket-common-9.4.48.v20220622.jar:/Users/mauricekabeireho/.m2/repository/org/eclipse/jetty/websocket/websocket-api/9.4.48.v20220622/websocket-api-9.4.48.v20220622.jar:/Users/mauricekabeireho/.m2/repository/org/eclipse/jetty/websocket/websocket-client/9.4.48.v20220622/websocket-client-9.4.48.v20220622.jar:/Users/mauricekabeireho/.m2/repository/org/eclipse/jetty/jetty-client/9.4.48.v20220622/jetty-client-9.4.48.v20220622.jar:/Users/mauricekabeireho/.m2/repository/org/eclipse/jetty/websocket/websocket-servlet/9.4.48.v20220622/websocket-servlet-9.4.48.v20220622.jar:/Users/mauricekabeireho/.m2/repository/io/javalin/javalin-openapi/4.6.4/javalin-openapi-4.6.4.jar:/Users/mauricekabeireho/.m2/repository/io/swagger/core/v3/swagger-models/2.1.10/swagger-models-2.1.10.jar:/Users/mauricekabeireho/.m2/repository/io/swagger/parser/v3/swagger-parser/2.0.27/swagger-parser-2.0.27.jar:/Users/mauricekabeireho/.m2/repository/io/swagger/parser/v3/swagger-parser-v2-converter/2.0.27/swagger-parser-v2-converter-2.0.27.jar:/Users/mauricekabeireho/.m2/repository/io/swagger/swagger-core/1.6.2/swagger-core-1.6.2.jar:/Users/mauricekabeireho/.m2/repository/io/swagger/swagger-models/1.6.2/swagger-models-1.6.2.jar:/Users/mauricekabeireho/.m2/repository/io/swagger/swagger-annotations/1.6.2/swagger-annotations-1.6.2.jar:/Users/mauricekabeireho/.m2/repository/io/swagger/swagger-parser/1.0.55/swagger-parser-1.0.55.jar:/Users/mauricekabeireho/.m2/repository/io/swagger/swagger-compat-spec-parser/1.0.55/swagger-compat-spec-parser-1.0.55.jar:/Users/mauricekabeireho/.m2/repository/com/github/java-json-tools/json-schema-validator/2.2.14/json-schema-validator-2.2.14.jar:/Users/mauricekabeireho/.m2/repository/com/github/java-json-tools/jackson-coreutils-equivalence/1.0/jackson-coreutils-equivalence-1.0.jar:/Users/mauricekabeireho/.m2/repository/com/github/java-json-tools/json-schema-core/1.2.14/json-schema-core-1.2.14.jar:/Users/mauricekabeireho/.m2/repository/com/github/java-json-tools/uri-template/0.10/uri-template-0.10.jar:/Users/mauricekabeireho/.m2/repository/org/mozilla/rhino/1.7.7.2/rhino-1.7.7.2.jar:/Users/mauricekabeireho/.m2/repository/com/sun/mail/mailapi/1.6.2/mailapi-1.6.2.jar:/Users/mauricekabeireho/.m2/repository/joda-time/joda-time/2.10.5/joda-time-2.10.5.jar:/Users/mauricekabeireho/.m2/repository/com/googlecode/libphonenumber/libphonenumber/8.11.1/libphonenumber-8.11.1.jar:/Users/mauricekabeireho/.m2/repository/net/sf/jopt-simple/jopt-simple/5.0.4/jopt-simple-5.0.4.jar:/Users/mauricekabeireho/.m2/repository/com/github/java-json-tools/json-patch/1.13/json-patch-1.13.jar:/Users/mauricekabeireho/.m2/repository/com/github/java-json-tools/msg-simple/1.2/msg-simple-1.2.jar:/Users/mauricekabeireho/.m2/repository/com/github/java-json-tools/btf/1.3/btf-1.3.jar:/Users/mauricekabeireho/.m2/repository/com/github/java-json-tools/jackson-coreutils/2.0/jackson-coreutils-2.0.jar:/Users/mauricekabeireho/.m2/repository/org/apache/httpcomponents/httpclient/4.5.2/httpclient-4.5.2.jar:/Users/mauricekabeireho/.m2/repository/org/apache/httpcomponents/httpcore/4.4.4/httpcore-4.4.4.jar:/Users/mauricekabeireho/.m2/repository/commons-logging/commons-logging/1.2/commons-logging-1.2.jar:/Users/mauricekabeireho/.m2/repository/commons-codec/commons-codec/1.9/commons-codec-1.9.jar:/Users/mauricekabeireho/.m2/repository/io/swagger/parser/v3/swagger-parser-core/2.0.27/swagger-parser-core-2.0.27.jar:/Users/mauricekabeireho/.m2/repository/io/swagger/parser/v3/swagger-parser-v3/2.0.27/swagger-parser-v3-2.0.27.jar:/Users/mauricekabeireho/.m2/repository/com/fasterxml/jackson/dataformat/jackson-dataformat-yaml/2.12.1/jackson-dataformat-yaml-2.12.1.jar:/Users/mauricekabeireho/.m2/repository/org/yaml/snakeyaml/1.27/snakeyaml-1.27.jar:/Users/mauricekabeireho/.m2/repository/commons-io/commons-io/2.6/commons-io-2.6.jar:/Users/mauricekabeireho/.m2/repository/org/webjars/npm/redoc/2.0.0-rc.45/redoc-2.0.0-rc.45.jar:/Users/mauricekabeireho/.m2/repository/org/webjars/swagger-ui/4.10.3/swagger-ui-4.10.3.jar:/Users/mauricekabeireho/.m2/repository/io/github/classgraph/classgraph/4.8.102/classgraph-4.8.102.jar:/Users/mauricekabeireho/.m2/repository/cc/vileda/kotlin-openapi3-dsl/1.0.0/kotlin-openapi3-dsl-1.0.0.jar:/Users/mauricekabeireho/.m2/repository/io/swagger/core/v3/swagger-core/2.1.4/swagger-core-2.1.4.jar:/Users/mauricekabeireho/.m2/repository/jakarta/xml/bind/jakarta.xml.bind-api/2.3.2/jakarta.xml.bind-api-2.3.2.jar:/Users/mauricekabeireho/.m2/repository/jakarta/activation/jakarta.activation-api/1.2.1/jakarta.activation-api-1.2.1.jar:/Users/mauricekabeireho/.m2/repository/org/apache/commons/commons-lang3/3.7/commons-lang3-3.7.jar:/Users/mauricekabeireho/.m2/repository/io/swagger/core/v3/swagger-annotations/2.1.4/swagger-annotations-2.1.4.jar:/Users/mauricekabeireho/.m2/repository/jakarta/validation/jakarta.validation-api/2.0.2/jakarta.validation-api-2.0.2.jar:/Users/mauricekabeireho/.m2/repository/com/fasterxml/jackson/module/jackson-module-jsonSchema/2.11.2/jackson-module-jsonSchema-2.11.2.jar:/Users/mauricekabeireho/.m2/repository/javax/validation/validation-api/1.1.0.Final/validation-api-1.1.0.Final.jar:/Users/mauricekabeireho/.m2/repository/com/fasterxml/jackson/datatype/jackson-datatype-json-org/2.11.2/jackson-datatype-json-org-2.11.2.jar:/Users/mauricekabeireho/.m2/repository/org/json/json/20190722/json-20190722.jar:/Users/mauricekabeireho/.m2/repository/com/reprezen/kaizen/openapi-parser/4.0.4/openapi-parser-4.0.4.jar:/Users/mauricekabeireho/.m2/repository/com/reprezen/jsonoverlay/jsonoverlay/4.0.4/jsonoverlay-4.0.4.jar:/Users/mauricekabeireho/.m2/repository/javax/mail/javax.mail-api/1.6.1/javax.mail-api-1.6.1.jar:/Users/mauricekabeireho/.m2/repository/javax/activation/activation/1.1/activation-1.1.jar:/Users/mauricekabeireho/.m2/repository/com/sun/mail/javax.mail/1.6.1/javax.mail-1.6.1.jar:/Users/mauricekabeireho/.m2/repository/io/javalin/javalin-testtools/4.6.4/javalin-testtools-4.6.4.jar:/Users/mauricekabeireho/.m2/repository/com/fasterxml/jackson/core/jackson-databind/2.13.3/jackson-databind-2.13.3.jar:/Users/mauricekabeireho/.m2/repository/com/fasterxml/jackson/core/jackson-annotations/2.13.3/jackson-annotations-2.13.3.jar:/Users/mauricekabeireho/.m2/repository/com/fasterxml/jackson/core/jackson-core/2.13.3/jackson-core-2.13.3.jar:/Users/mauricekabeireho/.m2/repository/com/fasterxml/jackson/module/jackson-module-kotlin/2.13.3/jackson-module-kotlin-2.13.3.jar:/Users/mauricekabeireho/.m2/repository/org/jetbrains/kotlin/kotlin-reflect/1.5.30/kotlin-reflect-1.5.30.jar:/Users/mauricekabeireho/.m2/repository/com/fasterxml/jackson/datatype/jackson-datatype-jsr310/2.13.3/jackson-datatype-jsr310-2.13.3.jar:/Users/mauricekabeireho/.m2/repository/org/eclipse/jetty/http2/http2-server/9.4.48.v20220622/http2-server-9.4.48.v20220622.jar:/Users/mauricekabeireho/.m2/repository/org/eclipse/jetty/http2/http2-common/9.4.48.v20220622/http2-common-9.4.48.v20220622.jar:/Users/mauricekabeireho/.m2/repository/org/eclipse/jetty/http2/http2-hpack/9.4.48.v20220622/http2-hpack-9.4.48.v20220622.jar:/Users/mauricekabeireho/.m2/repository/org/eclipse/jetty/jetty-alpn-conscrypt-server/9.4.48.v20220622/jetty-alpn-conscrypt-server-9.4.48.v20220622.jar:/Users/mauricekabeireho/.m2/repository/org/conscrypt/conscrypt-openjdk-uber/2.5.2/conscrypt-openjdk-uber-2.5.2.jar:/Users/mauricekabeireho/.m2/repository/org/eclipse/jetty/jetty-alpn-server/9.4.48.v20220622/jetty-alpn-server-9.4.48.v20220622.jar:/Users/mauricekabeireho/.m2/repository/org/eclipse/jetty/jetty-io/9.4.48.v20220622/jetty-io-9.4.48.v20220622.jar:/Users/mauricekabeireho/.m2/repository/org/eclipse/jetty/jetty-util/9.4.48.v20220622/jetty-util-9.4.48.v20220622.jar:/Users/mauricekabeireho/.m2/repository/ch/qos/logback/logback-classic/1.2.11/logback-classic-1.2.11.jar:/Users/mauricekabeireho/.m2/repository/ch/qos/logback/logback-core/1.2.11/logback-core-1.2.11.jar:/Users/mauricekabeireho/.m2/repository/org/jetbrains/kotlin/kotlin-stdlib-jdk8/1.5.32/kotlin-stdlib-jdk8-1.5.32.jar:/Users/mauricekabeireho/.m2/repository/org/jetbrains/kotlin/kotlin-stdlib/1.5.32/kotlin-stdlib-1.5.32.jar:/Users/mauricekabeireho/.m2/repository/org/jetbrains/annotations/13.0/annotations-13.0.jar:/Users/mauricekabeireho/.m2/repository/org/jetbrains/kotlin/kotlin-stdlib-common/1.5.32/kotlin-stdlib-common-1.5.32.jar:/Users/mauricekabeireho/.m2/repository/org/jetbrains/kotlin/kotlin-stdlib-jdk7/1.5.32/kotlin-stdlib-jdk7-1.5.32.jar:/Users/mauricekabeireho/.m2/repository/com/google/code/gson/gson/2.9.0/gson-2.9.0.jar:"/>
    <property name="java.vm.vendor" value="Oracle Corporation"/>
    <property name="sun.arch.data.model" value="64"/>
    <property name="java.vendor.url" value="http://java.oracle.com/"/>
    <property name="user.timezone" value=""/>
    <property name="java.vm.specification.version" value="1.8"/>
    <property name="os.name" value="Mac OS X"/>
    <property name="user.country" value="US"/>
    <property name="sun.java.launcher" value="SUN_STANDARD"/>
    <property name="sun.boot.library.path" value="/Library/Internet Plug-Ins/JavaAppletPlugin.plugin/Contents/Home/lib"/>
    <property name="sun.java.command" value="/Users/mauricekabeireho/_dev/Refund-Api/refundapi/target/surefire/surefirebooter2012396624164360142.jar /Users/mauricekabeireho/_dev/Refund-Api/refundapi/target/surefire 2022-07-29T11-49-05_111-jvmRun1 surefire7531509112105593732tmp surefire_07792582966961973606tmp"/>
    <property name="http.nonProxyHosts" value="local|*.local|169.254/16|*.169.254/16"/>
    <property name="surefire.test.class.path" value="/Users/mauricekabeireho/_dev/Refund-Api/refundapi/target/test-classes:/Users/mauricekabeireho/_dev/Refund-Api/refundapi/target/classes:/Users/mauricekabeireho/.m2/repository/io/cucumber/cucumber-java/6.1.1/cucumber-java-6.1.1.jar:/Users/mauricekabeireho/.m2/repository/io/cucumber/cucumber-core/6.1.1/cucumber-core-6.1.1.jar:/Users/mauricekabeireho/.m2/repository/io/cucumber/cucumber-gherkin/6.1.1/cucumber-gherkin-6.1.1.jar:/Users/mauricekabeireho/.m2/repository/io/cucumber/cucumber-gherkin-messages/6.1.1/cucumber-gherkin-messages-6.1.1.jar:/Users/mauricekabeireho/.m2/repository/io/cucumber/messages/12.1.1/messages-12.1.1.jar:/Users/mauricekabeireho/.m2/repository/io/cucumber/tag-expressions/3.0.0/tag-expressions-3.0.0.jar:/Users/mauricekabeireho/.m2/repository/io/cucumber/cucumber-expressions/10.2.0/cucumber-expressions-10.2.0.jar:/Users/mauricekabeireho/.m2/repository/io/cucumber/datatable/3.3.1/datatable-3.3.1.jar:/Users/mauricekabeireho/.m2/repository/io/cucumber/cucumber-plugin/6.1.1/cucumber-plugin-6.1.1.jar:/Users/mauricekabeireho/.m2/repository/io/cucumber/docstring/6.1.1/docstring-6.1.1.jar:/Users/mauricekabeireho/.m2/repository/io/cucumber/html-formatter/6.0.3/html-formatter-6.0.3.jar:/Users/mauricekabeireho/.m2/repository/org/apiguardian/apiguardian-api/1.1.0/apiguardian-api-1.1.0.jar:/Users/mauricekabeireho/.m2/repository/io/cucumber/cucumber-junit/6.1.1/cucumber-junit-6.1.1.jar:/Users/mauricekabeireho/.m2/repository/junit/junit/4.13/junit-4.13.jar:/Users/mauricekabeireho/.m2/repository/org/hamcrest/hamcrest-core/1.3/hamcrest-core-1.3.jar:/Users/mauricekabeireho/.m2/repository/org/seleniumhq/selenium/selenium-java/3.141.59/selenium-java-3.141.59.jar:/Users/mauricekabeireho/.m2/repository/org/seleniumhq/selenium/selenium-api/3.141.59/selenium-api-3.141.59.jar:/Users/mauricekabeireho/.m2/repository/org/seleniumhq/selenium/selenium-chrome-driver/3.141.59/selenium-chrome-driver-3.141.59.jar:/Users/mauricekabeireho/.m2/repository/org/seleniumhq/selenium/selenium-edge-driver/3.141.59/selenium-edge-driver-3.141.59.jar:/Users/mauricekabeireho/.m2/repository/org/seleniumhq/selenium/selenium-firefox-driver/3.141.59/selenium-firefox-driver-3.141.59.jar:/Users/mauricekabeireho/.m2/repository/org/seleniumhq/selenium/selenium-ie-driver/3.141.59/selenium-ie-driver-3.141.59.jar:/Users/mauricekabeireho/.m2/repository/org/seleniumhq/selenium/selenium-opera-driver/3.141.59/selenium-opera-driver-3.141.59.jar:/Users/mauricekabeireho/.m2/repository/org/seleniumhq/selenium/selenium-remote-driver/3.141.59/selenium-remote-driver-3.141.59.jar:/Users/mauricekabeireho/.m2/repository/org/seleniumhq/selenium/selenium-safari-driver/3.141.59/selenium-safari-driver-3.141.59.jar:/Users/mauricekabeireho/.m2/repository/org/seleniumhq/selenium/selenium-support/3.141.59/selenium-support-3.141.59.jar:/Users/mauricekabeireho/.m2/repository/net/bytebuddy/byte-buddy/1.8.15/byte-buddy-1.8.15.jar:/Users/mauricekabeireho/.m2/repository/org/apache/commons/commons-exec/1.3/commons-exec-1.3.jar:/Users/mauricekabeireho/.m2/repository/com/google/guava/guava/25.0-jre/guava-25.0-jre.jar:/Users/mauricekabeireho/.m2/repository/com/google/code/findbugs/jsr305/1.3.9/jsr305-1.3.9.jar:/Users/mauricekabeireho/.m2/repository/org/checkerframework/checker-compat-qual/2.0.0/checker-compat-qual-2.0.0.jar:/Users/mauricekabeireho/.m2/repository/com/google/errorprone/error_prone_annotations/2.1.3/error_prone_annotations-2.1.3.jar:/Users/mauricekabeireho/.m2/repository/com/google/j2objc/j2objc-annotations/1.1/j2objc-annotations-1.1.jar:/Users/mauricekabeireho/.m2/repository/org/codehaus/mojo/animal-sniffer-annotations/1.14/animal-sniffer-annotations-1.14.jar:/Users/mauricekabeireho/.m2/repository/com/squareup/okhttp3/okhttp/3.11.0/okhttp-3.11.0.jar:/Users/mauricekabeireho/.m2/repository/com/squareup/okio/okio/1.14.0/okio-1.14.0.jar:/Users/mauricekabeireho/.m2/repository/org/hibernate/hibernate-core/5.6.1.Final/hibernate-core-5.6.1.Final.jar:/Users/mauricekabeireho/.m2/repository/org/jboss/logging/jboss-logging/3.4.2.Final/jboss-logging-3.4.2.Final.jar:/Users/mauricekabeireho/.m2/repository/javax/persistence/javax.persistence-api/2.2/javax.persistence-api-2.2.jar:/Users/mauricekabeireho/.m2/repository/antlr/antlr/2.7.7/antlr-2.7.7.jar:/Users/mauricekabeireho/.m2/repository/org/jboss/spec/javax/transaction/jboss-transaction-api_1.2_spec/1.1.1.Final/jboss-transaction-api_1.2_spec-1.1.1.Final.jar:/Users/mauricekabeireho/.m2/repository/org/jboss/jandex/2.2.3.Final/jandex-2.2.3.Final.jar:/Users/mauricekabeireho/.m2/repository/com/fasterxml/classmate/1.5.1/classmate-1.5.1.jar:/Users/mauricekabeireho/.m2/repository/javax/activation/javax.activation-api/1.2.0/javax.activation-api-1.2.0.jar:/Users/mauricekabeireho/.m2/repository/org/hibernate/common/hibernate-commons-annotations/5.1.2.Final/hibernate-commons-annotations-5.1.2.Final.jar:/Users/mauricekabeireho/.m2/repository/javax/xml/bind/jaxb-api/2.3.1/jaxb-api-2.3.1.jar:/Users/mauricekabeireho/.m2/repository/org/glassfish/jaxb/jaxb-runtime/2.3.1/jaxb-runtime-2.3.1.jar:/Users/mauricekabeireho/.m2/repository/org/glassfish/jaxb/txw2/2.3.1/txw2-2.3.1.jar:/Users/mauricekabeireho/.m2/repository/com/sun/istack/istack-commons-runtime/3.0.7/istack-commons-runtime-3.0.7.jar:/Users/mauricekabeireho/.m2/repository/org/jvnet/staxex/stax-ex/1.8/stax-ex-1.8.jar:/Users/mauricekabeireho/.m2/repository/com/sun/xml/fastinfoset/FastInfoset/1.2.15/FastInfoset-1.2.15.jar:/Users/mauricekabeireho/.m2/repository/org/postgresql/postgresql/42.4.0/postgresql-42.4.0.jar:/Users/mauricekabeireho/.m2/repository/org/checkerframework/checker-qual/3.5.0/checker-qual-3.5.0.jar:/Users/mauricekabeireho/.m2/repository/org/mockito/mockito-all/2.0.2-beta/mockito-all-2.0.2-beta.jar:/Users/mauricekabeireho/.m2/repository/io/javalin/javalin-bundle/4.6.4/javalin-bundle-4.6.4.jar:/Users/mauricekabeireho/.m2/repository/io/javalin/javalin/4.6.4/javalin-4.6.4.jar:/Users/mauricekabeireho/.m2/repository/org/slf4j/slf4j-api/1.7.36/slf4j-api-1.7.36.jar:/Users/mauricekabeireho/.m2/repository/org/eclipse/jetty/jetty-server/9.4.48.v20220622/jetty-server-9.4.48.v20220622.jar:/Users/mauricekabeireho/.m2/repository/javax/servlet/javax.servlet-api/3.1.0/javax.servlet-api-3.1.0.jar:/Users/mauricekabeireho/.m2/repository/org/eclipse/jetty/jetty-http/9.4.48.v20220622/jetty-http-9.4.48.v20220622.jar:/Users/mauricekabeireho/.m2/repository/org/eclipse/jetty/jetty-webapp/9.4.48.v20220622/jetty-webapp-9.4.48.v20220622.jar:/Users/mauricekabeireho/.m2/repository/org/eclipse/jetty/jetty-xml/9.4.48.v20220622/jetty-xml-9.4.48.v20220622.jar:/Users/mauricekabeireho/.m2/repository/org/eclipse/jetty/jetty-servlet/9.4.48.v20220622/jetty-servlet-9.4.48.v20220622.jar:/Users/mauricekabeireho/.m2/repository/org/eclipse/jetty/jetty-security/9.4.48.v20220622/jetty-security-9.4.48.v20220622.jar:/Users/mauricekabeireho/.m2/repository/org/eclipse/jetty/jetty-util-ajax/9.4.48.v20220622/jetty-util-ajax-9.4.48.v20220622.jar:/Users/mauricekabeireho/.m2/repository/org/eclipse/jetty/websocket/websocket-server/9.4.48.v20220622/websocket-server-9.4.48.v20220622.jar:/Users/mauricekabeireho/.m2/repository/org/eclipse/jetty/websocket/websocket-common/9.4.48.v20220622/websocket-common-9.4.48.v20220622.jar:/Users/mauricekabeireho/.m2/repository/org/eclipse/jetty/websocket/websocket-api/9.4.48.v20220622/websocket-api-9.4.48.v20220622.jar:/Users/mauricekabeireho/.m2/repository/org/eclipse/jetty/websocket/websocket-client/9.4.48.v20220622/websocket-client-9.4.48.v20220622.jar:/Users/mauricekabeireho/.m2/repository/org/eclipse/jetty/jetty-client/9.4.48.v20220622/jetty-client-9.4.48.v20220622.jar:/Users/mauricekabeireho/.m2/repository/org/eclipse/jetty/websocket/websocket-servlet/9.4.48.v20220622/websocket-servlet-9.4.48.v20220622.jar:/Users/mauricekabeireho/.m2/repository/io/javalin/javalin-openapi/4.6.4/javalin-openapi-4.6.4.jar:/Users/mauricekabeireho/.m2/repository/io/swagger/core/v3/swagger-models/2.1.10/swagger-models-2.1.10.jar:/Users/mauricekabeireho/.m2/repository/io/swagger/parser/v3/swagger-parser/2.0.27/swagger-parser-2.0.27.jar:/Users/mauricekabeireho/.m2/repository/io/swagger/parser/v3/swagger-parser-v2-converter/2.0.27/swagger-parser-v2-converter-2.0.27.jar:/Users/mauricekabeireho/.m2/repository/io/swagger/swagger-core/1.6.2/swagger-core-1.6.2.jar:/Users/mauricekabeireho/.m2/repository/io/swagger/swagger-models/1.6.2/swagger-models-1.6.2.jar:/Users/mauricekabeireho/.m2/repository/io/swagger/swagger-annotations/1.6.2/swagger-annotations-1.6.2.jar:/Users/mauricekabeireho/.m2/repository/io/swagger/swagger-parser/1.0.55/swagger-parser-1.0.55.jar:/Users/mauricekabeireho/.m2/repository/io/swagger/swagger-compat-spec-parser/1.0.55/swagger-compat-spec-parser-1.0.55.jar:/Users/mauricekabeireho/.m2/repository/com/github/java-json-tools/json-schema-validator/2.2.14/json-schema-validator-2.2.14.jar:/Users/mauricekabeireho/.m2/repository/com/github/java-json-tools/jackson-coreutils-equivalence/1.0/jackson-coreutils-equivalence-1.0.jar:/Users/mauricekabeireho/.m2/repository/com/github/java-json-tools/json-schema-core/1.2.14/json-schema-core-1.2.14.jar:/Users/mauricekabeireho/.m2/repository/com/github/java-json-tools/uri-template/0.10/uri-template-0.10.jar:/Users/mauricekabeireho/.m2/repository/org/mozilla/rhino/1.7.7.2/rhino-1.7.7.2.jar:/Users/mauricekabeireho/.m2/repository/com/sun/mail/mailapi/1.6.2/mailapi-1.6.2.jar:/Users/mauricekabeireho/.m2/repository/joda-time/joda-time/2.10.5/joda-time-2.10.5.jar:/Users/mauricekabeireho/.m2/repository/com/googlecode/libphonenumber/libphonenumber/8.11.1/libphonenumber-8.11.1.jar:/Users/mauricekabeireho/.m2/repository/net/sf/jopt-simple/jopt-simple/5.0.4/jopt-simple-5.0.4.jar:/Users/mauricekabeireho/.m2/repository/com/github/java-json-tools/json-patch/1.13/json-patch-1.13.jar:/Users/mauricekabeireho/.m2/repository/com/github/java-json-tools/msg-simple/1.2/msg-simple-1.2.jar:/Users/mauricekabeireho/.m2/repository/com/github/java-json-tools/btf/1.3/btf-1.3.jar:/Users/mauricekabeireho/.m2/repository/com/github/java-json-tools/jackson-coreutils/2.0/jackson-coreutils-2.0.jar:/Users/mauricekabeireho/.m2/repository/org/apache/httpcomponents/httpclient/4.5.2/httpclient-4.5.2.jar:/Users/mauricekabeireho/.m2/repository/org/apache/httpcomponents/httpcore/4.4.4/httpcore-4.4.4.jar:/Users/mauricekabeireho/.m2/repository/commons-logging/commons-logging/1.2/commons-logging-1.2.jar:/Users/mauricekabeireho/.m2/repository/commons-codec/commons-codec/1.9/commons-codec-1.9.jar:/Users/mauricekabeireho/.m2/repository/io/swagger/parser/v3/swagger-parser-core/2.0.27/swagger-parser-core-2.0.27.jar:/Users/mauricekabeireho/.m2/repository/io/swagger/parser/v3/swagger-parser-v3/2.0.27/swagger-parser-v3-2.0.27.jar:/Users/mauricekabeireho/.m2/repository/com/fasterxml/jackson/dataformat/jackson-dataformat-yaml/2.12.1/jackson-dataformat-yaml-2.12.1.jar:/Users/mauricekabeireho/.m2/repository/org/yaml/snakeyaml/1.27/snakeyaml-1.27.jar:/Users/mauricekabeireho/.m2/repository/commons-io/commons-io/2.6/commons-io-2.6.jar:/Users/mauricekabeireho/.m2/repository/org/webjars/npm/redoc/2.0.0-rc.45/redoc-2.0.0-rc.45.jar:/Users/mauricekabeireho/.m2/repository/org/webjars/swagger-ui/4.10.3/swagger-ui-4.10.3.jar:/Users/mauricekabeireho/.m2/repository/io/github/classgraph/classgraph/4.8.102/classgraph-4.8.102.jar:/Users/mauricekabeireho/.m2/repository/cc/vileda/kotlin-openapi3-dsl/1.0.0/kotlin-openapi3-dsl-1.0.0.jar:/Users/mauricekabeireho/.m2/repository/io/swagger/core/v3/swagger-core/2.1.4/swagger-core-2.1.4.jar:/Users/mauricekabeireho/.m2/repository/jakarta/xml/bind/jakarta.xml.bind-api/2.3.2/jakarta.xml.bind-api-2.3.2.jar:/Users/mauricekabeireho/.m2/repository/jakarta/activation/jakarta.activation-api/1.2.1/jakarta.activation-api-1.2.1.jar:/Users/mauricekabeireho/.m2/repository/org/apache/commons/commons-lang3/3.7/commons-lang3-3.7.jar:/Users/mauricekabeireho/.m2/repository/io/swagger/core/v3/swagger-annotations/2.1.4/swagger-annotations-2.1.4.jar:/Users/mauricekabeireho/.m2/repository/jakarta/validation/jakarta.validation-api/2.0.2/jakarta.validation-api-2.0.2.jar:/Users/mauricekabeireho/.m2/repository/com/fasterxml/jackson/module/jackson-module-jsonSchema/2.11.2/jackson-module-jsonSchema-2.11.2.jar:/Users/mauricekabeireho/.m2/repository/javax/validation/validation-api/1.1.0.Final/validation-api-1.1.0.Final.jar:/Users/mauricekabeireho/.m2/repository/com/fasterxml/jackson/datatype/jackson-datatype-json-org/2.11.2/jackson-datatype-json-org-2.11.2.jar:/Users/mauricekabeireho/.m2/repository/org/json/json/20190722/json-20190722.jar:/Users/mauricekabeireho/.m2/repository/com/reprezen/kaizen/openapi-parser/4.0.4/openapi-parser-4.0.4.jar:/Users/mauricekabeireho/.m2/repository/com/reprezen/jsonoverlay/jsonoverlay/4.0.4/jsonoverlay-4.0.4.jar:/Users/mauricekabeireho/.m2/repository/javax/mail/javax.mail-api/1.6.1/javax.mail-api-1.6.1.jar:/Users/mauricekabeireho/.m2/repository/javax/activation/activation/1.1/activation-1.1.jar:/Users/mauricekabeireho/.m2/repository/com/sun/mail/javax.mail/1.6.1/javax.mail-1.6.1.jar:/Users/mauricekabeireho/.m2/repository/io/javalin/javalin-testtools/4.6.4/javalin-testtools-4.6.4.jar:/Users/mauricekabeireho/.m2/repository/com/fasterxml/jackson/core/jackson-databind/2.13.3/jackson-databind-2.13.3.jar:/Users/mauricekabeireho/.m2/repository/com/fasterxml/jackson/core/jackson-annotations/2.13.3/jackson-annotations-2.13.3.jar:/Users/mauricekabeireho/.m2/repository/com/fasterxml/jackson/core/jackson-core/2.13.3/jackson-core-2.13.3.jar:/Users/mauricekabeireho/.m2/repository/com/fasterxml/jackson/module/jackson-module-kotlin/2.13.3/jackson-module-kotlin-2.13.3.jar:/Users/mauricekabeireho/.m2/repository/org/jetbrains/kotlin/kotlin-reflect/1.5.30/kotlin-reflect-1.5.30.jar:/Users/mauricekabeireho/.m2/repository/com/fasterxml/jackson/datatype/jackson-datatype-jsr310/2.13.3/jackson-datatype-jsr310-2.13.3.jar:/Users/mauricekabeireho/.m2/repository/org/eclipse/jetty/http2/http2-server/9.4.48.v20220622/http2-server-9.4.48.v20220622.jar:/Users/mauricekabeireho/.m2/repository/org/eclipse/jetty/http2/http2-common/9.4.48.v20220622/http2-common-9.4.48.v20220622.jar:/Users/mauricekabeireho/.m2/repository/org/eclipse/jetty/http2/http2-hpack/9.4.48.v20220622/http2-hpack-9.4.48.v20220622.jar:/Users/mauricekabeireho/.m2/repository/org/eclipse/jetty/jetty-alpn-conscrypt-server/9.4.48.v20220622/jetty-alpn-conscrypt-server-9.4.48.v20220622.jar:/Users/mauricekabeireho/.m2/repository/org/conscrypt/conscrypt-openjdk-uber/2.5.2/conscrypt-openjdk-uber-2.5.2.jar:/Users/mauricekabeireho/.m2/repository/org/eclipse/jetty/jetty-alpn-server/9.4.48.v20220622/jetty-alpn-server-9.4.48.v20220622.jar:/Users/mauricekabeireho/.m2/repository/org/eclipse/jetty/jetty-io/9.4.48.v20220622/jetty-io-9.4.48.v20220622.jar:/Users/mauricekabeireho/.m2/repository/org/eclipse/jetty/jetty-util/9.4.48.v20220622/jetty-util-9.4.48.v20220622.jar:/Users/mauricekabeireho/.m2/repository/ch/qos/logback/logback-classic/1.2.11/logback-classic-1.2.11.jar:/Users/mauricekabeireho/.m2/repository/ch/qos/logback/logback-core/1.2.11/logback-core-1.2.11.jar:/Users/mauricekabeireho/.m2/repository/org/jetbrains/kotlin/kotlin-stdlib-jdk8/1.5.32/kotlin-stdlib-jdk8-1.5.32.jar:/Users/mauricekabeireho/.m2/repository/org/jetbrains/kotlin/kotlin-stdlib/1.5.32/kotlin-stdlib-1.5.32.jar:/Users/mauricekabeireho/.m2/repository/org/jetbrains/annotations/13.0/annotations-13.0.jar:/Users/mauricekabeireho/.m2/repository/org/jetbrains/kotlin/kotlin-stdlib-common/1.5.32/kotlin-stdlib-common-1.5.32.jar:/Users/mauricekabeireho/.m2/repository/org/jetbrains/kotlin/kotlin-stdlib-jdk7/1.5.32/kotlin-stdlib-jdk7-1.5.32.jar:/Users/mauricekabeireho/.m2/repository/com/google/code/gson/gson/2.9.0/gson-2.9.0.jar:"/>
    <property name="sun.cpu.endian" value="little"/>
    <property name="user.home" value="/Users/mauricekabeireho"/>
    <property name="user.language" value="en"/>
    <property name="java.specification.vendor" value="Oracle Corporation"/>
    <property name="java.home" value="/Library/Internet Plug-Ins/JavaAppletPlugin.plugin/Contents/Home"/>
    <property name="basedir" value="/Users/mauricekabeireho/_dev/Refund-Api/refundapi"/>
    <property name="file.separator" value="/"/>
    <property name="line.separator" value="&#10;"/>
    <property name="java.vm.specification.vendor" value="Oracle Corporation"/>
    <property name="java.specification.name" value="Java Platform API Specification"/>
    <property name="java.awt.graphicsenv" value="sun.awt.CGraphicsEnvironment"/>
    <property name="surefire.real.class.path" value="/Users/mauricekabeireho/_dev/Refund-Api/refundapi/target/surefire/surefirebooter2012396624164360142.jar"/>
    <property name="sun.boot.class.path" value="/Library/Internet Plug-Ins/JavaAppletPlugin.plugin/Contents/Home/lib/resources.jar:/Library/Internet Plug-Ins/JavaAppletPlugin.plugin/Contents/Home/lib/rt.jar:/Library/Internet Plug-Ins/JavaAppletPlugin.plugin/Contents/Home/lib/sunrsasign.jar:/Library/Internet Plug-Ins/JavaAppletPlugin.plugin/Contents/Home/lib/jsse.jar:/Library/Internet Plug-Ins/JavaAppletPlugin.plugin/Contents/Home/lib/jce.jar:/Library/Internet Plug-Ins/JavaAppletPlugin.plugin/Contents/Home/lib/charsets.jar:/Library/Internet Plug-Ins/JavaAppletPlugin.plugin/Contents/Home/lib/jfr.jar:/Library/Internet Plug-Ins/JavaAppletPlugin.plugin/Contents/Home/classes"/>
    <property name="sun.management.compiler" value="HotSpot 64-Bit Tiered Compilers"/>
    <property name="ftp.nonProxyHosts" value="local|*.local|169.254/16|*.169.254/16"/>
    <property name="java.runtime.version" value="1.8.0_333-b02"/>
    <property name="user.name" value="mauricekabeireho"/>
    <property name="path.separator" value=":"/>
    <property name="os.version" value="12.4"/>
    <property name="java.endorsed.dirs" value="/Library/Internet Plug-Ins/JavaAppletPlugin.plugin/Contents/Home/lib/endorsed"/>
    <property name="java.runtime.name" value="Java(TM) SE Runtime Environment"/>
    <property name="file.encoding" value="UTF-8"/>
    <property name="java.vm.name" value="Java HotSpot(TM) 64-Bit Server VM"/>
    <property name="localRepository" value="/Users/mauricekabeireho/.m2/repository"/>
    <property name="java.vendor.url.bug" value="http://bugreport.sun.com/bugreport/"/>
    <property name="java.io.tmpdir" value="/var/folders/8r/c6ng1t951kn48w9jc66gyxth0000gn/T/"/>
    <property name="java.version" value="1.8.0_333"/>
    <property name="user.dir" value="/Users/mauricekabeireho/_dev/Refund-Api/refundapi"/>
    <property name="os.arch" value="x86_64"/>
    <property name="java.vm.specification.name" value="Java Virtual Machine Specification"/>
    <property name="java.awt.printerjob" value="sun.lwawt.macosx.CPrinterJob"/>
    <property name="sun.os.patch.level" value="unknown"/>
    <property name="java.library.path" value="/Users/mauricekabeireho/Library/Java/Extensions:/Library/Java/Extensions:/Network/Library/Java/Extensions:/System/Library/Java/Extensions:/usr/lib/java:."/>
    <property name="java.vm.info" value="mixed mode"/>
    <property name="java.vendor" value="Oracle Corporation"/>
    <property name="java.vm.version" value="25.333-b02"/>
    <property name="java.ext.dirs" value="/Users/mauricekabeireho/Library/Java/Extensions:/Library/Internet Plug-Ins/JavaAppletPlugin.plugin/Contents/Home/lib/ext:/Library/Java/Extensions:/Network/Library/Java/Extensions:/System/Library/Java/Extensions:/usr/lib/java"/>
    <property name="sun.io.unicode.encoding" value="UnicodeBig"/>
    <property name="java.class.version" value="52.0"/>
    <property name="socksNonProxyHosts" value="local|*.local|169.254/16|*.169.254/16"/>
  </properties>
  <testcase name="As an employee, I want to add a reimbursement request amount so I can inform my manager how much I&apos;d like to be reimbursed (POSITIVE)" classname="Employees of our reimbursement application should add a request amount up to $1000 in a request" time="17.156">
    <error message="Expected condition failed: waiting for alert to be present (tried for 15 second(s) with 500 milliseconds interval)&#10;Build info: version: &apos;3.141.59&apos;, revision: &apos;e82be7d358&apos;, time: &apos;2018-11-14T08:17:03&apos;&#10;System info: host: &apos;maurices-MBP&apos;, ip: &apos;2600:4040:a621:a700:4190:db6a:d12:8139%en0&apos;, os.name: &apos;Mac OS X&apos;, os.arch: &apos;x86_64&apos;, os.version: &apos;12.4&apos;, java.version: &apos;1.8.0_333&apos;&#10;Driver info: org.openqa.selenium.chrome.ChromeDriver&#10;Capabilities {acceptInsecureCerts: false, browserName: chrome, browserVersion: 103.0.5060.53, chrome: {chromedriverVersion: 103.0.5060.53 (a1711811edd7..., userDataDir: /var/folders/8r/c6ng1t951kn...}, goog:chromeOptions: {debuggerAddress: localhost:50564}, javascriptEnabled: true, networkConnectionEnabled: false, pageLoadStrategy: normal, platform: MAC, platformName: MAC, proxy: Proxy(), setWindowRect: true, strictFileInteractability: false, timeouts: {implicit: 0, pageLoad: 300000, script: 30000}, unhandledPromptBehavior: dismiss and notify, webauthn:extension:credBlob: true, webauthn:extension:largeBlob: true, webauthn:virtualAuthenticators: true}&#10;Session ID: 1acf244507ecb0432d07d408f2bec86c" type="org.openqa.selenium.TimeoutException">org.openqa.selenium.TimeoutException: 
Expected condition failed: waiting for alert to be present (tried for 15 second(s) with 500 milliseconds interval)
Build info: version: '3.141.59', revision: 'e82be7d358', time: '2018-11-14T08:17:03'
System info: host: 'maurices-MBP', ip: '2600:4040:a621:a700:4190:db6a:d12:8139%en0', os.name: 'Mac OS X', os.arch: 'x86_64', os.version: '12.4', java.version: '1.8.0_333'
Driver info: org.openqa.selenium.chrome.ChromeDriver
Capabilities {acceptInsecureCerts: false, browserName: chrome, browserVersion: 103.0.5060.53, chrome: {chromedriverVersion: 103.0.5060.53 (a1711811edd7..., userDataDir: /var/folders/8r/c6ng1t951kn...}, goog:chromeOptions: {debuggerAddress: localhost:50564}, javascriptEnabled: true, networkConnectionEnabled: false, pageLoadStrategy: normal, platform: MAC, platformName: MAC, proxy: Proxy(), setWindowRect: true, strictFileInteractability: false, timeouts: {implicit: 0, pageLoad: 300000, script: 30000}, unhandledPromptBehavior: dismiss and notify, webauthn:extension:credBlob: true, webauthn:extension:largeBlob: true, webauthn:virtualAuthenticators: true}
Session ID: 1acf244507ecb0432d07d408f2bec86c
</error>
    <system-out><![CDATA[
Scenario: As an employee, I want to add a reimbursement request amount so I can inform my manager how much I'd like to be reimbursed (POSITIVE) &amp#27;[90m# features/EmployeeAmount.feature:3&amp#27;[0m
  &amp#27;[32mGiven &amp#27;[0m&amp#27;[32mthe employee is on their personal employee homepage&amp#27;[0m                                                                                     &amp#27;[90m# com.automation.steps.EmployeeCommonSteps.the_employee_is_on_their_personal_employee_homepage()&amp#27;[0m
  &amp#27;[32mWhen &amp#27;[0m&amp#27;[32mthe employee enters in a new reimbursement request title&amp#27;[0m                                                                                 &amp#27;[90m# com.automation.steps.EmployeeCommonSteps.the_employee_enters_in_a_new_reimbursement_request_title()&amp#27;[0m
  &amp#27;[32mWhen &amp#27;[0m&amp#27;[32mthe employee enters in a new reimbursement request description&amp#27;[0m                                                                           &amp#27;[90m# com.automation.steps.EmployeeCommonSteps.the_employee_enters_in_a_new_reimbursement_request_description()&amp#27;[0m
  &amp#27;[32mWhen &amp#27;[0m&amp#27;[32mthe employee enters in a new reimbursement request amount up to $1000&amp#27;[0m                                                                    &amp#27;[90m# com.automation.steps.EmployeeRequestSteps.the_employee_enters_in_a_new_reimbursement_request_amount_up_to_$1000()&amp#27;[0m
  &amp#27;[31mWhen &amp#27;[0m&amp#27;[31mthe employee presses submit&amp#27;[0m                                                                                                              &amp#27;[90m# com.automation.steps.EmployeeCommonSteps.the_employee_presses_submit()&amp#27;[0m
      &amp#27;[31morg.openqa.selenium.TimeoutException: Expected condition failed: waiting for alert to be present (tried for 15 second(s) with 500 milliseconds interval)
Build info: version: '3.141.59', revision: 'e82be7d358', time: '2018-11-14T08:17:03'
System info: host: 'maurices-MBP', ip: '2600:4040:a621:a700:4190:db6a:d12:8139%en0', os.name: 'Mac OS X', os.arch: 'x86_64', os.version: '12.4', java.version: '1.8.0_333'
Driver info: org.openqa.selenium.chrome.ChromeDriver
Capabilities {acceptInsecureCerts: false, browserName: chrome, browserVersion: 103.0.5060.53, chrome: {chromedriverVersion: 103.0.5060.53 (a1711811edd7..., userDataDir: /var/folders/8r/c6ng1t951kn...}, goog:chromeOptions: {debuggerAddress: localhost:50564}, javascriptEnabled: true, networkConnectionEnabled: false, pageLoadStrategy: normal, platform: MAC, platformName: MAC, proxy: Proxy(), setWindowRect: true, strictFileInteractability: false, timeouts: {implicit: 0, pageLoad: 300000, script: 30000}, unhandledPromptBehavior: dismiss and notify, webauthn:extension:credBlob: true, webauthn:extension:largeBlob: true, webauthn:virtualAuthenticators: true}
Session ID: 1acf244507ecb0432d07d408f2bec86c
	at org.openqa.selenium.support.ui.WebDriverWait.timeoutException(WebDriverWait.java:95)
	at org.openqa.selenium.support.ui.FluentWait.until(FluentWait.java:272)
	at com.automation.poms.EmployeeCommon.employeeClickSubmitButton(EmployeeCommon.java:49)
	at com.automation.steps.EmployeeCommonSteps.the_employee_presses_submit(EmployeeCommonSteps.java:59)
	at ✽.the employee presses submit(classpath:features/EmployeeAmount.feature:9)
&amp#27;[0m
  &amp#27;[36mThen &amp#27;[0m&amp#27;[36mthe employee should have created a new reimbursement request with a pending status&amp#27;[0m                                                       &amp#27;[90m# com.automation.steps.EmployeeCommonSteps.the_employee_should_have_created_a_new_reimbursement_request_with_a_pending_status()&amp#27;[0m
]]></system-out>
    <system-err><![CDATA[Starting ChromeDriver 103.0.5060.53 (a1711811edd74ff1cf2150f36ffa3b0dae40b17f-refs/branch-heads/5060@{#853}) on port 42702
Only local connections are allowed.
Please see https://chromedriver.chromium.org/security-considerations for suggestions on keeping ChromeDriver safe.
ChromeDriver was started successfully.
Jul 29, 2022 11:49:10 AM org.openqa.selenium.remote.ProtocolHandshake createSession
INFO: Detected dialect: W3C
]]></system-err>
  </testcase>
  <testcase name="As an employee, I want to add a reimbursement request description so my request is more organized (POSITIVE)" classname="Employees of our reimbursement application should add a 500 character maximum reimbursement request description" time="16.023">
    <error message="Expected condition failed: waiting for alert to be present (tried for 15 second(s) with 500 milliseconds interval)&#10;Build info: version: &apos;3.141.59&apos;, revision: &apos;e82be7d358&apos;, time: &apos;2018-11-14T08:17:03&apos;&#10;System info: host: &apos;maurices-MBP&apos;, ip: &apos;2600:4040:a621:a700:4190:db6a:d12:8139%en0&apos;, os.name: &apos;Mac OS X&apos;, os.arch: &apos;x86_64&apos;, os.version: &apos;12.4&apos;, java.version: &apos;1.8.0_333&apos;&#10;Driver info: org.openqa.selenium.chrome.ChromeDriver&#10;Capabilities {acceptInsecureCerts: false, browserName: chrome, browserVersion: 103.0.5060.53, chrome: {chromedriverVersion: 103.0.5060.53 (a1711811edd7..., userDataDir: /var/folders/8r/c6ng1t951kn...}, goog:chromeOptions: {debuggerAddress: localhost:50564}, javascriptEnabled: true, networkConnectionEnabled: false, pageLoadStrategy: normal, platform: MAC, platformName: MAC, proxy: Proxy(), setWindowRect: true, strictFileInteractability: false, timeouts: {implicit: 0, pageLoad: 300000, script: 30000}, unhandledPromptBehavior: dismiss and notify, webauthn:extension:credBlob: true, webauthn:extension:largeBlob: true, webauthn:virtualAuthenticators: true}&#10;Session ID: 1acf244507ecb0432d07d408f2bec86c" type="org.openqa.selenium.TimeoutException">org.openqa.selenium.TimeoutException: 
Expected condition failed: waiting for alert to be present (tried for 15 second(s) with 500 milliseconds interval)
Build info: version: '3.141.59', revision: 'e82be7d358', time: '2018-11-14T08:17:03'
System info: host: 'maurices-MBP', ip: '2600:4040:a621:a700:4190:db6a:d12:8139%en0', os.name: 'Mac OS X', os.arch: 'x86_64', os.version: '12.4', java.version: '1.8.0_333'
Driver info: org.openqa.selenium.chrome.ChromeDriver
Capabilities {acceptInsecureCerts: false, browserName: chrome, browserVersion: 103.0.5060.53, chrome: {chromedriverVersion: 103.0.5060.53 (a1711811edd7..., userDataDir: /var/folders/8r/c6ng1t951kn...}, goog:chromeOptions: {debuggerAddress: localhost:50564}, javascriptEnabled: true, networkConnectionEnabled: false, pageLoadStrategy: normal, platform: MAC, platformName: MAC, proxy: Proxy(), setWindowRect: true, strictFileInteractability: false, timeouts: {implicit: 0, pageLoad: 300000, script: 30000}, unhandledPromptBehavior: dismiss and notify, webauthn:extension:credBlob: true, webauthn:extension:largeBlob: true, webauthn:virtualAuthenticators: true}
Session ID: 1acf244507ecb0432d07d408f2bec86c
</error>
    <system-out><![CDATA[
Scenario: As an employee, I want to add a reimbursement request description so my request is more organized (POSITIVE) &amp#27;[90m# features/EmployeeDesc.feature:3&amp#27;[0m
  &amp#27;[32mGiven &amp#27;[0m&amp#27;[32mthe employee is on their personal employee homepage&amp#27;[0m                                                            &amp#27;[90m# com.automation.steps.EmployeeCommonSteps.the_employee_is_on_their_personal_employee_homepage()&amp#27;[0m
  &amp#27;[32mWhen &amp#27;[0m&amp#27;[32mthe employee enters in a new reimbursement request title&amp#27;[0m                                                        &amp#27;[90m# com.automation.steps.EmployeeCommonSteps.the_employee_enters_in_a_new_reimbursement_request_title()&amp#27;[0m
  &amp#27;[32mWhen &amp#27;[0m&amp#27;[32mthe employee enters in a 500 character maximum reimbursement request description&amp#27;[0m                                &amp#27;[90m# com.automation.steps.EmployeeRequestSteps.the_employee_enters_in_a_500_character_maximum_reimbursement_request_description()&amp#27;[0m
  &amp#27;[32mWhen &amp#27;[0m&amp#27;[32mthe employee enters in a new reimbursement request amount&amp#27;[0m                                                       &amp#27;[90m# com.automation.steps.EmployeeCommonSteps.the_employee_enters_in_a_new_reimbursement_request_amount()&amp#27;[0m
  &amp#27;[31mWhen &amp#27;[0m&amp#27;[31mthe employee presses submit&amp#27;[0m                                                                                     &amp#27;[90m# com.automation.steps.EmployeeCommonSteps.the_employee_presses_submit()&amp#27;[0m
      &amp#27;[31morg.openqa.selenium.TimeoutException: Expected condition failed: waiting for alert to be present (tried for 15 second(s) with 500 milliseconds interval)
Build info: version: '3.141.59', revision: 'e82be7d358', time: '2018-11-14T08:17:03'
System info: host: 'maurices-MBP', ip: '2600:4040:a621:a700:4190:db6a:d12:8139%en0', os.name: 'Mac OS X', os.arch: 'x86_64', os.version: '12.4', java.version: '1.8.0_333'
Driver info: org.openqa.selenium.chrome.ChromeDriver
Capabilities {acceptInsecureCerts: false, browserName: chrome, browserVersion: 103.0.5060.53, chrome: {chromedriverVersion: 103.0.5060.53 (a1711811edd7..., userDataDir: /var/folders/8r/c6ng1t951kn...}, goog:chromeOptions: {debuggerAddress: localhost:50564}, javascriptEnabled: true, networkConnectionEnabled: false, pageLoadStrategy: normal, platform: MAC, platformName: MAC, proxy: Proxy(), setWindowRect: true, strictFileInteractability: false, timeouts: {implicit: 0, pageLoad: 300000, script: 30000}, unhandledPromptBehavior: dismiss and notify, webauthn:extension:credBlob: true, webauthn:extension:largeBlob: true, webauthn:virtualAuthenticators: true}
Session ID: 1acf244507ecb0432d07d408f2bec86c
	at org.openqa.selenium.support.ui.WebDriverWait.timeoutException(WebDriverWait.java:95)
	at org.openqa.selenium.support.ui.FluentWait.until(FluentWait.java:272)
	at com.automation.poms.EmployeeCommon.employeeClickSubmitButton(EmployeeCommon.java:49)
	at com.automation.steps.EmployeeCommonSteps.the_employee_presses_submit(EmployeeCommonSteps.java:59)
	at ✽.the employee presses submit(classpath:features/EmployeeDesc.feature:9)
&amp#27;[0m
  &amp#27;[36mThen &amp#27;[0m&amp#27;[36mthe employee should have created a new reimbursement request with a pending status&amp#27;[0m                              &amp#27;[90m# com.automation.steps.EmployeeCommonSteps.the_employee_should_have_created_a_new_reimbursement_request_with_a_pending_status()&amp#27;[0m
]]></system-out>
  </testcase>
  <testcase name="As an employee, I want to sign in so I can view my custom homepage when I enter the correct credentials (POSITIVE)" classname="Employees of our reimbursement application should be able to log in to their personal employee homepage" time="6.38">
    <error message="Expected condition failed: waiting for title to be &quot;Employee Page&quot;. Current title: &quot;Login Page&quot; (tried for 5 second(s) with 500 milliseconds interval)&#10;Build info: version: &apos;3.141.59&apos;, revision: &apos;e82be7d358&apos;, time: &apos;2018-11-14T08:17:03&apos;&#10;System info: host: &apos;maurices-MBP&apos;, ip: &apos;2600:4040:a621:a700:4190:db6a:d12:8139%en0&apos;, os.name: &apos;Mac OS X&apos;, os.arch: &apos;x86_64&apos;, os.version: &apos;12.4&apos;, java.version: &apos;1.8.0_333&apos;&#10;Driver info: org.openqa.selenium.chrome.ChromeDriver&#10;Capabilities {acceptInsecureCerts: false, browserName: chrome, browserVersion: 103.0.5060.53, chrome: {chromedriverVersion: 103.0.5060.53 (a1711811edd7..., userDataDir: /var/folders/8r/c6ng1t951kn...}, goog:chromeOptions: {debuggerAddress: localhost:50564}, javascriptEnabled: true, networkConnectionEnabled: false, pageLoadStrategy: normal, platform: MAC, platformName: MAC, proxy: Proxy(), setWindowRect: true, strictFileInteractability: false, timeouts: {implicit: 0, pageLoad: 300000, script: 30000}, unhandledPromptBehavior: dismiss and notify, webauthn:extension:credBlob: true, webauthn:extension:largeBlob: true, webauthn:virtualAuthenticators: true}&#10;Session ID: 1acf244507ecb0432d07d408f2bec86c" type="org.openqa.selenium.TimeoutException">org.openqa.selenium.TimeoutException: 
Expected condition failed: waiting for title to be "Employee Page". Current title: "Login Page" (tried for 5 second(s) with 500 milliseconds interval)
Build info: version: '3.141.59', revision: 'e82be7d358', time: '2018-11-14T08:17:03'
System info: host: 'maurices-MBP', ip: '2600:4040:a621:a700:4190:db6a:d12:8139%en0', os.name: 'Mac OS X', os.arch: 'x86_64', os.version: '12.4', java.version: '1.8.0_333'
Driver info: org.openqa.selenium.chrome.ChromeDriver
Capabilities {acceptInsecureCerts: false, browserName: chrome, browserVersion: 103.0.5060.53, chrome: {chromedriverVersion: 103.0.5060.53 (a1711811edd7..., userDataDir: /var/folders/8r/c6ng1t951kn...}, goog:chromeOptions: {debuggerAddress: localhost:50564}, javascriptEnabled: true, networkConnectionEnabled: false, pageLoadStrategy: normal, platform: MAC, platformName: MAC, proxy: Proxy(), setWindowRect: true, strictFileInteractability: false, timeouts: {implicit: 0, pageLoad: 300000, script: 30000}, unhandledPromptBehavior: dismiss and notify, webauthn:extension:credBlob: true, webauthn:extension:largeBlob: true, webauthn:virtualAuthenticators: true}
Session ID: 1acf244507ecb0432d07d408f2bec86c
</error>
    <system-out><![CDATA[
Scenario: As an employee, I want to sign in so I can view my custom homepage when I enter the correct credentials (POSITIVE) &amp#27;[90m# features/EmployeeLogin.feature:3&amp#27;[0m
  &amp#27;[32mGiven &amp#27;[0m&amp#27;[32mthe employee is on the login page&amp#27;[0m                                                                                    &amp#27;[90m# com.automation.steps.EmployeeLoginSteps.the_employee_is_on_the_login_page()&amp#27;[0m
  &amp#27;[32mWhen &amp#27;[0m&amp#27;[32mthe employee enters in their correct user name&amp#27;[0m                                                                        &amp#27;[90m# com.automation.steps.EmployeeLoginSteps.the_employee_enters_in_their_correct_user_name()&amp#27;[0m
  &amp#27;[32mWhen &amp#27;[0m&amp#27;[32mthe employee enters in their correct password&amp#27;[0m                                                                         &amp#27;[90m# com.automation.steps.EmployeeLoginSteps.the_employee_enters_in_their_correct_password()&amp#27;[0m
  &amp#27;[32mWhen &amp#27;[0m&amp#27;[32mthe employee clicks the login button&amp#27;[0m                                                                                  &amp#27;[90m# com.automation.steps.EmployeeLoginSteps.the_employee_clicks_the_login_button()&amp#27;[0m
  &amp#27;[31mThen &amp#27;[0m&amp#27;[31mthe employee should be logged into the employee homepage&amp#27;[0m                                                              &amp#27;[90m# com.automation.steps.EmployeeLoginSteps.the_employee_should_be_logged_into_the_employee_homepage()&amp#27;[0m
      &amp#27;[31morg.openqa.selenium.TimeoutException: Expected condition failed: waiting for title to be "Employee Page". Current title: "Login Page" (tried for 5 second(s) with 500 milliseconds interval)
Build info: version: '3.141.59', revision: 'e82be7d358', time: '2018-11-14T08:17:03'
System info: host: 'maurices-MBP', ip: '2600:4040:a621:a700:4190:db6a:d12:8139%en0', os.name: 'Mac OS X', os.arch: 'x86_64', os.version: '12.4', java.version: '1.8.0_333'
Driver info: org.openqa.selenium.chrome.ChromeDriver
Capabilities {acceptInsecureCerts: false, browserName: chrome, browserVersion: 103.0.5060.53, chrome: {chromedriverVersion: 103.0.5060.53 (a1711811edd7..., userDataDir: /var/folders/8r/c6ng1t951kn...}, goog:chromeOptions: {debuggerAddress: localhost:50564}, javascriptEnabled: true, networkConnectionEnabled: false, pageLoadStrategy: normal, platform: MAC, platformName: MAC, proxy: Proxy(), setWindowRect: true, strictFileInteractability: false, timeouts: {implicit: 0, pageLoad: 300000, script: 30000}, unhandledPromptBehavior: dismiss and notify, webauthn:extension:credBlob: true, webauthn:extension:largeBlob: true, webauthn:virtualAuthenticators: true}
Session ID: 1acf244507ecb0432d07d408f2bec86c
	at org.openqa.selenium.support.ui.WebDriverWait.timeoutException(WebDriverWait.java:95)
	at org.openqa.selenium.support.ui.FluentWait.until(FluentWait.java:272)
	at com.automation.steps.EmployeeLoginSteps.the_employee_should_be_logged_into_the_employee_homepage(EmployeeLoginSteps.java:42)
	at ✽.the employee should be logged into the employee homepage(classpath:features/EmployeeLogin.feature:9)
&amp#27;[0m
]]></system-out>
  </testcase>
  <testcase name="As an employee, I want to sign out so I can prevent others from accessing my information (POSITIVE)" classname="Employees of our reimbursement application should be able to log out of their personal employee homepage" time="0.932"/>
  <testcase name="As an employee, I want to create a reimbursement request so I can get money back I spent for the company (POSITIVE)" classname="Employees of our reimbursement application should be able to create a reimbursement request" time="16.004">
    <error message="Expected condition failed: waiting for alert to be present (tried for 15 second(s) with 500 milliseconds interval)&#10;Build info: version: &apos;3.141.59&apos;, revision: &apos;e82be7d358&apos;, time: &apos;2018-11-14T08:17:03&apos;&#10;System info: host: &apos;maurices-MBP&apos;, ip: &apos;2600:4040:a621:a700:4190:db6a:d12:8139%en0&apos;, os.name: &apos;Mac OS X&apos;, os.arch: &apos;x86_64&apos;, os.version: &apos;12.4&apos;, java.version: &apos;1.8.0_333&apos;&#10;Driver info: org.openqa.selenium.chrome.ChromeDriver&#10;Capabilities {acceptInsecureCerts: false, browserName: chrome, browserVersion: 103.0.5060.53, chrome: {chromedriverVersion: 103.0.5060.53 (a1711811edd7..., userDataDir: /var/folders/8r/c6ng1t951kn...}, goog:chromeOptions: {debuggerAddress: localhost:50564}, javascriptEnabled: true, networkConnectionEnabled: false, pageLoadStrategy: normal, platform: MAC, platformName: MAC, proxy: Proxy(), setWindowRect: true, strictFileInteractability: false, timeouts: {implicit: 0, pageLoad: 300000, script: 30000}, unhandledPromptBehavior: dismiss and notify, webauthn:extension:credBlob: true, webauthn:extension:largeBlob: true, webauthn:virtualAuthenticators: true}&#10;Session ID: 1acf244507ecb0432d07d408f2bec86c" type="org.openqa.selenium.TimeoutException">org.openqa.selenium.TimeoutException: 
Expected condition failed: waiting for alert to be present (tried for 15 second(s) with 500 milliseconds interval)
Build info: version: '3.141.59', revision: 'e82be7d358', time: '2018-11-14T08:17:03'
System info: host: 'maurices-MBP', ip: '2600:4040:a621:a700:4190:db6a:d12:8139%en0', os.name: 'Mac OS X', os.arch: 'x86_64', os.version: '12.4', java.version: '1.8.0_333'
Driver info: org.openqa.selenium.chrome.ChromeDriver
Capabilities {acceptInsecureCerts: false, browserName: chrome, browserVersion: 103.0.5060.53, chrome: {chromedriverVersion: 103.0.5060.53 (a1711811edd7..., userDataDir: /var/folders/8r/c6ng1t951kn...}, goog:chromeOptions: {debuggerAddress: localhost:50564}, javascriptEnabled: true, networkConnectionEnabled: false, pageLoadStrategy: normal, platform: MAC, platformName: MAC, proxy: Proxy(), setWindowRect: true, strictFileInteractability: false, timeouts: {implicit: 0, pageLoad: 300000, script: 30000}, unhandledPromptBehavior: dismiss and notify, webauthn:extension:credBlob: true, webauthn:extension:largeBlob: true, webauthn:virtualAuthenticators: true}
Session ID: 1acf244507ecb0432d07d408f2bec86c
</error>
    <system-out><![CDATA[
Scenario: As an employee, I want to create a reimbursement request so I can get money back I spent for the company (POSITIVE) &amp#27;[90m# features/EmployeeRequest.feature:3&amp#27;[0m
  &amp#27;[32mGiven &amp#27;[0m&amp#27;[32mthe employee is on their personal employee homepage&amp#27;[0m                                                                   &amp#27;[90m# com.automation.steps.EmployeeCommonSteps.the_employee_is_on_their_personal_employee_homepage()&amp#27;[0m
  &amp#27;[32mWhen &amp#27;[0m&amp#27;[32mthe employee enters in a new reimbursement request title&amp#27;[0m                                                               &amp#27;[90m# com.automation.steps.EmployeeCommonSteps.the_employee_enters_in_a_new_reimbursement_request_title()&amp#27;[0m
  &amp#27;[32mWhen &amp#27;[0m&amp#27;[32mthe employee enters in a new reimbursement request amount&amp#27;[0m                                                              &amp#27;[90m# com.automation.steps.EmployeeCommonSteps.the_employee_enters_in_a_new_reimbursement_request_amount()&amp#27;[0m
  &amp#27;[32mWhen &amp#27;[0m&amp#27;[32mthe employee enters in a new reimbursement request description&amp#27;[0m                                                         &amp#27;[90m# com.automation.steps.EmployeeCommonSteps.the_employee_enters_in_a_new_reimbursement_request_description()&amp#27;[0m
  &amp#27;[31mWhen &amp#27;[0m&amp#27;[31mthe employee presses submit&amp#27;[0m                                                                                            &amp#27;[90m# com.automation.steps.EmployeeCommonSteps.the_employee_presses_submit()&amp#27;[0m
      &amp#27;[31morg.openqa.selenium.TimeoutException: Expected condition failed: waiting for alert to be present (tried for 15 second(s) with 500 milliseconds interval)
Build info: version: '3.141.59', revision: 'e82be7d358', time: '2018-11-14T08:17:03'
System info: host: 'maurices-MBP', ip: '2600:4040:a621:a700:4190:db6a:d12:8139%en0', os.name: 'Mac OS X', os.arch: 'x86_64', os.version: '12.4', java.version: '1.8.0_333'
Driver info: org.openqa.selenium.chrome.ChromeDriver
Capabilities {acceptInsecureCerts: false, browserName: chrome, browserVersion: 103.0.5060.53, chrome: {chromedriverVersion: 103.0.5060.53 (a1711811edd7..., userDataDir: /var/folders/8r/c6ng1t951kn...}, goog:chromeOptions: {debuggerAddress: localhost:50564}, javascriptEnabled: true, networkConnectionEnabled: false, pageLoadStrategy: normal, platform: MAC, platformName: MAC, proxy: Proxy(), setWindowRect: true, strictFileInteractability: false, timeouts: {implicit: 0, pageLoad: 300000, script: 30000}, unhandledPromptBehavior: dismiss and notify, webauthn:extension:credBlob: true, webauthn:extension:largeBlob: true, webauthn:virtualAuthenticators: true}
Session ID: 1acf244507ecb0432d07d408f2bec86c
	at org.openqa.selenium.support.ui.WebDriverWait.timeoutException(WebDriverWait.java:95)
	at org.openqa.selenium.support.ui.FluentWait.until(FluentWait.java:272)
	at com.automation.poms.EmployeeCommon.employeeClickSubmitButton(EmployeeCommon.java:49)
	at com.automation.steps.EmployeeCommonSteps.the_employee_presses_submit(EmployeeCommonSteps.java:59)
	at ✽.the employee presses submit(classpath:features/EmployeeRequest.feature:9)
&amp#27;[0m
  &amp#27;[36mThen &amp#27;[0m&amp#27;[36mthe employee should have created a new reimbursement request with a pending status&amp#27;[0m                                     &amp#27;[90m# com.automation.steps.EmployeeCommonSteps.the_employee_should_have_created_a_new_reimbursement_request_with_a_pending_status()&amp#27;[0m
]]></system-out>
  </testcase>
  <testcase name="As an employee, I want to add a reimbursement request title so my request is more organized (POSITIVE)" classname="Employees of our reimbursement application should add a 50 character maximum reimbursement request title" time="15.866">
    <error message="Expected condition failed: waiting for alert to be present (tried for 15 second(s) with 500 milliseconds interval)&#10;Build info: version: &apos;3.141.59&apos;, revision: &apos;e82be7d358&apos;, time: &apos;2018-11-14T08:17:03&apos;&#10;System info: host: &apos;maurices-MBP&apos;, ip: &apos;2600:4040:a621:a700:4190:db6a:d12:8139%en0&apos;, os.name: &apos;Mac OS X&apos;, os.arch: &apos;x86_64&apos;, os.version: &apos;12.4&apos;, java.version: &apos;1.8.0_333&apos;&#10;Driver info: org.openqa.selenium.chrome.ChromeDriver&#10;Capabilities {acceptInsecureCerts: false, browserName: chrome, browserVersion: 103.0.5060.53, chrome: {chromedriverVersion: 103.0.5060.53 (a1711811edd7..., userDataDir: /var/folders/8r/c6ng1t951kn...}, goog:chromeOptions: {debuggerAddress: localhost:50564}, javascriptEnabled: true, networkConnectionEnabled: false, pageLoadStrategy: normal, platform: MAC, platformName: MAC, proxy: Proxy(), setWindowRect: true, strictFileInteractability: false, timeouts: {implicit: 0, pageLoad: 300000, script: 30000}, unhandledPromptBehavior: dismiss and notify, webauthn:extension:credBlob: true, webauthn:extension:largeBlob: true, webauthn:virtualAuthenticators: true}&#10;Session ID: 1acf244507ecb0432d07d408f2bec86c" type="org.openqa.selenium.TimeoutException">org.openqa.selenium.TimeoutException: 
Expected condition failed: waiting for alert to be present (tried for 15 second(s) with 500 milliseconds interval)
Build info: version: '3.141.59', revision: 'e82be7d358', time: '2018-11-14T08:17:03'
System info: host: 'maurices-MBP', ip: '2600:4040:a621:a700:4190:db6a:d12:8139%en0', os.name: 'Mac OS X', os.arch: 'x86_64', os.version: '12.4', java.version: '1.8.0_333'
Driver info: org.openqa.selenium.chrome.ChromeDriver
Capabilities {acceptInsecureCerts: false, browserName: chrome, browserVersion: 103.0.5060.53, chrome: {chromedriverVersion: 103.0.5060.53 (a1711811edd7..., userDataDir: /var/folders/8r/c6ng1t951kn...}, goog:chromeOptions: {debuggerAddress: localhost:50564}, javascriptEnabled: true, networkConnectionEnabled: false, pageLoadStrategy: normal, platform: MAC, platformName: MAC, proxy: Proxy(), setWindowRect: true, strictFileInteractability: false, timeouts: {implicit: 0, pageLoad: 300000, script: 30000}, unhandledPromptBehavior: dismiss and notify, webauthn:extension:credBlob: true, webauthn:extension:largeBlob: true, webauthn:virtualAuthenticators: true}
Session ID: 1acf244507ecb0432d07d408f2bec86c
</error>
    <system-out><![CDATA[
Scenario: As an employee, I want to add a reimbursement request title so my request is more organized (POSITIVE) &amp#27;[90m# features/EmployeeTitle.feature:3&amp#27;[0m
  &amp#27;[32mGiven &amp#27;[0m&amp#27;[32mthe employee is on their personal employee homepage&amp#27;[0m                                                      &amp#27;[90m# com.automation.steps.EmployeeCommonSteps.the_employee_is_on_their_personal_employee_homepage()&amp#27;[0m
  &amp#27;[32mWhen &amp#27;[0m&amp#27;[32mthe employee enters in a 50 character maximum reimbursement request title&amp#27;[0m                                 &amp#27;[90m# com.automation.steps.EmployeeRequestSteps.the_employee_enters_in_a_50_character_maximum_reimbursement_request_title()&amp#27;[0m
  &amp#27;[32mWhen &amp#27;[0m&amp#27;[32mthe employee enters in a new reimbursement request amount&amp#27;[0m                                                 &amp#27;[90m# com.automation.steps.EmployeeCommonSteps.the_employee_enters_in_a_new_reimbursement_request_amount()&amp#27;[0m
  &amp#27;[32mWhen &amp#27;[0m&amp#27;[32mthe employee enters in a new reimbursement request description&amp#27;[0m                                            &amp#27;[90m# com.automation.steps.EmployeeCommonSteps.the_employee_enters_in_a_new_reimbursement_request_description()&amp#27;[0m
  &amp#27;[31mWhen &amp#27;[0m&amp#27;[31mthe employee presses submit&amp#27;[0m                                                                               &amp#27;[90m# com.automation.steps.EmployeeCommonSteps.the_employee_presses_submit()&amp#27;[0m
      &amp#27;[31morg.openqa.selenium.TimeoutException: Expected condition failed: waiting for alert to be present (tried for 15 second(s) with 500 milliseconds interval)
Build info: version: '3.141.59', revision: 'e82be7d358', time: '2018-11-14T08:17:03'
System info: host: 'maurices-MBP', ip: '2600:4040:a621:a700:4190:db6a:d12:8139%en0', os.name: 'Mac OS X', os.arch: 'x86_64', os.version: '12.4', java.version: '1.8.0_333'
Driver info: org.openqa.selenium.chrome.ChromeDriver
Capabilities {acceptInsecureCerts: false, browserName: chrome, browserVersion: 103.0.5060.53, chrome: {chromedriverVersion: 103.0.5060.53 (a1711811edd7..., userDataDir: /var/folders/8r/c6ng1t951kn...}, goog:chromeOptions: {debuggerAddress: localhost:50564}, javascriptEnabled: true, networkConnectionEnabled: false, pageLoadStrategy: normal, platform: MAC, platformName: MAC, proxy: Proxy(), setWindowRect: true, strictFileInteractability: false, timeouts: {implicit: 0, pageLoad: 300000, script: 30000}, unhandledPromptBehavior: dismiss and notify, webauthn:extension:credBlob: true, webauthn:extension:largeBlob: true, webauthn:virtualAuthenticators: true}
Session ID: 1acf244507ecb0432d07d408f2bec86c
	at org.openqa.selenium.support.ui.WebDriverWait.timeoutException(WebDriverWait.java:95)
	at org.openqa.selenium.support.ui.FluentWait.until(FluentWait.java:272)
	at com.automation.poms.EmployeeCommon.employeeClickSubmitButton(EmployeeCommon.java:49)
	at com.automation.steps.EmployeeCommonSteps.the_employee_presses_submit(EmployeeCommonSteps.java:59)
	at ✽.the employee presses submit(classpath:features/EmployeeTitle.feature:9)
&amp#27;[0m
  &amp#27;[36mThen &amp#27;[0m&amp#27;[36mthe employee should have created a new reimbursement request with a pending status&amp#27;[0m                        &amp#27;[90m# com.automation.steps.EmployeeCommonSteps.the_employee_should_have_created_a_new_reimbursement_request_with_a_pending_status()&amp#27;[0m
]]></system-out>
  </testcase>
  <testcase name="As a manager I want be able to approve reimbursement requests (POSITIVE)" classname="Managers of our reimbursement application should be able to approve reimbursement requests" time="15.916">
    <error message="Expected condition failed: waiting for alert to be present (tried for 15 second(s) with 500 milliseconds interval)&#10;Build info: version: &apos;3.141.59&apos;, revision: &apos;e82be7d358&apos;, time: &apos;2018-11-14T08:17:03&apos;&#10;System info: host: &apos;maurices-MBP&apos;, ip: &apos;2600:4040:a621:a700:4190:db6a:d12:8139%en0&apos;, os.name: &apos;Mac OS X&apos;, os.arch: &apos;x86_64&apos;, os.version: &apos;12.4&apos;, java.version: &apos;1.8.0_333&apos;&#10;Driver info: org.openqa.selenium.chrome.ChromeDriver&#10;Capabilities {acceptInsecureCerts: false, browserName: chrome, browserVersion: 103.0.5060.53, chrome: {chromedriverVersion: 103.0.5060.53 (a1711811edd7..., userDataDir: /var/folders/8r/c6ng1t951kn...}, goog:chromeOptions: {debuggerAddress: localhost:50564}, javascriptEnabled: true, networkConnectionEnabled: false, pageLoadStrategy: normal, platform: MAC, platformName: MAC, proxy: Proxy(), setWindowRect: true, strictFileInteractability: false, timeouts: {implicit: 0, pageLoad: 300000, script: 30000}, unhandledPromptBehavior: dismiss and notify, webauthn:extension:credBlob: true, webauthn:extension:largeBlob: true, webauthn:virtualAuthenticators: true}&#10;Session ID: 1acf244507ecb0432d07d408f2bec86c" type="org.openqa.selenium.TimeoutException">org.openqa.selenium.TimeoutException: 
Expected condition failed: waiting for alert to be present (tried for 15 second(s) with 500 milliseconds interval)
Build info: version: '3.141.59', revision: 'e82be7d358', time: '2018-11-14T08:17:03'
System info: host: 'maurices-MBP', ip: '2600:4040:a621:a700:4190:db6a:d12:8139%en0', os.name: 'Mac OS X', os.arch: 'x86_64', os.version: '12.4', java.version: '1.8.0_333'
Driver info: org.openqa.selenium.chrome.ChromeDriver
Capabilities {acceptInsecureCerts: false, browserName: chrome, browserVersion: 103.0.5060.53, chrome: {chromedriverVersion: 103.0.5060.53 (a1711811edd7..., userDataDir: /var/folders/8r/c6ng1t951kn...}, goog:chromeOptions: {debuggerAddress: localhost:50564}, javascriptEnabled: true, networkConnectionEnabled: false, pageLoadStrategy: normal, platform: MAC, platformName: MAC, proxy: Proxy(), setWindowRect: true, strictFileInteractability: false, timeouts: {implicit: 0, pageLoad: 300000, script: 30000}, unhandledPromptBehavior: dismiss and notify, webauthn:extension:credBlob: true, webauthn:extension:largeBlob: true, webauthn:virtualAuthenticators: true}
Session ID: 1acf244507ecb0432d07d408f2bec86c
</error>
    <system-out><![CDATA[
Scenario: As a manager I want be able to approve reimbursement requests (POSITIVE) &amp#27;[90m# features/ManagerApprove.feature:3&amp#27;[0m
  &amp#27;[32mGiven &amp#27;[0m&amp#27;[32mthe manager is on their personal manager homepage&amp#27;[0m                          &amp#27;[90m# com.automation.steps.ManagerCommonSteps.the_manager_is_on_their_personal_manager_homepage()&amp#27;[0m
  &amp#27;[32mWhen &amp#27;[0m&amp#27;[32mthe manager inputs a pending reimbursement request ID number&amp#27;[0m                &amp#27;[90m# com.automation.steps.ManagerCommonSteps.the_manager_inputs_a_pending_reimbursement_request_ID_number()&amp#27;[0m
  &amp#27;[32mWhen &amp#27;[0m&amp#27;[32mthe manager inputs a reason description&amp#27;[0m                                     &amp#27;[90m# com.automation.steps.ManagerCommonSteps.the_manager_inputs_a_reason_description()&amp#27;[0m
  &amp#27;[32mWhen &amp#27;[0m&amp#27;[32mthe manager selects approve&amp#27;[0m                                                 &amp#27;[90m# com.automation.steps.ManagerCommonSteps.the_manager_selects_approve()&amp#27;[0m
  &amp#27;[31mWhen &amp#27;[0m&amp#27;[31mthe manager clicks submit&amp#27;[0m                                                   &amp#27;[90m# com.automation.steps.ManagerCommonSteps.the_manager_clicks_submit()&amp#27;[0m
      &amp#27;[31morg.openqa.selenium.TimeoutException: Expected condition failed: waiting for alert to be present (tried for 15 second(s) with 500 milliseconds interval)
Build info: version: '3.141.59', revision: 'e82be7d358', time: '2018-11-14T08:17:03'
System info: host: 'maurices-MBP', ip: '2600:4040:a621:a700:4190:db6a:d12:8139%en0', os.name: 'Mac OS X', os.arch: 'x86_64', os.version: '12.4', java.version: '1.8.0_333'
Driver info: org.openqa.selenium.chrome.ChromeDriver
Capabilities {acceptInsecureCerts: false, browserName: chrome, browserVersion: 103.0.5060.53, chrome: {chromedriverVersion: 103.0.5060.53 (a1711811edd7..., userDataDir: /var/folders/8r/c6ng1t951kn...}, goog:chromeOptions: {debuggerAddress: localhost:50564}, javascriptEnabled: true, networkConnectionEnabled: false, pageLoadStrategy: normal, platform: MAC, platformName: MAC, proxy: Proxy(), setWindowRect: true, strictFileInteractability: false, timeouts: {implicit: 0, pageLoad: 300000, script: 30000}, unhandledPromptBehavior: dismiss and notify, webauthn:extension:credBlob: true, webauthn:extension:largeBlob: true, webauthn:virtualAuthenticators: true}
Session ID: 1acf244507ecb0432d07d408f2bec86c
	at org.openqa.selenium.support.ui.WebDriverWait.timeoutException(WebDriverWait.java:95)
	at org.openqa.selenium.support.ui.FluentWait.until(FluentWait.java:272)
	at com.automation.poms.ManagerCommon.submitDecision(ManagerCommon.java:61)
	at com.automation.steps.ManagerCommonSteps.the_manager_clicks_submit(ManagerCommonSteps.java:40)
	at ✽.the manager clicks submit(classpath:features/ManagerApprove.feature:9)
&amp#27;[0m
  &amp#27;[36mThen &amp#27;[0m&amp#27;[36mthe reimbursement request status should change from pending to approved&amp#27;[0m     &amp#27;[90m# com.automation.steps.ManagerRequestSteps.the_reimbursement_request_status_should_change_from_pending_to_approved()&amp#27;[0m
]]></system-out>
  </testcase>
  <testcase name="As a manager I want be able to deny reimbursement requests (POSITIVE)" classname="Managers of our reimbursement application should be able to deny reimbursement requessts" time="15.904">
    <error message="Expected condition failed: waiting for alert to be present (tried for 15 second(s) with 500 milliseconds interval)&#10;Build info: version: &apos;3.141.59&apos;, revision: &apos;e82be7d358&apos;, time: &apos;2018-11-14T08:17:03&apos;&#10;System info: host: &apos;maurices-MBP&apos;, ip: &apos;2600:4040:a621:a700:4190:db6a:d12:8139%en0&apos;, os.name: &apos;Mac OS X&apos;, os.arch: &apos;x86_64&apos;, os.version: &apos;12.4&apos;, java.version: &apos;1.8.0_333&apos;&#10;Driver info: org.openqa.selenium.chrome.ChromeDriver&#10;Capabilities {acceptInsecureCerts: false, browserName: chrome, browserVersion: 103.0.5060.53, chrome: {chromedriverVersion: 103.0.5060.53 (a1711811edd7..., userDataDir: /var/folders/8r/c6ng1t951kn...}, goog:chromeOptions: {debuggerAddress: localhost:50564}, javascriptEnabled: true, networkConnectionEnabled: false, pageLoadStrategy: normal, platform: MAC, platformName: MAC, proxy: Proxy(), setWindowRect: true, strictFileInteractability: false, timeouts: {implicit: 0, pageLoad: 300000, script: 30000}, unhandledPromptBehavior: dismiss and notify, webauthn:extension:credBlob: true, webauthn:extension:largeBlob: true, webauthn:virtualAuthenticators: true}&#10;Session ID: 1acf244507ecb0432d07d408f2bec86c" type="org.openqa.selenium.TimeoutException">org.openqa.selenium.TimeoutException: 
Expected condition failed: waiting for alert to be present (tried for 15 second(s) with 500 milliseconds interval)
Build info: version: '3.141.59', revision: 'e82be7d358', time: '2018-11-14T08:17:03'
System info: host: 'maurices-MBP', ip: '2600:4040:a621:a700:4190:db6a:d12:8139%en0', os.name: 'Mac OS X', os.arch: 'x86_64', os.version: '12.4', java.version: '1.8.0_333'
Driver info: org.openqa.selenium.chrome.ChromeDriver
Capabilities {acceptInsecureCerts: false, browserName: chrome, browserVersion: 103.0.5060.53, chrome: {chromedriverVersion: 103.0.5060.53 (a1711811edd7..., userDataDir: /var/folders/8r/c6ng1t951kn...}, goog:chromeOptions: {debuggerAddress: localhost:50564}, javascriptEnabled: true, networkConnectionEnabled: false, pageLoadStrategy: normal, platform: MAC, platformName: MAC, proxy: Proxy(), setWindowRect: true, strictFileInteractability: false, timeouts: {implicit: 0, pageLoad: 300000, script: 30000}, unhandledPromptBehavior: dismiss and notify, webauthn:extension:credBlob: true, webauthn:extension:largeBlob: true, webauthn:virtualAuthenticators: true}
Session ID: 1acf244507ecb0432d07d408f2bec86c
</error>
    <system-out><![CDATA[
Scenario: As a manager I want be able to deny reimbursement requests (POSITIVE) &amp#27;[90m# features/ManagerDeny.feature:3&amp#27;[0m
  &amp#27;[32mGiven &amp#27;[0m&amp#27;[32mthe manager is on their personal manager homepage&amp#27;[0m                       &amp#27;[90m# com.automation.steps.ManagerCommonSteps.the_manager_is_on_their_personal_manager_homepage()&amp#27;[0m
  &amp#27;[32mWhen &amp#27;[0m&amp#27;[32mthe manager inputs a pending reimbursement request ID number&amp#27;[0m             &amp#27;[90m# com.automation.steps.ManagerCommonSteps.the_manager_inputs_a_pending_reimbursement_request_ID_number()&amp#27;[0m
  &amp#27;[32mWhen &amp#27;[0m&amp#27;[32mthe manager inputs a reason description&amp#27;[0m                                  &amp#27;[90m# com.automation.steps.ManagerCommonSteps.the_manager_inputs_a_reason_description()&amp#27;[0m
  &amp#27;[32mWhen &amp#27;[0m&amp#27;[32mthe manager selects deny&amp#27;[0m                                                 &amp#27;[90m# com.automation.steps.ManagerRequestSteps.the_manager_selects_deny()&amp#27;[0m
  &amp#27;[31mWhen &amp#27;[0m&amp#27;[31mthe manager clicks submit&amp#27;[0m                                                &amp#27;[90m# com.automation.steps.ManagerCommonSteps.the_manager_clicks_submit()&amp#27;[0m
      &amp#27;[31morg.openqa.selenium.TimeoutException: Expected condition failed: waiting for alert to be present (tried for 15 second(s) with 500 milliseconds interval)
Build info: version: '3.141.59', revision: 'e82be7d358', time: '2018-11-14T08:17:03'
System info: host: 'maurices-MBP', ip: '2600:4040:a621:a700:4190:db6a:d12:8139%en0', os.name: 'Mac OS X', os.arch: 'x86_64', os.version: '12.4', java.version: '1.8.0_333'
Driver info: org.openqa.selenium.chrome.ChromeDriver
Capabilities {acceptInsecureCerts: false, browserName: chrome, browserVersion: 103.0.5060.53, chrome: {chromedriverVersion: 103.0.5060.53 (a1711811edd7..., userDataDir: /var/folders/8r/c6ng1t951kn...}, goog:chromeOptions: {debuggerAddress: localhost:50564}, javascriptEnabled: true, networkConnectionEnabled: false, pageLoadStrategy: normal, platform: MAC, platformName: MAC, proxy: Proxy(), setWindowRect: true, strictFileInteractability: false, timeouts: {implicit: 0, pageLoad: 300000, script: 30000}, unhandledPromptBehavior: dismiss and notify, webauthn:extension:credBlob: true, webauthn:extension:largeBlob: true, webauthn:virtualAuthenticators: true}
Session ID: 1acf244507ecb0432d07d408f2bec86c
	at org.openqa.selenium.support.ui.WebDriverWait.timeoutException(WebDriverWait.java:95)
	at org.openqa.selenium.support.ui.FluentWait.until(FluentWait.java:272)
	at com.automation.poms.ManagerCommon.submitDecision(ManagerCommon.java:61)
	at com.automation.steps.ManagerCommonSteps.the_manager_clicks_submit(ManagerCommonSteps.java:40)
	at ✽.the manager clicks submit(classpath:features/ManagerDeny.feature:9)
&amp#27;[0m
  &amp#27;[36mThen &amp#27;[0m&amp#27;[36mthe reimbursement request status should change from pending to denied&amp#27;[0m    &amp#27;[90m# com.automation.steps.ManagerRequestSteps.the_reimbursement_request_status_should_change_from_pending_to_denied()&amp#27;[0m
]]></system-out>
  </testcase>
  <testcase name="As a manager, I want to add a reimbursement request reason description so I can tell my employee why I approved or denied their request (POSITIVE)" classname="Managers of our reimbursement application should add a 500 character maximum reimbursement request reason description" time="15.929">
    <error message="Expected condition failed: waiting for alert to be present (tried for 15 second(s) with 500 milliseconds interval)&#10;Build info: version: &apos;3.141.59&apos;, revision: &apos;e82be7d358&apos;, time: &apos;2018-11-14T08:17:03&apos;&#10;System info: host: &apos;maurices-MBP&apos;, ip: &apos;2600:4040:a621:a700:4190:db6a:d12:8139%en0&apos;, os.name: &apos;Mac OS X&apos;, os.arch: &apos;x86_64&apos;, os.version: &apos;12.4&apos;, java.version: &apos;1.8.0_333&apos;&#10;Driver info: org.openqa.selenium.chrome.ChromeDriver&#10;Capabilities {acceptInsecureCerts: false, browserName: chrome, browserVersion: 103.0.5060.53, chrome: {chromedriverVersion: 103.0.5060.53 (a1711811edd7..., userDataDir: /var/folders/8r/c6ng1t951kn...}, goog:chromeOptions: {debuggerAddress: localhost:50564}, javascriptEnabled: true, networkConnectionEnabled: false, pageLoadStrategy: normal, platform: MAC, platformName: MAC, proxy: Proxy(), setWindowRect: true, strictFileInteractability: false, timeouts: {implicit: 0, pageLoad: 300000, script: 30000}, unhandledPromptBehavior: dismiss and notify, webauthn:extension:credBlob: true, webauthn:extension:largeBlob: true, webauthn:virtualAuthenticators: true}&#10;Session ID: 1acf244507ecb0432d07d408f2bec86c" type="org.openqa.selenium.TimeoutException">org.openqa.selenium.TimeoutException: 
Expected condition failed: waiting for alert to be present (tried for 15 second(s) with 500 milliseconds interval)
Build info: version: '3.141.59', revision: 'e82be7d358', time: '2018-11-14T08:17:03'
System info: host: 'maurices-MBP', ip: '2600:4040:a621:a700:4190:db6a:d12:8139%en0', os.name: 'Mac OS X', os.arch: 'x86_64', os.version: '12.4', java.version: '1.8.0_333'
Driver info: org.openqa.selenium.chrome.ChromeDriver
Capabilities {acceptInsecureCerts: false, browserName: chrome, browserVersion: 103.0.5060.53, chrome: {chromedriverVersion: 103.0.5060.53 (a1711811edd7..., userDataDir: /var/folders/8r/c6ng1t951kn...}, goog:chromeOptions: {debuggerAddress: localhost:50564}, javascriptEnabled: true, networkConnectionEnabled: false, pageLoadStrategy: normal, platform: MAC, platformName: MAC, proxy: Proxy(), setWindowRect: true, strictFileInteractability: false, timeouts: {implicit: 0, pageLoad: 300000, script: 30000}, unhandledPromptBehavior: dismiss and notify, webauthn:extension:credBlob: true, webauthn:extension:largeBlob: true, webauthn:virtualAuthenticators: true}
Session ID: 1acf244507ecb0432d07d408f2bec86c
</error>
    <system-out><![CDATA[
Scenario: As a manager, I want to add a reimbursement request reason description so I can tell my employee why I approved or denied their request (POSITIVE) &amp#27;[90m# features/ManagerDesc.feature:3&amp#27;[0m
  &amp#27;[32mGiven &amp#27;[0m&amp#27;[32mthe manager is on their personal manager homepage&amp#27;[0m                                                                                                    &amp#27;[90m# com.automation.steps.ManagerCommonSteps.the_manager_is_on_their_personal_manager_homepage()&amp#27;[0m
  &amp#27;[32mWhen &amp#27;[0m&amp#27;[32mthe manager inputs a pending reimbursement request ID number&amp#27;[0m                                                                                          &amp#27;[90m# com.automation.steps.ManagerCommonSteps.the_manager_inputs_a_pending_reimbursement_request_ID_number()&amp#27;[0m
  &amp#27;[32mWhen &amp#27;[0m&amp#27;[32mthe manager inputs in a 500 character maximum reimbursement request reason description&amp#27;[0m                                                                &amp#27;[90m# com.automation.steps.ManagerRequestSteps.the_manager_inputs_in_a_500_character_maximum_reimbursement_request_reason_description()&amp#27;[0m
  &amp#27;[32mWhen &amp#27;[0m&amp#27;[32mthe manager selects approve&amp#27;[0m                                                                                                                           &amp#27;[90m# com.automation.steps.ManagerCommonSteps.the_manager_selects_approve()&amp#27;[0m
  &amp#27;[31mWhen &amp#27;[0m&amp#27;[31mthe manager clicks submit&amp#27;[0m                                                                                                                             &amp#27;[90m# com.automation.steps.ManagerCommonSteps.the_manager_clicks_submit()&amp#27;[0m
      &amp#27;[31morg.openqa.selenium.TimeoutException: Expected condition failed: waiting for alert to be present (tried for 15 second(s) with 500 milliseconds interval)
Build info: version: '3.141.59', revision: 'e82be7d358', time: '2018-11-14T08:17:03'
System info: host: 'maurices-MBP', ip: '2600:4040:a621:a700:4190:db6a:d12:8139%en0', os.name: 'Mac OS X', os.arch: 'x86_64', os.version: '12.4', java.version: '1.8.0_333'
Driver info: org.openqa.selenium.chrome.ChromeDriver
Capabilities {acceptInsecureCerts: false, browserName: chrome, browserVersion: 103.0.5060.53, chrome: {chromedriverVersion: 103.0.5060.53 (a1711811edd7..., userDataDir: /var/folders/8r/c6ng1t951kn...}, goog:chromeOptions: {debuggerAddress: localhost:50564}, javascriptEnabled: true, networkConnectionEnabled: false, pageLoadStrategy: normal, platform: MAC, platformName: MAC, proxy: Proxy(), setWindowRect: true, strictFileInteractability: false, timeouts: {implicit: 0, pageLoad: 300000, script: 30000}, unhandledPromptBehavior: dismiss and notify, webauthn:extension:credBlob: true, webauthn:extension:largeBlob: true, webauthn:virtualAuthenticators: true}
Session ID: 1acf244507ecb0432d07d408f2bec86c
	at org.openqa.selenium.support.ui.WebDriverWait.timeoutException(WebDriverWait.java:95)
	at org.openqa.selenium.support.ui.FluentWait.until(FluentWait.java:272)
	at com.automation.poms.ManagerCommon.submitDecision(ManagerCommon.java:61)
	at com.automation.steps.ManagerCommonSteps.the_manager_clicks_submit(ManagerCommonSteps.java:40)
	at ✽.the manager clicks submit(classpath:features/ManagerDesc.feature:9)
&amp#27;[0m
  &amp#27;[36mThen &amp#27;[0m&amp#27;[36mthe reimbursement request status should change from pending to approved&amp#27;[0m                                                                               &amp#27;[90m# com.automation.steps.ManagerRequestSteps.the_reimbursement_request_status_should_change_from_pending_to_approved()&amp#27;[0m
]]></system-out>
  </testcase>
  <testcase name="As a manager I want to login in so I can view my custom homepage (POSITIVE)" classname="Managers of our reimbursement application should be able to log in to their personal manager homepage" time="5.853">
    <error message="Expected condition failed: waiting for title to be &quot;Manager Page&quot;. Current title: &quot;Login Page&quot; (tried for 5 second(s) with 500 milliseconds interval)&#10;Build info: version: &apos;3.141.59&apos;, revision: &apos;e82be7d358&apos;, time: &apos;2018-11-14T08:17:03&apos;&#10;System info: host: &apos;maurices-MBP&apos;, ip: &apos;2600:4040:a621:a700:4190:db6a:d12:8139%en0&apos;, os.name: &apos;Mac OS X&apos;, os.arch: &apos;x86_64&apos;, os.version: &apos;12.4&apos;, java.version: &apos;1.8.0_333&apos;&#10;Driver info: org.openqa.selenium.chrome.ChromeDriver&#10;Capabilities {acceptInsecureCerts: false, browserName: chrome, browserVersion: 103.0.5060.53, chrome: {chromedriverVersion: 103.0.5060.53 (a1711811edd7..., userDataDir: /var/folders/8r/c6ng1t951kn...}, goog:chromeOptions: {debuggerAddress: localhost:50564}, javascriptEnabled: true, networkConnectionEnabled: false, pageLoadStrategy: normal, platform: MAC, platformName: MAC, proxy: Proxy(), setWindowRect: true, strictFileInteractability: false, timeouts: {implicit: 0, pageLoad: 300000, script: 30000}, unhandledPromptBehavior: dismiss and notify, webauthn:extension:credBlob: true, webauthn:extension:largeBlob: true, webauthn:virtualAuthenticators: true}&#10;Session ID: 1acf244507ecb0432d07d408f2bec86c" type="org.openqa.selenium.TimeoutException">org.openqa.selenium.TimeoutException: 
Expected condition failed: waiting for title to be "Manager Page". Current title: "Login Page" (tried for 5 second(s) with 500 milliseconds interval)
Build info: version: '3.141.59', revision: 'e82be7d358', time: '2018-11-14T08:17:03'
System info: host: 'maurices-MBP', ip: '2600:4040:a621:a700:4190:db6a:d12:8139%en0', os.name: 'Mac OS X', os.arch: 'x86_64', os.version: '12.4', java.version: '1.8.0_333'
Driver info: org.openqa.selenium.chrome.ChromeDriver
Capabilities {acceptInsecureCerts: false, browserName: chrome, browserVersion: 103.0.5060.53, chrome: {chromedriverVersion: 103.0.5060.53 (a1711811edd7..., userDataDir: /var/folders/8r/c6ng1t951kn...}, goog:chromeOptions: {debuggerAddress: localhost:50564}, javascriptEnabled: true, networkConnectionEnabled: false, pageLoadStrategy: normal, platform: MAC, platformName: MAC, proxy: Proxy(), setWindowRect: true, strictFileInteractability: false, timeouts: {implicit: 0, pageLoad: 300000, script: 30000}, unhandledPromptBehavior: dismiss and notify, webauthn:extension:credBlob: true, webauthn:extension:largeBlob: true, webauthn:virtualAuthenticators: true}
Session ID: 1acf244507ecb0432d07d408f2bec86c
</error>
    <system-out><![CDATA[
Scenario: As a manager I want to login in so I can view my custom homepage (POSITIVE) &amp#27;[90m# features/ManagerLogin.feature:3&amp#27;[0m
  &amp#27;[32mGiven &amp#27;[0m&amp#27;[32mthe manager is on the login page&amp#27;[0m                                              &amp#27;[90m# com.automation.steps.ManagerLoginSteps.the_manager_is_on_the_login_page()&amp#27;[0m
  &amp#27;[32mWhen &amp#27;[0m&amp#27;[32mthe manager enters their correct username&amp#27;[0m                                      &amp#27;[90m# com.automation.steps.ManagerLoginSteps.the_manager_enters_their_correct_username()&amp#27;[0m
  &amp#27;[32mWhen &amp#27;[0m&amp#27;[32mthe manager enters their correct password&amp#27;[0m                                      &amp#27;[90m# com.automation.steps.ManagerLoginSteps.the_manager_enters_their_correct_password()&amp#27;[0m
  &amp#27;[32mWhen &amp#27;[0m&amp#27;[32mthe manager clicks the login button&amp#27;[0m                                            &amp#27;[90m# com.automation.steps.ManagerLoginSteps.the_manager_clicks_the_login_button()&amp#27;[0m
  &amp#27;[31mThen &amp#27;[0m&amp#27;[31mthe manager should be logged in to their manager home page&amp#27;[0m                     &amp#27;[90m# com.automation.steps.ManagerLoginSteps.the_manager_should_be_logged_in_to_their_manager_home_page()&amp#27;[0m
      &amp#27;[31morg.openqa.selenium.TimeoutException: Expected condition failed: waiting for title to be "Manager Page". Current title: "Login Page" (tried for 5 second(s) with 500 milliseconds interval)
Build info: version: '3.141.59', revision: 'e82be7d358', time: '2018-11-14T08:17:03'
System info: host: 'maurices-MBP', ip: '2600:4040:a621:a700:4190:db6a:d12:8139%en0', os.name: 'Mac OS X', os.arch: 'x86_64', os.version: '12.4', java.version: '1.8.0_333'
Driver info: org.openqa.selenium.chrome.ChromeDriver
Capabilities {acceptInsecureCerts: false, browserName: chrome, browserVersion: 103.0.5060.53, chrome: {chromedriverVersion: 103.0.5060.53 (a1711811edd7..., userDataDir: /var/folders/8r/c6ng1t951kn...}, goog:chromeOptions: {debuggerAddress: localhost:50564}, javascriptEnabled: true, networkConnectionEnabled: false, pageLoadStrategy: normal, platform: MAC, platformName: MAC, proxy: Proxy(), setWindowRect: true, strictFileInteractability: false, timeouts: {implicit: 0, pageLoad: 300000, script: 30000}, unhandledPromptBehavior: dismiss and notify, webauthn:extension:credBlob: true, webauthn:extension:largeBlob: true, webauthn:virtualAuthenticators: true}
Session ID: 1acf244507ecb0432d07d408f2bec86c
	at org.openqa.selenium.support.ui.WebDriverWait.timeoutException(WebDriverWait.java:95)
	at org.openqa.selenium.support.ui.FluentWait.until(FluentWait.java:272)
	at com.automation.steps.ManagerLoginSteps.the_manager_should_be_logged_in_to_their_manager_home_page(ManagerLoginSteps.java:36)
	at ✽.the manager should be logged in to their manager home page(classpath:features/ManagerLogin.feature:9)
&amp#27;[0m
]]></system-out>
  </testcase>
  <testcase name="As a manager, I want to sign out so I can prevent others from accessing my information" classname="Managers of our reimbursement application should be able to logout of their homepage" time="0.902"/>
</testsuite>